{"C:\\Users\\Akira\\Desktop\\work\\virusbooking\\frontend\\src\\plugins\\axios.js": {"path":"C:\\Users\\Akira\\Desktop\\work\\virusbooking\\frontend\\src\\plugins\\axios.js","statementMap":{"0":{"start":{"line":5,"column":17},"end":{"line":7,"column":2}},"1":{"start":{"line":9,"column":0},"end":{"line":21,"column":1}},"2":{"start":{"line":11,"column":4},"end":{"line":11,"column":21}},"3":{"start":{"line":12,"column":18},"end":{"line":12,"column":47}},"4":{"start":{"line":13,"column":4},"end":{"line":15,"column":5}},"5":{"start":{"line":14,"column":6},"end":{"line":14,"column":45}},"6":{"start":{"line":16,"column":4},"end":{"line":16,"column":17}},"7":{"start":{"line":19,"column":4},"end":{"line":19,"column":32}},"8":{"start":{"line":24,"column":0},"end":{"line":40,"column":1}},"9":{"start":{"line":26,"column":4},"end":{"line":26,"column":20}},"10":{"start":{"line":27,"column":4},"end":{"line":27,"column":19}},"11":{"start":{"line":30,"column":4},"end":{"line":30,"column":20}},"12":{"start":{"line":31,"column":4},"end":{"line":31,"column":32}},"13":{"start":{"line":32,"column":4},"end":{"line":32,"column":31}},"14":{"start":{"line":33,"column":4},"end":{"line":37,"column":5}},"15":{"start":{"line":34,"column":6},"end":{"line":34,"column":33}},"16":{"start":{"line":35,"column":6},"end":{"line":35,"column":38}},"17":{"start":{"line":36,"column":6},"end":{"line":36,"column":28}},"18":{"start":{"line":38,"column":4},"end":{"line":38,"column":32}}},"fnMap":{"0":{"name":"(anonymous_0)","decl":{"start":{"line":10,"column":2},"end":{"line":10,"column":3}},"loc":{"start":{"line":10,"column":20},"end":{"line":17,"column":3}},"line":10},"1":{"name":"(anonymous_1)","decl":{"start":{"line":18,"column":2},"end":{"line":18,"column":3}},"loc":{"start":{"line":18,"column":19},"end":{"line":20,"column":3}},"line":18},"2":{"name":"(anonymous_2)","decl":{"start":{"line":25,"column":2},"end":{"line":25,"column":3}},"loc":{"start":{"line":25,"column":22},"end":{"line":28,"column":3}},"line":25},"3":{"name":"(anonymous_3)","decl":{"start":{"line":29,"column":2},"end":{"line":29,"column":3}},"loc":{"start":{"line":29,"column":19},"end":{"line":39,"column":3}},"line":29}},"branchMap":{"0":{"loc":{"start":{"line":13,"column":4},"end":{"line":15,"column":5}},"type":"if","locations":[{"start":{"line":13,"column":4},"end":{"line":15,"column":5}},{"start":{},"end":{}}],"line":13},"1":{"loc":{"start":{"line":33,"column":4},"end":{"line":37,"column":5}},"type":"if","locations":[{"start":{"line":33,"column":4},"end":{"line":37,"column":5}},{"start":{},"end":{}}],"line":33}},"s":{"0":1,"1":1,"2":0,"3":0,"4":0,"5":0,"6":0,"7":0,"8":1,"9":0,"10":0,"11":0,"12":0,"13":0,"14":0,"15":0,"16":0,"17":0,"18":0},"f":{"0":0,"1":0,"2":0,"3":0},"b":{"0":[0,0],"1":[0,0]},"_coverageSchema":"1a1c01bbd47fc00a2c39e90264f33305004495a9","hash":"736a66109db69bf63077b1dfba39d86afd627e54"}
,"C:\\Users\\Akira\\Desktop\\work\\virusbooking\\frontend\\src\\router\\index.js": {"path":"C:\\Users\\Akira\\Desktop\\work\\virusbooking\\frontend\\src\\router\\index.js","statementMap":{"0":{"start":{"line":4,"column":15},"end":{"line":81,"column":1}},"1":{"start":{"line":8,"column":21},"end":{"line":8,"column":48}},"2":{"start":{"line":14,"column":21},"end":{"line":14,"column":50}},"3":{"start":{"line":20,"column":21},"end":{"line":20,"column":50}},"4":{"start":{"line":26,"column":21},"end":{"line":26,"column":51}},"5":{"start":{"line":31,"column":21},"end":{"line":31,"column":52}},"6":{"start":{"line":37,"column":21},"end":{"line":37,"column":47}},"7":{"start":{"line":43,"column":21},"end":{"line":43,"column":58}},"8":{"start":{"line":49,"column":21},"end":{"line":49,"column":54}},"9":{"start":{"line":55,"column":21},"end":{"line":55,"column":51}},"10":{"start":{"line":61,"column":21},"end":{"line":61,"column":58}},"11":{"start":{"line":67,"column":21},"end":{"line":67,"column":48}},"12":{"start":{"line":73,"column":21},"end":{"line":73,"column":53}},"13":{"start":{"line":79,"column":21},"end":{"line":79,"column":58}},"14":{"start":{"line":83,"column":15},"end":{"line":86,"column":2}},"15":{"start":{"line":88,"column":0},"end":{"line":105,"column":2}},"16":{"start":{"line":89,"column":21},"end":{"line":89,"column":52}},"17":{"start":{"line":91,"column":2},"end":{"line":99,"column":3}},"18":{"start":{"line":92,"column":4},"end":{"line":96,"column":6}},"19":{"start":{"line":97,"column":4},"end":{"line":97,"column":29}},"20":{"start":{"line":98,"column":4},"end":{"line":98,"column":10}},"21":{"start":{"line":100,"column":2},"end":{"line":103,"column":3}},"22":{"start":{"line":101,"column":4},"end":{"line":101,"column":23}},"23":{"start":{"line":102,"column":4},"end":{"line":102,"column":10}},"24":{"start":{"line":104,"column":2},"end":{"line":104,"column":8}}},"fnMap":{"0":{"name":"(anonymous_0)","decl":{"start":{"line":8,"column":15},"end":{"line":8,"column":16}},"loc":{"start":{"line":8,"column":21},"end":{"line":8,"column":48}},"line":8},"1":{"name":"(anonymous_1)","decl":{"start":{"line":14,"column":15},"end":{"line":14,"column":16}},"loc":{"start":{"line":14,"column":21},"end":{"line":14,"column":50}},"line":14},"2":{"name":"(anonymous_2)","decl":{"start":{"line":20,"column":15},"end":{"line":20,"column":16}},"loc":{"start":{"line":20,"column":21},"end":{"line":20,"column":50}},"line":20},"3":{"name":"(anonymous_3)","decl":{"start":{"line":26,"column":15},"end":{"line":26,"column":16}},"loc":{"start":{"line":26,"column":21},"end":{"line":26,"column":51}},"line":26},"4":{"name":"(anonymous_4)","decl":{"start":{"line":31,"column":15},"end":{"line":31,"column":16}},"loc":{"start":{"line":31,"column":21},"end":{"line":31,"column":52}},"line":31},"5":{"name":"(anonymous_5)","decl":{"start":{"line":37,"column":15},"end":{"line":37,"column":16}},"loc":{"start":{"line":37,"column":21},"end":{"line":37,"column":47}},"line":37},"6":{"name":"(anonymous_6)","decl":{"start":{"line":43,"column":15},"end":{"line":43,"column":16}},"loc":{"start":{"line":43,"column":21},"end":{"line":43,"column":58}},"line":43},"7":{"name":"(anonymous_7)","decl":{"start":{"line":49,"column":15},"end":{"line":49,"column":16}},"loc":{"start":{"line":49,"column":21},"end":{"line":49,"column":54}},"line":49},"8":{"name":"(anonymous_8)","decl":{"start":{"line":55,"column":15},"end":{"line":55,"column":16}},"loc":{"start":{"line":55,"column":21},"end":{"line":55,"column":51}},"line":55},"9":{"name":"(anonymous_9)","decl":{"start":{"line":61,"column":15},"end":{"line":61,"column":16}},"loc":{"start":{"line":61,"column":21},"end":{"line":61,"column":58}},"line":61},"10":{"name":"(anonymous_10)","decl":{"start":{"line":67,"column":15},"end":{"line":67,"column":16}},"loc":{"start":{"line":67,"column":21},"end":{"line":67,"column":48}},"line":67},"11":{"name":"(anonymous_11)","decl":{"start":{"line":73,"column":15},"end":{"line":73,"column":16}},"loc":{"start":{"line":73,"column":21},"end":{"line":73,"column":53}},"line":73},"12":{"name":"(anonymous_12)","decl":{"start":{"line":79,"column":15},"end":{"line":79,"column":16}},"loc":{"start":{"line":79,"column":21},"end":{"line":79,"column":58}},"line":79},"13":{"name":"(anonymous_13)","decl":{"start":{"line":88,"column":18},"end":{"line":88,"column":19}},"loc":{"start":{"line":88,"column":38},"end":{"line":105,"column":1}},"line":88}},"branchMap":{"0":{"loc":{"start":{"line":91,"column":2},"end":{"line":99,"column":3}},"type":"if","locations":[{"start":{"line":91,"column":2},"end":{"line":99,"column":3}},{"start":{},"end":{}}],"line":91},"1":{"loc":{"start":{"line":91,"column":6},"end":{"line":91,"column":34}},"type":"binary-expr","locations":[{"start":{"line":91,"column":6},"end":{"line":91,"column":19}},{"start":{"line":91,"column":23},"end":{"line":91,"column":34}}],"line":91},"2":{"loc":{"start":{"line":100,"column":2},"end":{"line":103,"column":3}},"type":"if","locations":[{"start":{"line":100,"column":2},"end":{"line":103,"column":3}},{"start":{},"end":{}}],"line":100},"3":{"loc":{"start":{"line":100,"column":6},"end":{"line":100,"column":33}},"type":"binary-expr","locations":[{"start":{"line":100,"column":6},"end":{"line":100,"column":19}},{"start":{"line":100,"column":23},"end":{"line":100,"column":33}}],"line":100}},"s":{"0":1,"1":0,"2":0,"3":0,"4":0,"5":0,"6":0,"7":0,"8":0,"9":0,"10":0,"11":0,"12":0,"13":0,"14":1,"15":1,"16":0,"17":0,"18":0,"19":0,"20":0,"21":0,"22":0,"23":0,"24":0},"f":{"0":0,"1":0,"2":0,"3":0,"4":0,"5":0,"6":0,"7":0,"8":0,"9":0,"10":0,"11":0,"12":0,"13":0},"b":{"0":[0,0],"1":[0,0],"2":[0,0],"3":[0,0]},"_coverageSchema":"1a1c01bbd47fc00a2c39e90264f33305004495a9","hash":"6f70cb4039e6ca129970671108ba778d5c884398"}
,"C:\\Users\\Akira\\Desktop\\work\\virusbooking\\frontend\\src\\views\\Findbeds.vue": {"path":"C:\\Users\\Akira\\Desktop\\work\\virusbooking\\frontend\\src\\views\\Findbeds.vue","statementMap":{"0":{"start":{"line":142,"column":16},"end":{"line":142,"column":null}},"1":{"start":{"line":146,"column":10},"end":{"line":146,"column":18}}},"fnMap":{},"branchMap":{},"s":{"0":1,"1":1},"f":{},"b":{}}
}
