TN:
SF:src\plugins\axios.js
FN:10,(anonymous_0)
FN:18,(anonymous_1)
FN:25,(anonymous_2)
FN:29,(anonymous_3)
FNF:4
FNH:0
FNDA:0,(anonymous_0)
FNDA:0,(anonymous_1)
FNDA:0,(anonymous_2)
FNDA:0,(anonymous_3)
DA:5,1
DA:9,1
DA:11,0
DA:12,0
DA:13,0
DA:14,0
DA:16,0
DA:19,0
DA:24,1
DA:26,0
DA:27,0
DA:30,0
DA:31,0
DA:32,0
DA:33,0
DA:34,0
DA:35,0
DA:36,0
DA:38,0
LF:19
LH:3
BRDA:13,0,0,0
BRDA:13,0,1,0
BRDA:33,1,0,0
BRDA:33,1,1,0
BRF:4
BRH:0
end_of_record
TN:
SF:src\router\index.js
FN:8,(anonymous_0)
FN:14,(anonymous_1)
FN:20,(anonymous_2)
FN:26,(anonymous_3)
FN:31,(anonymous_4)
FN:37,(anonymous_5)
FN:43,(anonymous_6)
FN:49,(anonymous_7)
FN:55,(anonymous_8)
FN:61,(anonymous_9)
FN:67,(anonymous_10)
FN:73,(anonymous_11)
FN:79,(anonymous_12)
FN:88,(anonymous_13)
FNF:14
FNH:0
FNDA:0,(anonymous_0)
FNDA:0,(anonymous_1)
FNDA:0,(anonymous_2)
FNDA:0,(anonymous_3)
FNDA:0,(anonymous_4)
FNDA:0,(anonymous_5)
FNDA:0,(anonymous_6)
FNDA:0,(anonymous_7)
FNDA:0,(anonymous_8)
FNDA:0,(anonymous_9)
FNDA:0,(anonymous_10)
FNDA:0,(anonymous_11)
FNDA:0,(anonymous_12)
FNDA:0,(anonymous_13)
DA:4,1
DA:8,0
DA:14,0
DA:20,0
DA:26,0
DA:31,0
DA:37,0
DA:43,0
DA:49,0
DA:55,0
DA:61,0
DA:67,0
DA:73,0
DA:79,0
DA:83,1
DA:88,1
DA:89,0
DA:91,0
DA:92,0
DA:97,0
DA:98,0
DA:100,0
DA:101,0
DA:102,0
DA:104,0
LF:25
LH:3
BRDA:91,0,0,0
BRDA:91,0,1,0
BRDA:91,1,0,0
BRDA:91,1,1,0
BRDA:100,2,0,0
BRDA:100,2,1,0
BRDA:100,3,0,0
BRDA:100,3,1,0
BRF:8
BRH:0
end_of_record
TN:
SF:src\views\Findbeds.vue
FNF:0
FNH:0
DA:142,1
DA:146,1
LF:2
LH:2
BRF:0
BRH:0
end_of_record
TN:
SF:tests\unit\dateConverter.js
FN:2,dateConverter
FNF:1
FNH:1
FNDA:95,dateConverter
DA:3,95
DA:4,95
LF:2
LH:2
BRF:0
BRH:0
end_of_record
TN:
SF:tests\unit\deg2rad.js
FN:1,deg2rad
FNF:1
FNH:1
FNDA:20,deg2rad
DA:2,20
LF:1
LH:1
BRF:0
BRH:0
end_of_record
TN:
SF:tests\unit\getDistanceFromLatLonInKm.js
FN:2,getDistanceFromLatLonInKm
FNF:1
FNH:1
FNDA:4,getDistanceFromLatLonInKm
DA:3,4
DA:4,4
DA:5,4
DA:7,4
DA:12,4
DA:13,4
DA:14,4
LF:7
LH:7
BRF:0
BRH:0
end_of_record
