{"C:\\Users\\Akira\\Desktop\\work\\virusbooking\\backend\\build\\main.js":{"path":"C:\\Users\\Akira\\Desktop\\work\\virusbooking\\backend\\build\\main.js","statementMap":{"0":{"start":{"line":1,"column":0},"end":{"line":1,"column":21141}},"1":{"start":{"line":1,"column":72},"end":{"line":1,"column":74}},"2":{"start":{"line":1,"column":89},"end":{"line":1,"column":117}},"3":{"start":{"line":1,"column":97},"end":{"line":1,"column":117}},"4":{"start":{"line":1,"column":123},"end":{"line":1,"column":149}},"5":{"start":{"line":1,"column":150},"end":{"line":1,"column":208}},"6":{"start":{"line":1,"column":209},"end":{"line":1,"column":971}},"7":{"start":{"line":1,"column":248},"end":{"line":1,"column":306}},"8":{"start":{"line":1,"column":324},"end":{"line":1,"column":481}},"9":{"start":{"line":1,"column":501},"end":{"line":1,"column":531}},"10":{"start":{"line":1,"column":522},"end":{"line":1,"column":531}},"11":{"start":{"line":1,"column":531},"end":{"line":1,"column":584}},"12":{"start":{"line":1,"column":575},"end":{"line":1,"column":584}},"13":{"start":{"line":1,"column":590},"end":{"line":1,"column":609}},"14":{"start":{"line":1,"column":610},"end":{"line":1,"column":765}},"15":{"start":{"line":1,"column":703},"end":{"line":1,"column":765}},"16":{"start":{"line":1,"column":718},"end":{"line":1,"column":765}},"17":{"start":{"line":1,"column":738},"end":{"line":1,"column":749}},"18":{"start":{"line":1,"column":765},"end":{"line":1,"column":773}},"19":{"start":{"line":1,"column":797},"end":{"line":1,"column":862}},"20":{"start":{"line":1,"column":824},"end":{"line":1,"column":840}},"21":{"start":{"line":1,"column":853},"end":{"line":1,"column":861}},"22":{"start":{"line":1,"column":863},"end":{"line":1,"column":884}},"23":{"start":{"line":1,"column":904},"end":{"line":1,"column":952}},"24":{"start":{"line":1,"column":998},"end":{"line":1,"column":1003}},"25":{"start":{"line":1,"column":1004},"end":{"line":1,"column":1018}},"26":{"start":{"line":1,"column":1069},"end":{"line":1,"column":1080}},"27":{"start":{"line":1,"column":1083},"end":{"line":1,"column":1188}},"28":{"start":{"line":1,"column":1189},"end":{"line":1,"column":1200}},"29":{"start":{"line":1,"column":1216},"end":{"line":1,"column":1244}},"30":{"start":{"line":1,"column":1260},"end":{"line":1,"column":1284}},"31":{"start":{"line":1,"column":1319},"end":{"line":1,"column":1323}},"32":{"start":{"line":1,"column":1326},"end":{"line":1,"column":1330}},"33":{"start":{"line":1,"column":1333},"end":{"line":1,"column":1337}},"34":{"start":{"line":1,"column":1338},"end":{"line":1,"column":1343}},"35":{"start":{"line":1,"column":1343},"end":{"line":1,"column":1919}},"36":{"start":{"line":1,"column":1391},"end":{"line":1,"column":1430}},"37":{"start":{"line":1,"column":1431},"end":{"line":1,"column":1507}},"38":{"start":{"line":1,"column":1548},"end":{"line":1,"column":1571}},"39":{"start":{"line":1,"column":1572},"end":{"line":1,"column":1636}},"40":{"start":{"line":1,"column":1578},"end":{"line":1,"column":1636}},"41":{"start":{"line":1,"column":1645},"end":{"line":1,"column":1702}},"42":{"start":{"line":1,"column":1705},"end":{"line":1,"column":1709}},"43":{"start":{"line":1,"column":1710},"end":{"line":1,"column":1774}},"44":{"start":{"line":1,"column":1716},"end":{"line":1,"column":1774}},"45":{"start":{"line":1,"column":1785},"end":{"line":1,"column":1904}},"46":{"start":{"line":1,"column":1905},"end":{"line":1,"column":1917}},"47":{"start":{"line":1,"column":1935},"end":{"line":1,"column":1962}},"48":{"start":{"line":1,"column":1978},"end":{"line":1,"column":2007}},"49":{"start":{"line":1,"column":2023},"end":{"line":1,"column":2056}},"50":{"start":{"line":1,"column":2072},"end":{"line":1,"column":2099}},"51":{"start":{"line":1,"column":2115},"end":{"line":1,"column":2142}},"52":{"start":{"line":1,"column":2168},"end":{"line":1,"column":2172}},"53":{"start":{"line":1,"column":2173},"end":{"line":1,"column":6351}},"54":{"start":{"line":1,"column":2218},"end":{"line":1,"column":2241}},"55":{"start":{"line":1,"column":2242},"end":{"line":1,"column":2269}},"56":{"start":{"line":1,"column":2269},"end":{"line":1,"column":2496}},"57":{"start":{"line":1,"column":2282},"end":{"line":1,"column":2348}},"58":{"start":{"line":1,"column":2349},"end":{"line":1,"column":2413}},"59":{"start":{"line":1,"column":2423},"end":{"line":1,"column":2475}},"60":{"start":{"line":1,"column":2484},"end":{"line":1,"column":2495}},"61":{"start":{"line":1,"column":2533},"end":{"line":1,"column":2556}},"62":{"start":{"line":1,"column":2557},"end":{"line":1,"column":2584}},"63":{"start":{"line":1,"column":2584},"end":{"line":1,"column":2834}},"64":{"start":{"line":1,"column":2597},"end":{"line":1,"column":2686}},"65":{"start":{"line":1,"column":2687},"end":{"line":1,"column":2751}},"66":{"start":{"line":1,"column":2761},"end":{"line":1,"column":2813}},"67":{"start":{"line":1,"column":2822},"end":{"line":1,"column":2833}},"68":{"start":{"line":1,"column":2868},"end":{"line":1,"column":2891}},"69":{"start":{"line":1,"column":2892},"end":{"line":1,"column":2919}},"70":{"start":{"line":1,"column":2919},"end":{"line":1,"column":3257}},"71":{"start":{"line":1,"column":2932},"end":{"line":1,"column":2995}},"72":{"start":{"line":1,"column":2996},"end":{"line":1,"column":3174}},"73":{"start":{"line":1,"column":3184},"end":{"line":1,"column":3236}},"74":{"start":{"line":1,"column":3245},"end":{"line":1,"column":3256}},"75":{"start":{"line":1,"column":3302},"end":{"line":1,"column":3325}},"76":{"start":{"line":1,"column":3326},"end":{"line":1,"column":3353}},"77":{"start":{"line":1,"column":3353},"end":{"line":1,"column":3587}},"78":{"start":{"line":1,"column":3357},"end":{"line":1,"column":3504}},"79":{"start":{"line":1,"column":3514},"end":{"line":1,"column":3566}},"80":{"start":{"line":1,"column":3575},"end":{"line":1,"column":3586}},"81":{"start":{"line":1,"column":3627},"end":{"line":1,"column":3650}},"82":{"start":{"line":1,"column":3651},"end":{"line":1,"column":3678}},"83":{"start":{"line":1,"column":3678},"end":{"line":1,"column":3889}},"84":{"start":{"line":1,"column":3682},"end":{"line":1,"column":3806}},"85":{"start":{"line":1,"column":3816},"end":{"line":1,"column":3868}},"86":{"start":{"line":1,"column":3877},"end":{"line":1,"column":3888}},"87":{"start":{"line":1,"column":3926},"end":{"line":1,"column":3949}},"88":{"start":{"line":1,"column":3950},"end":{"line":1,"column":3977}},"89":{"start":{"line":1,"column":3977},"end":{"line":1,"column":4439}},"90":{"start":{"line":1,"column":3992},"end":{"line":1,"column":4292}},"91":{"start":{"line":1,"column":4293},"end":{"line":1,"column":4356}},"92":{"start":{"line":1,"column":4366},"end":{"line":1,"column":4418}},"93":{"start":{"line":1,"column":4427},"end":{"line":1,"column":4438}},"94":{"start":{"line":1,"column":4478},"end":{"line":1,"column":4501}},"95":{"start":{"line":1,"column":4502},"end":{"line":1,"column":4529}},"96":{"start":{"line":1,"column":4529},"end":{"line":1,"column":4739}},"97":{"start":{"line":1,"column":4533},"end":{"line":1,"column":4656}},"98":{"start":{"line":1,"column":4666},"end":{"line":1,"column":4718}},"99":{"start":{"line":1,"column":4727},"end":{"line":1,"column":4738}},"100":{"start":{"line":1,"column":4776},"end":{"line":1,"column":4799}},"101":{"start":{"line":1,"column":4800},"end":{"line":1,"column":4827}},"102":{"start":{"line":1,"column":4827},"end":{"line":1,"column":5339}},"103":{"start":{"line":1,"column":4840},"end":{"line":1,"column":5191}},"104":{"start":{"line":1,"column":5192},"end":{"line":1,"column":5256}},"105":{"start":{"line":1,"column":5266},"end":{"line":1,"column":5318}},"106":{"start":{"line":1,"column":5327},"end":{"line":1,"column":5338}},"107":{"start":{"line":1,"column":5378},"end":{"line":1,"column":5401}},"108":{"start":{"line":1,"column":5402},"end":{"line":1,"column":5429}},"109":{"start":{"line":1,"column":5429},"end":{"line":1,"column":5679}},"110":{"start":{"line":1,"column":5433},"end":{"line":1,"column":5596}},"111":{"start":{"line":1,"column":5606},"end":{"line":1,"column":5658}},"112":{"start":{"line":1,"column":5667},"end":{"line":1,"column":5678}},"113":{"start":{"line":1,"column":5713},"end":{"line":1,"column":5736}},"114":{"start":{"line":1,"column":5737},"end":{"line":1,"column":5764}},"115":{"start":{"line":1,"column":5764},"end":{"line":1,"column":5906}},"116":{"start":{"line":1,"column":5779},"end":{"line":1,"column":5831}},"117":{"start":{"line":1,"column":5832},"end":{"line":1,"column":5851}},"118":{"start":{"line":1,"column":5861},"end":{"line":1,"column":5885}},"119":{"start":{"line":1,"column":5894},"end":{"line":1,"column":5905}},"120":{"start":{"line":1,"column":5942},"end":{"line":1,"column":5965}},"121":{"start":{"line":1,"column":5966},"end":{"line":1,"column":5993}},"122":{"start":{"line":1,"column":5993},"end":{"line":1,"column":6139}},"123":{"start":{"line":1,"column":6008},"end":{"line":1,"column":6076}},"124":{"start":{"line":1,"column":6077},"end":{"line":1,"column":6096}},"125":{"start":{"line":1,"column":6106},"end":{"line":1,"column":6118}},"126":{"start":{"line":1,"column":6127},"end":{"line":1,"column":6138}},"127":{"start":{"line":1,"column":6178},"end":{"line":1,"column":6201}},"128":{"start":{"line":1,"column":6202},"end":{"line":1,"column":6229}},"129":{"start":{"line":1,"column":6229},"end":{"line":1,"column":6349}},"130":{"start":{"line":1,"column":6233},"end":{"line":1,"column":6306}},"131":{"start":{"line":1,"column":6316},"end":{"line":1,"column":6328}},"132":{"start":{"line":1,"column":6337},"end":{"line":1,"column":6348}},"133":{"start":{"line":1,"column":6369},"end":{"line":1,"column":6384}},"134":{"start":{"line":1,"column":6415},"end":{"line":1,"column":6436}},"135":{"start":{"line":1,"column":6436},"end":{"line":1,"column":6441}},"136":{"start":{"line":1,"column":6449},"end":{"line":1,"column":6453}},"137":{"start":{"line":1,"column":6456},"end":{"line":1,"column":6459}},"138":{"start":{"line":1,"column":6462},"end":{"line":1,"column":6467}},"139":{"start":{"line":1,"column":6479},"end":{"line":1,"column":6483}},"140":{"start":{"line":1,"column":6484},"end":{"line":1,"column":6581}},"141":{"start":{"line":1,"column":6589},"end":{"line":1,"column":6594}},"142":{"start":{"line":1,"column":6597},"end":{"line":1,"column":6602}},"143":{"start":{"line":1,"column":6605},"end":{"line":1,"column":6610}},"144":{"start":{"line":1,"column":6611},"end":{"line":1,"column":6659}},"145":{"start":{"line":1,"column":6667},"end":{"line":1,"column":6689}},"146":{"start":{"line":1,"column":6690},"end":{"line":1,"column":6787}},"147":{"start":{"line":1,"column":6706},"end":{"line":1,"column":6773}},"148":{"start":{"line":1,"column":6803},"end":{"line":1,"column":6828}},"149":{"start":{"line":1,"column":6844},"end":{"line":1,"column":6879}},"150":{"start":{"line":1,"column":6897},"end":{"line":1,"column":6909}},"151":{"start":{"line":1,"column":6917},"end":{"line":1,"column":6921}},"152":{"start":{"line":1,"column":6938},"end":{"line":1,"column":6962}},"153":{"start":{"line":1,"column":6972},"end":{"line":1,"column":6976}},"154":{"start":{"line":1,"column":7052},"end":{"line":1,"column":7057}},"155":{"start":{"line":1,"column":7058},"end":{"line":1,"column":7368}},"156":{"start":{"line":1,"column":7106},"end":{"line":1,"column":7154}},"157":{"start":{"line":1,"column":7386},"end":{"line":1,"column":7403}},"158":{"start":{"line":1,"column":7411},"end":{"line":1,"column":7415}},"159":{"start":{"line":1,"column":7418},"end":{"line":1,"column":7422}},"160":{"start":{"line":1,"column":7535},"end":{"line":1,"column":7545}},"161":{"start":{"line":1,"column":7549},"end":{"line":1,"column":7713}},"162":{"start":{"line":1,"column":7716},"end":{"line":1,"column":7899}},"163":{"start":{"line":1,"column":7902},"end":{"line":1,"column":8004}},"164":{"start":{"line":1,"column":8007},"end":{"line":1,"column":8672}},"165":{"start":{"line":1,"column":8178},"end":{"line":1,"column":8286}},"166":{"start":{"line":1,"column":8212},"end":{"line":1,"column":8242}},"167":{"start":{"line":1,"column":8243},"end":{"line":1,"column":8285}},"168":{"start":{"line":1,"column":8286},"end":{"line":1,"column":8294}},"169":{"start":{"line":1,"column":8428},"end":{"line":1,"column":8529}},"170":{"start":{"line":1,"column":8462},"end":{"line":1,"column":8485}},"171":{"start":{"line":1,"column":8486},"end":{"line":1,"column":8528}},"172":{"start":{"line":1,"column":8529},"end":{"line":1,"column":8537}},"173":{"start":{"line":1,"column":8673},"end":{"line":1,"column":10160}},"174":{"start":{"line":1,"column":8712},"end":{"line":1,"column":8816}},"175":{"start":{"line":1,"column":8716},"end":{"line":1,"column":8761}},"176":{"start":{"line":1,"column":8771},"end":{"line":1,"column":8815}},"177":{"start":{"line":1,"column":8848},"end":{"line":1,"column":8854}},"178":{"start":{"line":1,"column":8857},"end":{"line":1,"column":8866}},"179":{"start":{"line":1,"column":8867},"end":{"line":1,"column":9012}},"180":{"start":{"line":1,"column":8879},"end":{"line":1,"column":8893}},"181":{"start":{"line":1,"column":8894},"end":{"line":1,"column":8969}},"182":{"start":{"line":1,"column":8979},"end":{"line":1,"column":9011}},"183":{"start":{"line":1,"column":9041},"end":{"line":1,"column":9145}},"184":{"start":{"line":1,"column":9045},"end":{"line":1,"column":9090}},"185":{"start":{"line":1,"column":9100},"end":{"line":1,"column":9144}},"186":{"start":{"line":1,"column":9145},"end":{"line":1,"column":9354}},"187":{"start":{"line":1,"column":9196},"end":{"line":1,"column":9202}},"188":{"start":{"line":1,"column":9205},"end":{"line":1,"column":9214}},"189":{"start":{"line":1,"column":9217},"end":{"line":1,"column":9235}},"190":{"start":{"line":1,"column":9236},"end":{"line":1,"column":9311}},"191":{"start":{"line":1,"column":9321},"end":{"line":1,"column":9353}},"192":{"start":{"line":1,"column":9376},"end":{"line":1,"column":9440}},"193":{"start":{"line":1,"column":9466},"end":{"line":1,"column":9480}},"194":{"start":{"line":1,"column":9502},"end":{"line":1,"column":9606}},"195":{"start":{"line":1,"column":9506},"end":{"line":1,"column":9551}},"196":{"start":{"line":1,"column":9561},"end":{"line":1,"column":9605}},"197":{"start":{"line":1,"column":9606},"end":{"line":1,"column":9790}},"198":{"start":{"line":1,"column":9636},"end":{"line":1,"column":9642}},"199":{"start":{"line":1,"column":9645},"end":{"line":1,"column":9657}},"200":{"start":{"line":1,"column":9658},"end":{"line":1,"column":9747}},"201":{"start":{"line":1,"column":9757},"end":{"line":1,"column":9789}},"202":{"start":{"line":1,"column":9812},"end":{"line":1,"column":9916}},"203":{"start":{"line":1,"column":9816},"end":{"line":1,"column":9861}},"204":{"start":{"line":1,"column":9871},"end":{"line":1,"column":9915}},"205":{"start":{"line":1,"column":9916},"end":{"line":1,"column":10158}},"206":{"start":{"line":1,"column":9988},"end":{"line":1,"column":9994}},"207":{"start":{"line":1,"column":9997},"end":{"line":1,"column":10014}},"208":{"start":{"line":1,"column":10017},"end":{"line":1,"column":10039}},"209":{"start":{"line":1,"column":10040},"end":{"line":1,"column":10115}},"210":{"start":{"line":1,"column":10125},"end":{"line":1,"column":10157}},"211":{"start":{"line":1,"column":10186},"end":{"line":1,"column":10190}},"212":{"start":{"line":1,"column":10193},"end":{"line":1,"column":10197}},"213":{"start":{"line":1,"column":10200},"end":{"line":1,"column":10204}},"214":{"start":{"line":1,"column":10205},"end":{"line":1,"column":12442}},"215":{"start":{"line":1,"column":10254},"end":{"line":1,"column":10277}},"216":{"start":{"line":1,"column":10278},"end":{"line":1,"column":10305}},"217":{"start":{"line":1,"column":10305},"end":{"line":1,"column":10745}},"218":{"start":{"line":1,"column":10320},"end":{"line":1,"column":10380}},"219":{"start":{"line":1,"column":10381},"end":{"line":1,"column":10433}},"220":{"start":{"line":1,"column":10387},"end":{"line":1,"column":10433}},"221":{"start":{"line":1,"column":10433},"end":{"line":1,"column":10511}},"222":{"start":{"line":1,"column":10467},"end":{"line":1,"column":10511}},"223":{"start":{"line":1,"column":10519},"end":{"line":1,"column":10536}},"224":{"start":{"line":1,"column":10537},"end":{"line":1,"column":10662}},"225":{"start":{"line":1,"column":10672},"end":{"line":1,"column":10724}},"226":{"start":{"line":1,"column":10733},"end":{"line":1,"column":10744}},"227":{"start":{"line":1,"column":10792},"end":{"line":1,"column":10815}},"228":{"start":{"line":1,"column":10816},"end":{"line":1,"column":10843}},"229":{"start":{"line":1,"column":10843},"end":{"line":1,"column":11089}},"230":{"start":{"line":1,"column":10847},"end":{"line":1,"column":11006}},"231":{"start":{"line":1,"column":11016},"end":{"line":1,"column":11068}},"232":{"start":{"line":1,"column":11077},"end":{"line":1,"column":11088}},"233":{"start":{"line":1,"column":11114},"end":{"line":1,"column":11172}},"234":{"start":{"line":1,"column":11213},"end":{"line":1,"column":11236}},"235":{"start":{"line":1,"column":11237},"end":{"line":1,"column":11264}},"236":{"start":{"line":1,"column":11264},"end":{"line":1,"column":11856}},"237":{"start":{"line":1,"column":11279},"end":{"line":1,"column":11353}},"238":{"start":{"line":1,"column":11354},"end":{"line":1,"column":11726}},"239":{"start":{"line":1,"column":11360},"end":{"line":1,"column":11686}},"240":{"start":{"line":1,"column":11405},"end":{"line":1,"column":11471}},"241":{"start":{"line":1,"column":11478},"end":{"line":1,"column":11685}},"242":{"start":{"line":1,"column":11686},"end":{"line":1,"column":11725}},"243":{"start":{"line":1,"column":11726},"end":{"line":1,"column":11773}},"244":{"start":{"line":1,"column":11783},"end":{"line":1,"column":11835}},"245":{"start":{"line":1,"column":11844},"end":{"line":1,"column":11855}},"246":{"start":{"line":1,"column":11890},"end":{"line":1,"column":11950}},"247":{"start":{"line":1,"column":11951},"end":{"line":1,"column":11959}},"248":{"start":{"line":1,"column":11994},"end":{"line":1,"column":12056}},"249":{"start":{"line":1,"column":12057},"end":{"line":1,"column":12065}},"250":{"start":{"line":1,"column":12106},"end":{"line":1,"column":12129}},"251":{"start":{"line":1,"column":12130},"end":{"line":1,"column":12157}},"252":{"start":{"line":1,"column":12157},"end":{"line":1,"column":12440}},"253":{"start":{"line":1,"column":12161},"end":{"line":1,"column":12357}},"254":{"start":{"line":1,"column":12367},"end":{"line":1,"column":12419}},"255":{"start":{"line":1,"column":12428},"end":{"line":1,"column":12439}},"256":{"start":{"line":1,"column":12460},"end":{"line":1,"column":12472}},"257":{"start":{"line":1,"column":12480},"end":{"line":1,"column":12484}},"258":{"start":{"line":1,"column":12501},"end":{"line":1,"column":12515}},"259":{"start":{"line":1,"column":12660},"end":{"line":1,"column":12665}},"260":{"start":{"line":1,"column":12666},"end":{"line":1,"column":12974}},"261":{"start":{"line":1,"column":13000},"end":{"line":1,"column":13004}},"262":{"start":{"line":1,"column":13007},"end":{"line":1,"column":13011}},"263":{"start":{"line":1,"column":13174},"end":{"line":1,"column":13178}},"264":{"start":{"line":1,"column":13181},"end":{"line":1,"column":13256}},"265":{"start":{"line":1,"column":13259},"end":{"line":1,"column":13316}},"266":{"start":{"line":1,"column":13319},"end":{"line":1,"column":13440}},"267":{"start":{"line":1,"column":13441},"end":{"line":1,"column":15765}},"268":{"start":{"line":1,"column":13482},"end":{"line":1,"column":13634}},"269":{"start":{"line":1,"column":13494},"end":{"line":1,"column":13503}},"270":{"start":{"line":1,"column":13504},"end":{"line":1,"column":13591}},"271":{"start":{"line":1,"column":13601},"end":{"line":1,"column":13633}},"272":{"start":{"line":1,"column":13671},"end":{"line":1,"column":13694}},"273":{"start":{"line":1,"column":13695},"end":{"line":1,"column":13722}},"274":{"start":{"line":1,"column":13722},"end":{"line":1,"column":13899}},"275":{"start":{"line":1,"column":13734},"end":{"line":1,"column":13755}},"276":{"start":{"line":1,"column":13758},"end":{"line":1,"column":13768}},"277":{"start":{"line":1,"column":13769},"end":{"line":1,"column":13856}},"278":{"start":{"line":1,"column":13866},"end":{"line":1,"column":13898}},"279":{"start":{"line":1,"column":13932},"end":{"line":1,"column":13955}},"280":{"start":{"line":1,"column":13956},"end":{"line":1,"column":13983}},"281":{"start":{"line":1,"column":13983},"end":{"line":1,"column":14138}},"282":{"start":{"line":1,"column":13995},"end":{"line":1,"column":14006}},"283":{"start":{"line":1,"column":14009},"end":{"line":1,"column":14019}},"284":{"start":{"line":1,"column":14020},"end":{"line":1,"column":14095}},"285":{"start":{"line":1,"column":14105},"end":{"line":1,"column":14137}},"286":{"start":{"line":1,"column":14170},"end":{"line":1,"column":14274}},"287":{"start":{"line":1,"column":14174},"end":{"line":1,"column":14219}},"288":{"start":{"line":1,"column":14229},"end":{"line":1,"column":14273}},"289":{"start":{"line":1,"column":14274},"end":{"line":1,"column":14465}},"290":{"start":{"line":1,"column":14307},"end":{"line":1,"column":14313}},"291":{"start":{"line":1,"column":14316},"end":{"line":1,"column":14327}},"292":{"start":{"line":1,"column":14330},"end":{"line":1,"column":14346}},"293":{"start":{"line":1,"column":14347},"end":{"line":1,"column":14422}},"294":{"start":{"line":1,"column":14432},"end":{"line":1,"column":14464}},"295":{"start":{"line":1,"column":14496},"end":{"line":1,"column":14600}},"296":{"start":{"line":1,"column":14500},"end":{"line":1,"column":14545}},"297":{"start":{"line":1,"column":14555},"end":{"line":1,"column":14599}},"298":{"start":{"line":1,"column":14608},"end":{"line":1,"column":14631}},"299":{"start":{"line":1,"column":14632},"end":{"line":1,"column":14659}},"300":{"start":{"line":1,"column":14659},"end":{"line":1,"column":14843}},"301":{"start":{"line":1,"column":14679},"end":{"line":1,"column":14685}},"302":{"start":{"line":1,"column":14688},"end":{"line":1,"column":14699}},"303":{"start":{"line":1,"column":14702},"end":{"line":1,"column":14714}},"304":{"start":{"line":1,"column":14715},"end":{"line":1,"column":14800}},"305":{"start":{"line":1,"column":14810},"end":{"line":1,"column":14842}},"306":{"start":{"line":1,"column":14871},"end":{"line":1,"column":15036}},"307":{"start":{"line":1,"column":14883},"end":{"line":1,"column":14894}},"308":{"start":{"line":1,"column":14897},"end":{"line":1,"column":14907}},"309":{"start":{"line":1,"column":14908},"end":{"line":1,"column":14993}},"310":{"start":{"line":1,"column":15003},"end":{"line":1,"column":15035}},"311":{"start":{"line":1,"column":15066},"end":{"line":1,"column":15243}},"312":{"start":{"line":1,"column":15083},"end":{"line":1,"column":15089}},"313":{"start":{"line":1,"column":15098},"end":{"line":1,"column":15109}},"314":{"start":{"line":1,"column":15112},"end":{"line":1,"column":15124}},"315":{"start":{"line":1,"column":15125},"end":{"line":1,"column":15200}},"316":{"start":{"line":1,"column":15210},"end":{"line":1,"column":15242}},"317":{"start":{"line":1,"column":15272},"end":{"line":1,"column":15437}},"318":{"start":{"line":1,"column":15284},"end":{"line":1,"column":15293}},"319":{"start":{"line":1,"column":15296},"end":{"line":1,"column":15306}},"320":{"start":{"line":1,"column":15307},"end":{"line":1,"column":15394}},"321":{"start":{"line":1,"column":15404},"end":{"line":1,"column":15436}},"322":{"start":{"line":1,"column":15459},"end":{"line":1,"column":15563}},"323":{"start":{"line":1,"column":15463},"end":{"line":1,"column":15508}},"324":{"start":{"line":1,"column":15518},"end":{"line":1,"column":15562}},"325":{"start":{"line":1,"column":15563},"end":{"line":1,"column":15763}},"326":{"start":{"line":1,"column":15605},"end":{"line":1,"column":15611}},"327":{"start":{"line":1,"column":15614},"end":{"line":1,"column":15623}},"328":{"start":{"line":1,"column":15626},"end":{"line":1,"column":15644}},"329":{"start":{"line":1,"column":15645},"end":{"line":1,"column":15720}},"330":{"start":{"line":1,"column":15730},"end":{"line":1,"column":15762}},"331":{"start":{"line":1,"column":15783},"end":{"line":1,"column":15795}},"332":{"start":{"line":1,"column":15803},"end":{"line":1,"column":15807}},"333":{"start":{"line":1,"column":15824},"end":{"line":1,"column":15838}},"334":{"start":{"line":1,"column":15930},"end":{"line":1,"column":15940}},"335":{"start":{"line":1,"column":15942},"end":{"line":1,"column":16132}},"336":{"start":{"line":1,"column":16150},"end":{"line":1,"column":16155}},"337":{"start":{"line":1,"column":16163},"end":{"line":1,"column":16167}},"338":{"start":{"line":1,"column":16170},"end":{"line":1,"column":16174}},"339":{"start":{"line":1,"column":16317},"end":{"line":1,"column":16322}},"340":{"start":{"line":1,"column":16377},"end":{"line":1,"column":16381}},"341":{"start":{"line":1,"column":16384},"end":{"line":1,"column":16494}},"342":{"start":{"line":1,"column":16495},"end":{"line":1,"column":18082}},"343":{"start":{"line":1,"column":16542},"end":{"line":1,"column":16936}},"344":{"start":{"line":1,"column":16554},"end":{"line":1,"column":16565}},"345":{"start":{"line":1,"column":16568},"end":{"line":1,"column":16578}},"346":{"start":{"line":1,"column":16585},"end":{"line":1,"column":16735}},"347":{"start":{"line":1,"column":16661},"end":{"line":1,"column":16735}},"348":{"start":{"line":1,"column":16735},"end":{"line":1,"column":16797}},"349":{"start":{"line":1,"column":16740},"end":{"line":1,"column":16797}},"350":{"start":{"line":1,"column":16806},"end":{"line":1,"column":16816}},"351":{"start":{"line":1,"column":16817},"end":{"line":1,"column":16892}},"352":{"start":{"line":1,"column":16903},"end":{"line":1,"column":16935}},"353":{"start":{"line":1,"column":16971},"end":{"line":1,"column":17167}},"354":{"start":{"line":1,"column":16983},"end":{"line":1,"column":16994}},"355":{"start":{"line":1,"column":16997},"end":{"line":1,"column":17007}},"356":{"start":{"line":1,"column":17010},"end":{"line":1,"column":17020}},"357":{"start":{"line":1,"column":17021},"end":{"line":1,"column":17124}},"358":{"start":{"line":1,"column":17134},"end":{"line":1,"column":17166}},"359":{"start":{"line":1,"column":17203},"end":{"line":1,"column":17382}},"360":{"start":{"line":1,"column":17215},"end":{"line":1,"column":17224}},"361":{"start":{"line":1,"column":17227},"end":{"line":1,"column":17237}},"362":{"start":{"line":1,"column":17238},"end":{"line":1,"column":17339}},"363":{"start":{"line":1,"column":17349},"end":{"line":1,"column":17381}},"364":{"start":{"line":1,"column":17412},"end":{"line":1,"column":17516}},"365":{"start":{"line":1,"column":17416},"end":{"line":1,"column":17461}},"366":{"start":{"line":1,"column":17471},"end":{"line":1,"column":17515}},"367":{"start":{"line":1,"column":17516},"end":{"line":1,"column":18080}},"368":{"start":{"line":1,"column":17543},"end":{"line":1,"column":17549}},"369":{"start":{"line":1,"column":17552},"end":{"line":1,"column":17561}},"370":{"start":{"line":1,"column":17564},"end":{"line":1,"column":17574}},"371":{"start":{"line":1,"column":17577},"end":{"line":1,"column":17589}},"372":{"start":{"line":1,"column":17590},"end":{"line":1,"column":17669}},"373":{"start":{"line":1,"column":17596},"end":{"line":1,"column":17669}},"374":{"start":{"line":1,"column":17669},"end":{"line":1,"column":17754}},"375":{"start":{"line":1,"column":17684},"end":{"line":1,"column":17754}},"376":{"start":{"line":1,"column":17754},"end":{"line":1,"column":18037}},"377":{"start":{"line":1,"column":17766},"end":{"line":1,"column":17853}},"378":{"start":{"line":1,"column":17780},"end":{"line":1,"column":17853}},"379":{"start":{"line":1,"column":17854},"end":{"line":1,"column":17877}},"380":{"start":{"line":1,"column":17885},"end":{"line":1,"column":17899}},"381":{"start":{"line":1,"column":17900},"end":{"line":1,"column":17975}},"382":{"start":{"line":1,"column":17982},"end":{"line":1,"column":18037}},"383":{"start":{"line":1,"column":18047},"end":{"line":1,"column":18079}},"384":{"start":{"line":1,"column":18108},"end":{"line":1,"column":18112}},"385":{"start":{"line":1,"column":18113},"end":{"line":1,"column":21137}},"386":{"start":{"line":1,"column":18164},"end":{"line":1,"column":18187}},"387":{"start":{"line":1,"column":18188},"end":{"line":1,"column":18215}},"388":{"start":{"line":1,"column":18215},"end":{"line":1,"column":18364}},"389":{"start":{"line":1,"column":18230},"end":{"line":1,"column":18289}},"390":{"start":{"line":1,"column":18290},"end":{"line":1,"column":18309}},"391":{"start":{"line":1,"column":18319},"end":{"line":1,"column":18343}},"392":{"start":{"line":1,"column":18352},"end":{"line":1,"column":18363}},"393":{"start":{"line":1,"column":18402},"end":{"line":1,"column":18425}},"394":{"start":{"line":1,"column":18426},"end":{"line":1,"column":18453}},"395":{"start":{"line":1,"column":18453},"end":{"line":1,"column":18670}},"396":{"start":{"line":1,"column":18457},"end":{"line":1,"column":18587}},"397":{"start":{"line":1,"column":18597},"end":{"line":1,"column":18649}},"398":{"start":{"line":1,"column":18658},"end":{"line":1,"column":18669}},"399":{"start":{"line":1,"column":18710},"end":{"line":1,"column":18733}},"400":{"start":{"line":1,"column":18734},"end":{"line":1,"column":18761}},"401":{"start":{"line":1,"column":18761},"end":{"line":1,"column":19424}},"402":{"start":{"line":1,"column":18774},"end":{"line":1,"column":19271}},"403":{"start":{"line":1,"column":19272},"end":{"line":1,"column":19341}},"404":{"start":{"line":1,"column":19351},"end":{"line":1,"column":19403}},"405":{"start":{"line":1,"column":19412},"end":{"line":1,"column":19423}},"406":{"start":{"line":1,"column":19464},"end":{"line":1,"column":19487}},"407":{"start":{"line":1,"column":19488},"end":{"line":1,"column":19515}},"408":{"start":{"line":1,"column":19515},"end":{"line":1,"column":20425}},"409":{"start":{"line":1,"column":19528},"end":{"line":1,"column":20270}},"410":{"start":{"line":1,"column":20271},"end":{"line":1,"column":20342}},"411":{"start":{"line":1,"column":20352},"end":{"line":1,"column":20404}},"412":{"start":{"line":1,"column":20413},"end":{"line":1,"column":20424}},"413":{"start":{"line":1,"column":20478},"end":{"line":1,"column":20501}},"414":{"start":{"line":1,"column":20502},"end":{"line":1,"column":20529}},"415":{"start":{"line":1,"column":20529},"end":{"line":1,"column":20691}},"416":{"start":{"line":1,"column":20542},"end":{"line":1,"column":20628}},"417":{"start":{"line":1,"column":20629},"end":{"line":1,"column":20648}},"418":{"start":{"line":1,"column":20658},"end":{"line":1,"column":20670}},"419":{"start":{"line":1,"column":20679},"end":{"line":1,"column":20690}},"420":{"start":{"line":1,"column":20734},"end":{"line":1,"column":20757}},"421":{"start":{"line":1,"column":20758},"end":{"line":1,"column":20785}},"422":{"start":{"line":1,"column":20785},"end":{"line":1,"column":21019}},"423":{"start":{"line":1,"column":20789},"end":{"line":1,"column":20936}},"424":{"start":{"line":1,"column":20946},"end":{"line":1,"column":20998}},"425":{"start":{"line":1,"column":21007},"end":{"line":1,"column":21018}},"426":{"start":{"line":1,"column":21055},"end":{"line":1,"column":21136}}},"fnMap":{"0":{"name":"(anonymous_0)","decl":{"start":{"line":1,"column":54},"end":{"line":1,"column":55}},"loc":{"start":{"line":1,"column":65},"end":{"line":1,"column":972}},"line":1},"1":{"name":"t","decl":{"start":{"line":1,"column":84},"end":{"line":1,"column":85}},"loc":{"start":{"line":1,"column":88},"end":{"line":1,"column":209}},"line":1},"2":{"name":"(anonymous_2)","decl":{"start":{"line":1,"column":232},"end":{"line":1,"column":233}},"loc":{"start":{"line":1,"column":247},"end":{"line":1,"column":307}},"line":1},"3":{"name":"(anonymous_3)","decl":{"start":{"line":1,"column":312},"end":{"line":1,"column":313}},"loc":{"start":{"line":1,"column":323},"end":{"line":1,"column":482}},"line":1},"4":{"name":"(anonymous_4)","decl":{"start":{"line":1,"column":487},"end":{"line":1,"column":488}},"loc":{"start":{"line":1,"column":500},"end":{"line":1,"column":774}},"line":1},"5":{"name":"(anonymous_5)","decl":{"start":{"line":1,"column":726},"end":{"line":1,"column":727}},"loc":{"start":{"line":1,"column":737},"end":{"line":1,"column":750}},"line":1},"6":{"name":"(anonymous_6)","decl":{"start":{"line":1,"column":779},"end":{"line":1,"column":780}},"loc":{"start":{"line":1,"column":790},"end":{"line":1,"column":885}},"line":1},"7":{"name":"(anonymous_7)","decl":{"start":{"line":1,"column":813},"end":{"line":1,"column":814}},"loc":{"start":{"line":1,"column":823},"end":{"line":1,"column":841}},"line":1},"8":{"name":"(anonymous_8)","decl":{"start":{"line":1,"column":842},"end":{"line":1,"column":843}},"loc":{"start":{"line":1,"column":852},"end":{"line":1,"column":862}},"line":1},"9":{"name":"(anonymous_9)","decl":{"start":{"line":1,"column":890},"end":{"line":1,"column":891}},"loc":{"start":{"line":1,"column":903},"end":{"line":1,"column":953}},"line":1},"10":{"name":"(anonymous_10)","decl":{"start":{"line":1,"column":974},"end":{"line":1,"column":975}},"loc":{"start":{"line":1,"column":989},"end":{"line":1,"column":1201}},"line":1},"11":{"name":"(anonymous_11)","decl":{"start":{"line":1,"column":1202},"end":{"line":1,"column":1203}},"loc":{"start":{"line":1,"column":1215},"end":{"line":1,"column":1245}},"line":1},"12":{"name":"(anonymous_12)","decl":{"start":{"line":1,"column":1246},"end":{"line":1,"column":1247}},"loc":{"start":{"line":1,"column":1259},"end":{"line":1,"column":1285}},"line":1},"13":{"name":"(anonymous_13)","decl":{"start":{"line":1,"column":1286},"end":{"line":1,"column":1287}},"loc":{"start":{"line":1,"column":1301},"end":{"line":1,"column":1920}},"line":1},"14":{"name":"(anonymous_14)","decl":{"start":{"line":1,"column":1361},"end":{"line":1,"column":1362}},"loc":{"start":{"line":1,"column":1382},"end":{"line":1,"column":1508}},"line":1},"15":{"name":"(anonymous_15)","decl":{"start":{"line":1,"column":1520},"end":{"line":1,"column":1521}},"loc":{"start":{"line":1,"column":1541},"end":{"line":1,"column":1918}},"line":1},"16":{"name":"(anonymous_16)","decl":{"start":{"line":1,"column":1921},"end":{"line":1,"column":1922}},"loc":{"start":{"line":1,"column":1934},"end":{"line":1,"column":1963}},"line":1},"17":{"name":"(anonymous_17)","decl":{"start":{"line":1,"column":1964},"end":{"line":1,"column":1965}},"loc":{"start":{"line":1,"column":1977},"end":{"line":1,"column":2008}},"line":1},"18":{"name":"(anonymous_18)","decl":{"start":{"line":1,"column":2009},"end":{"line":1,"column":2010}},"loc":{"start":{"line":1,"column":2022},"end":{"line":1,"column":2057}},"line":1},"19":{"name":"(anonymous_19)","decl":{"start":{"line":1,"column":2058},"end":{"line":1,"column":2059}},"loc":{"start":{"line":1,"column":2071},"end":{"line":1,"column":2100}},"line":1},"20":{"name":"(anonymous_20)","decl":{"start":{"line":1,"column":2101},"end":{"line":1,"column":2102}},"loc":{"start":{"line":1,"column":2114},"end":{"line":1,"column":2143}},"line":1},"21":{"name":"(anonymous_21)","decl":{"start":{"line":1,"column":2144},"end":{"line":1,"column":2145}},"loc":{"start":{"line":1,"column":2159},"end":{"line":1,"column":6352}},"line":1},"22":{"name":"(anonymous_22)","decl":{"start":{"line":1,"column":2200},"end":{"line":1,"column":2201}},"loc":{"start":{"line":1,"column":2209},"end":{"line":1,"column":2497}},"line":1},"23":{"name":"(anonymous_23)","decl":{"start":{"line":1,"column":2515},"end":{"line":1,"column":2516}},"loc":{"start":{"line":1,"column":2524},"end":{"line":1,"column":2835}},"line":1},"24":{"name":"(anonymous_24)","decl":{"start":{"line":1,"column":2850},"end":{"line":1,"column":2851}},"loc":{"start":{"line":1,"column":2859},"end":{"line":1,"column":3258}},"line":1},"25":{"name":"(anonymous_25)","decl":{"start":{"line":1,"column":3277},"end":{"line":1,"column":3278}},"loc":{"start":{"line":1,"column":3293},"end":{"line":1,"column":3588}},"line":1},"26":{"name":"(anonymous_26)","decl":{"start":{"line":1,"column":3606},"end":{"line":1,"column":3607}},"loc":{"start":{"line":1,"column":3618},"end":{"line":1,"column":3890}},"line":1},"27":{"name":"(anonymous_27)","decl":{"start":{"line":1,"column":3908},"end":{"line":1,"column":3909}},"loc":{"start":{"line":1,"column":3917},"end":{"line":1,"column":4440}},"line":1},"28":{"name":"(anonymous_28)","decl":{"start":{"line":1,"column":4457},"end":{"line":1,"column":4458}},"loc":{"start":{"line":1,"column":4469},"end":{"line":1,"column":4740}},"line":1},"29":{"name":"(anonymous_29)","decl":{"start":{"line":1,"column":4758},"end":{"line":1,"column":4759}},"loc":{"start":{"line":1,"column":4767},"end":{"line":1,"column":5340}},"line":1},"30":{"name":"(anonymous_30)","decl":{"start":{"line":1,"column":5351},"end":{"line":1,"column":5352}},"loc":{"start":{"line":1,"column":5369},"end":{"line":1,"column":5680}},"line":1},"31":{"name":"(anonymous_31)","decl":{"start":{"line":1,"column":5695},"end":{"line":1,"column":5696}},"loc":{"start":{"line":1,"column":5704},"end":{"line":1,"column":5907}},"line":1},"32":{"name":"(anonymous_32)","decl":{"start":{"line":1,"column":5924},"end":{"line":1,"column":5925}},"loc":{"start":{"line":1,"column":5933},"end":{"line":1,"column":6140}},"line":1},"33":{"name":"(anonymous_33)","decl":{"start":{"line":1,"column":6157},"end":{"line":1,"column":6158}},"loc":{"start":{"line":1,"column":6169},"end":{"line":1,"column":6350}},"line":1},"34":{"name":"(anonymous_34)","decl":{"start":{"line":1,"column":6353},"end":{"line":1,"column":6354}},"loc":{"start":{"line":1,"column":6368},"end":{"line":1,"column":6385}},"line":1},"35":{"name":"(anonymous_35)","decl":{"start":{"line":1,"column":6386},"end":{"line":1,"column":6387}},"loc":{"start":{"line":1,"column":6401},"end":{"line":1,"column":6788}},"line":1},"36":{"name":"(anonymous_36)","decl":{"start":{"line":1,"column":6701},"end":{"line":1,"column":6702}},"loc":{"start":{"line":1,"column":6705},"end":{"line":1,"column":6774}},"line":1},"37":{"name":"(anonymous_37)","decl":{"start":{"line":1,"column":6789},"end":{"line":1,"column":6790}},"loc":{"start":{"line":1,"column":6802},"end":{"line":1,"column":6829}},"line":1},"38":{"name":"(anonymous_38)","decl":{"start":{"line":1,"column":6830},"end":{"line":1,"column":6831}},"loc":{"start":{"line":1,"column":6843},"end":{"line":1,"column":6880}},"line":1},"39":{"name":"(anonymous_39)","decl":{"start":{"line":1,"column":6881},"end":{"line":1,"column":6882}},"loc":{"start":{"line":1,"column":6896},"end":{"line":1,"column":7369}},"line":1},"40":{"name":"(anonymous_40)","decl":{"start":{"line":1,"column":7091},"end":{"line":1,"column":7092}},"loc":{"start":{"line":1,"column":7105},"end":{"line":1,"column":7155}},"line":1},"41":{"name":"(anonymous_41)","decl":{"start":{"line":1,"column":7370},"end":{"line":1,"column":7371}},"loc":{"start":{"line":1,"column":7385},"end":{"line":1,"column":10161}},"line":1},"42":{"name":"(anonymous_42)","decl":{"start":{"line":1,"column":8165},"end":{"line":1,"column":8166}},"loc":{"start":{"line":1,"column":8177},"end":{"line":1,"column":8295}},"line":1},"43":{"name":"(anonymous_43)","decl":{"start":{"line":1,"column":8415},"end":{"line":1,"column":8416}},"loc":{"start":{"line":1,"column":8427},"end":{"line":1,"column":8538}},"line":1},"44":{"name":"(anonymous_44)","decl":{"start":{"line":1,"column":8699},"end":{"line":1,"column":8700}},"loc":{"start":{"line":1,"column":8711},"end":{"line":1,"column":9013}},"line":1},"45":{"name":"(anonymous_45)","decl":{"start":{"line":1,"column":9028},"end":{"line":1,"column":9029}},"loc":{"start":{"line":1,"column":9040},"end":{"line":1,"column":9355}},"line":1},"46":{"name":"(anonymous_46)","decl":{"start":{"line":1,"column":9363},"end":{"line":1,"column":9364}},"loc":{"start":{"line":1,"column":9375},"end":{"line":1,"column":9441}},"line":1},"47":{"name":"(anonymous_47)","decl":{"start":{"line":1,"column":9453},"end":{"line":1,"column":9454}},"loc":{"start":{"line":1,"column":9465},"end":{"line":1,"column":9481}},"line":1},"48":{"name":"(anonymous_48)","decl":{"start":{"line":1,"column":9489},"end":{"line":1,"column":9490}},"loc":{"start":{"line":1,"column":9501},"end":{"line":1,"column":9791}},"line":1},"49":{"name":"(anonymous_49)","decl":{"start":{"line":1,"column":9799},"end":{"line":1,"column":9800}},"loc":{"start":{"line":1,"column":9811},"end":{"line":1,"column":10159}},"line":1},"50":{"name":"(anonymous_50)","decl":{"start":{"line":1,"column":10162},"end":{"line":1,"column":10163}},"loc":{"start":{"line":1,"column":10177},"end":{"line":1,"column":12443}},"line":1},"51":{"name":"(anonymous_51)","decl":{"start":{"line":1,"column":10231},"end":{"line":1,"column":10232}},"loc":{"start":{"line":1,"column":10245},"end":{"line":1,"column":10746}},"line":1},"52":{"name":"(anonymous_52)","decl":{"start":{"line":1,"column":10765},"end":{"line":1,"column":10766}},"loc":{"start":{"line":1,"column":10783},"end":{"line":1,"column":11090}},"line":1},"53":{"name":"(anonymous_53)","decl":{"start":{"line":1,"column":11104},"end":{"line":1,"column":11105}},"loc":{"start":{"line":1,"column":11113},"end":{"line":1,"column":11173}},"line":1},"54":{"name":"(anonymous_54)","decl":{"start":{"line":1,"column":11192},"end":{"line":1,"column":11193}},"loc":{"start":{"line":1,"column":11204},"end":{"line":1,"column":11857}},"line":1},"55":{"name":"(anonymous_55)","decl":{"start":{"line":1,"column":11869},"end":{"line":1,"column":11870}},"loc":{"start":{"line":1,"column":11878},"end":{"line":1,"column":11960}},"line":1},"56":{"name":"(anonymous_56)","decl":{"start":{"line":1,"column":11973},"end":{"line":1,"column":11974}},"loc":{"start":{"line":1,"column":11982},"end":{"line":1,"column":12066}},"line":1},"57":{"name":"(anonymous_57)","decl":{"start":{"line":1,"column":12075},"end":{"line":1,"column":12076}},"loc":{"start":{"line":1,"column":12097},"end":{"line":1,"column":12441}},"line":1},"58":{"name":"(anonymous_58)","decl":{"start":{"line":1,"column":12444},"end":{"line":1,"column":12445}},"loc":{"start":{"line":1,"column":12459},"end":{"line":1,"column":12975}},"line":1},"59":{"name":"(anonymous_59)","decl":{"start":{"line":1,"column":12976},"end":{"line":1,"column":12977}},"loc":{"start":{"line":1,"column":12991},"end":{"line":1,"column":15766}},"line":1},"60":{"name":"(anonymous_60)","decl":{"start":{"line":1,"column":13469},"end":{"line":1,"column":13470}},"loc":{"start":{"line":1,"column":13481},"end":{"line":1,"column":13635}},"line":1},"61":{"name":"(anonymous_61)","decl":{"start":{"line":1,"column":13650},"end":{"line":1,"column":13651}},"loc":{"start":{"line":1,"column":13662},"end":{"line":1,"column":13900}},"line":1},"62":{"name":"(anonymous_62)","decl":{"start":{"line":1,"column":13911},"end":{"line":1,"column":13912}},"loc":{"start":{"line":1,"column":13923},"end":{"line":1,"column":14139}},"line":1},"63":{"name":"(anonymous_63)","decl":{"start":{"line":1,"column":14157},"end":{"line":1,"column":14158}},"loc":{"start":{"line":1,"column":14169},"end":{"line":1,"column":14466}},"line":1},"64":{"name":"(anonymous_64)","decl":{"start":{"line":1,"column":14483},"end":{"line":1,"column":14484}},"loc":{"start":{"line":1,"column":14495},"end":{"line":1,"column":14844}},"line":1},"65":{"name":"(anonymous_65)","decl":{"start":{"line":1,"column":14858},"end":{"line":1,"column":14859}},"loc":{"start":{"line":1,"column":14870},"end":{"line":1,"column":15037}},"line":1},"66":{"name":"(anonymous_66)","decl":{"start":{"line":1,"column":15053},"end":{"line":1,"column":15054}},"loc":{"start":{"line":1,"column":15065},"end":{"line":1,"column":15244}},"line":1},"67":{"name":"(anonymous_67)","decl":{"start":{"line":1,"column":15259},"end":{"line":1,"column":15260}},"loc":{"start":{"line":1,"column":15271},"end":{"line":1,"column":15438}},"line":1},"68":{"name":"(anonymous_68)","decl":{"start":{"line":1,"column":15446},"end":{"line":1,"column":15447}},"loc":{"start":{"line":1,"column":15458},"end":{"line":1,"column":15764}},"line":1},"69":{"name":"(anonymous_69)","decl":{"start":{"line":1,"column":15767},"end":{"line":1,"column":15768}},"loc":{"start":{"line":1,"column":15782},"end":{"line":1,"column":16133}},"line":1},"70":{"name":"(anonymous_70)","decl":{"start":{"line":1,"column":16134},"end":{"line":1,"column":16135}},"loc":{"start":{"line":1,"column":16149},"end":{"line":1,"column":18083}},"line":1},"71":{"name":"(anonymous_71)","decl":{"start":{"line":1,"column":16529},"end":{"line":1,"column":16530}},"loc":{"start":{"line":1,"column":16541},"end":{"line":1,"column":16937}},"line":1},"72":{"name":"(anonymous_72)","decl":{"start":{"line":1,"column":16958},"end":{"line":1,"column":16959}},"loc":{"start":{"line":1,"column":16970},"end":{"line":1,"column":17168}},"line":1},"73":{"name":"(anonymous_73)","decl":{"start":{"line":1,"column":17190},"end":{"line":1,"column":17191}},"loc":{"start":{"line":1,"column":17202},"end":{"line":1,"column":17383}},"line":1},"74":{"name":"(anonymous_74)","decl":{"start":{"line":1,"column":17399},"end":{"line":1,"column":17400}},"loc":{"start":{"line":1,"column":17411},"end":{"line":1,"column":18081}},"line":1},"75":{"name":"(anonymous_75)","decl":{"start":{"line":1,"column":18084},"end":{"line":1,"column":18085}},"loc":{"start":{"line":1,"column":18099},"end":{"line":1,"column":21138}},"line":1},"76":{"name":"(anonymous_76)","decl":{"start":{"line":1,"column":18146},"end":{"line":1,"column":18147}},"loc":{"start":{"line":1,"column":18155},"end":{"line":1,"column":18365}},"line":1},"77":{"name":"(anonymous_77)","decl":{"start":{"line":1,"column":18384},"end":{"line":1,"column":18385}},"loc":{"start":{"line":1,"column":18393},"end":{"line":1,"column":18671}},"line":1},"78":{"name":"(anonymous_78)","decl":{"start":{"line":1,"column":18692},"end":{"line":1,"column":18693}},"loc":{"start":{"line":1,"column":18701},"end":{"line":1,"column":19425}},"line":1},"79":{"name":"(anonymous_79)","decl":{"start":{"line":1,"column":19446},"end":{"line":1,"column":19447}},"loc":{"start":{"line":1,"column":19455},"end":{"line":1,"column":20426}},"line":1},"80":{"name":"(anonymous_80)","decl":{"start":{"line":1,"column":20457},"end":{"line":1,"column":20458}},"loc":{"start":{"line":1,"column":20469},"end":{"line":1,"column":20692}},"line":1},"81":{"name":"(anonymous_81)","decl":{"start":{"line":1,"column":20711},"end":{"line":1,"column":20712}},"loc":{"start":{"line":1,"column":20725},"end":{"line":1,"column":21020}},"line":1},"82":{"name":"(anonymous_82)","decl":{"start":{"line":1,"column":21046},"end":{"line":1,"column":21047}},"loc":{"start":{"line":1,"column":21055},"end":{"line":1,"column":21136}},"line":1}},"branchMap":{"0":{"loc":{"start":{"line":1,"column":89},"end":{"line":1,"column":117}},"type":"if","locations":[{"start":{"line":1,"column":89},"end":{"line":1,"column":117}},{"start":{"line":1,"column":89},"end":{"line":1,"column":117}}],"line":1},"1":{"loc":{"start":{"line":1,"column":248},"end":{"line":1,"column":306}},"type":"binary-expr","locations":[{"start":{"line":1,"column":248},"end":{"line":1,"column":256}},{"start":{"line":1,"column":258},"end":{"line":1,"column":306}}],"line":1},"2":{"loc":{"start":{"line":1,"column":324},"end":{"line":1,"column":432}},"type":"binary-expr","locations":[{"start":{"line":1,"column":324},"end":{"line":1,"column":350}},{"start":{"line":1,"column":352},"end":{"line":1,"column":370}},{"start":{"line":1,"column":372},"end":{"line":1,"column":432}}],"line":1},"3":{"loc":{"start":{"line":1,"column":501},"end":{"line":1,"column":531}},"type":"if","locations":[{"start":{"line":1,"column":501},"end":{"line":1,"column":531}},{"start":{"line":1,"column":501},"end":{"line":1,"column":531}}],"line":1},"4":{"loc":{"start":{"line":1,"column":504},"end":{"line":1,"column":517}},"type":"binary-expr","locations":[{"start":{"line":1,"column":504},"end":{"line":1,"column":507}},{"start":{"line":1,"column":510},"end":{"line":1,"column":516}}],"line":1},"5":{"loc":{"start":{"line":1,"column":531},"end":{"line":1,"column":584}},"type":"if","locations":[{"start":{"line":1,"column":531},"end":{"line":1,"column":584}},{"start":{"line":1,"column":531},"end":{"line":1,"column":584}}],"line":1},"6":{"loc":{"start":{"line":1,"column":534},"end":{"line":1,"column":574}},"type":"binary-expr","locations":[{"start":{"line":1,"column":534},"end":{"line":1,"column":537}},{"start":{"line":1,"column":539},"end":{"line":1,"column":557}},{"start":{"line":1,"column":559},"end":{"line":1,"column":560}},{"start":{"line":1,"column":562},"end":{"line":1,"column":574}}],"line":1},"7":{"loc":{"start":{"line":1,"column":610},"end":{"line":1,"column":765}},"type":"if","locations":[{"start":{"line":1,"column":610},"end":{"line":1,"column":765}},{"start":{"line":1,"column":610},"end":{"line":1,"column":765}}],"line":1},"8":{"loc":{"start":{"line":1,"column":679},"end":{"line":1,"column":702}},"type":"binary-expr","locations":[{"start":{"line":1,"column":679},"end":{"line":1,"column":682}},{"start":{"line":1,"column":684},"end":{"line":1,"column":702}}],"line":1},"9":{"loc":{"start":{"line":1,"column":797},"end":{"line":1,"column":862}},"type":"cond-expr","locations":[{"start":{"line":1,"column":813},"end":{"line":1,"column":841}},{"start":{"line":1,"column":842},"end":{"line":1,"column":862}}],"line":1},"10":{"loc":{"start":{"line":1,"column":797},"end":{"line":1,"column":812}},"type":"binary-expr","locations":[{"start":{"line":1,"column":797},"end":{"line":1,"column":798}},{"start":{"line":1,"column":800},"end":{"line":1,"column":812}}],"line":1},"11":{"loc":{"start":{"line":1,"column":1572},"end":{"line":1,"column":1636}},"type":"if","locations":[{"start":{"line":1,"column":1572},"end":{"line":1,"column":1636}},{"start":{"line":1,"column":1572},"end":{"line":1,"column":1636}}],"line":1},"12":{"loc":{"start":{"line":1,"column":1710},"end":{"line":1,"column":1774}},"type":"if","locations":[{"start":{"line":1,"column":1710},"end":{"line":1,"column":1774}},{"start":{"line":1,"column":1710},"end":{"line":1,"column":1774}}],"line":1},"13":{"loc":{"start":{"line":1,"column":3003},"end":{"line":1,"column":3174}},"type":"cond-expr","locations":[{"start":{"line":1,"column":3014},"end":{"line":1,"column":3075}},{"start":{"line":1,"column":3077},"end":{"line":1,"column":3173}}],"line":1},"14":{"loc":{"start":{"line":1,"column":6667},"end":{"line":1,"column":6689}},"type":"binary-expr","locations":[{"start":{"line":1,"column":6667},"end":{"line":1,"column":6683}},{"start":{"line":1,"column":6685},"end":{"line":1,"column":6689}}],"line":1},"15":{"loc":{"start":{"line":1,"column":8178},"end":{"line":1,"column":8286}},"type":"if","locations":[{"start":{"line":1,"column":8178},"end":{"line":1,"column":8286}},{"start":{"line":1,"column":8178},"end":{"line":1,"column":8286}}],"line":1},"16":{"loc":{"start":{"line":1,"column":8428},"end":{"line":1,"column":8529}},"type":"if","locations":[{"start":{"line":1,"column":8428},"end":{"line":1,"column":8529}},{"start":{"line":1,"column":8428},"end":{"line":1,"column":8529}}],"line":1},"17":{"loc":{"start":{"line":1,"column":8894},"end":{"line":1,"column":8969}},"type":"cond-expr","locations":[{"start":{"line":1,"column":8896},"end":{"line":1,"column":8939}},{"start":{"line":1,"column":8940},"end":{"line":1,"column":8969}}],"line":1},"18":{"loc":{"start":{"line":1,"column":9236},"end":{"line":1,"column":9311}},"type":"cond-expr","locations":[{"start":{"line":1,"column":9238},"end":{"line":1,"column":9281}},{"start":{"line":1,"column":9282},"end":{"line":1,"column":9311}}],"line":1},"19":{"loc":{"start":{"line":1,"column":9658},"end":{"line":1,"column":9747}},"type":"cond-expr","locations":[{"start":{"line":1,"column":9660},"end":{"line":1,"column":9717}},{"start":{"line":1,"column":9718},"end":{"line":1,"column":9747}}],"line":1},"20":{"loc":{"start":{"line":1,"column":10040},"end":{"line":1,"column":10115}},"type":"cond-expr","locations":[{"start":{"line":1,"column":10042},"end":{"line":1,"column":10085}},{"start":{"line":1,"column":10086},"end":{"line":1,"column":10115}}],"line":1},"21":{"loc":{"start":{"line":1,"column":10381},"end":{"line":1,"column":10433}},"type":"if","locations":[{"start":{"line":1,"column":10381},"end":{"line":1,"column":10433}},{"start":{"line":1,"column":10381},"end":{"line":1,"column":10433}}],"line":1},"22":{"loc":{"start":{"line":1,"column":10433},"end":{"line":1,"column":10511}},"type":"if","locations":[{"start":{"line":1,"column":10433},"end":{"line":1,"column":10511}},{"start":{"line":1,"column":10433},"end":{"line":1,"column":10511}}],"line":1},"23":{"loc":{"start":{"line":1,"column":11354},"end":{"line":1,"column":11726}},"type":"if","locations":[{"start":{"line":1,"column":11354},"end":{"line":1,"column":11726}},{"start":{"line":1,"column":11354},"end":{"line":1,"column":11726}}],"line":1},"24":{"loc":{"start":{"line":1,"column":11360},"end":{"line":1,"column":11686}},"type":"if","locations":[{"start":{"line":1,"column":11360},"end":{"line":1,"column":11686}},{"start":{"line":1,"column":11360},"end":{"line":1,"column":11686}}],"line":1},"25":{"loc":{"start":{"line":1,"column":11487},"end":{"line":1,"column":11501}},"type":"cond-expr","locations":[{"start":{"line":1,"column":11489},"end":{"line":1,"column":11496}},{"start":{"line":1,"column":11497},"end":{"line":1,"column":11501}}],"line":1},"26":{"loc":{"start":{"line":1,"column":11502},"end":{"line":1,"column":11621}},"type":"binary-expr","locations":[{"start":{"line":1,"column":11502},"end":{"line":1,"column":11503}},{"start":{"line":1,"column":11506},"end":{"line":1,"column":11620}}],"line":1},"27":{"loc":{"start":{"line":1,"column":13504},"end":{"line":1,"column":13591}},"type":"cond-expr","locations":[{"start":{"line":1,"column":13506},"end":{"line":1,"column":13561}},{"start":{"line":1,"column":13562},"end":{"line":1,"column":13591}}],"line":1},"28":{"loc":{"start":{"line":1,"column":13769},"end":{"line":1,"column":13856}},"type":"cond-expr","locations":[{"start":{"line":1,"column":13771},"end":{"line":1,"column":13826}},{"start":{"line":1,"column":13827},"end":{"line":1,"column":13856}}],"line":1},"29":{"loc":{"start":{"line":1,"column":14020},"end":{"line":1,"column":14095}},"type":"cond-expr","locations":[{"start":{"line":1,"column":14022},"end":{"line":1,"column":14065}},{"start":{"line":1,"column":14066},"end":{"line":1,"column":14095}}],"line":1},"30":{"loc":{"start":{"line":1,"column":14347},"end":{"line":1,"column":14422}},"type":"cond-expr","locations":[{"start":{"line":1,"column":14349},"end":{"line":1,"column":14392}},{"start":{"line":1,"column":14393},"end":{"line":1,"column":14422}}],"line":1},"31":{"loc":{"start":{"line":1,"column":14715},"end":{"line":1,"column":14800}},"type":"cond-expr","locations":[{"start":{"line":1,"column":14717},"end":{"line":1,"column":14770}},{"start":{"line":1,"column":14771},"end":{"line":1,"column":14800}}],"line":1},"32":{"loc":{"start":{"line":1,"column":14908},"end":{"line":1,"column":14993}},"type":"cond-expr","locations":[{"start":{"line":1,"column":14910},"end":{"line":1,"column":14963}},{"start":{"line":1,"column":14964},"end":{"line":1,"column":14993}}],"line":1},"33":{"loc":{"start":{"line":1,"column":15125},"end":{"line":1,"column":15200}},"type":"cond-expr","locations":[{"start":{"line":1,"column":15127},"end":{"line":1,"column":15170}},{"start":{"line":1,"column":15171},"end":{"line":1,"column":15200}}],"line":1},"34":{"loc":{"start":{"line":1,"column":15307},"end":{"line":1,"column":15394}},"type":"cond-expr","locations":[{"start":{"line":1,"column":15309},"end":{"line":1,"column":15364}},{"start":{"line":1,"column":15365},"end":{"line":1,"column":15394}}],"line":1},"35":{"loc":{"start":{"line":1,"column":15645},"end":{"line":1,"column":15720}},"type":"cond-expr","locations":[{"start":{"line":1,"column":15647},"end":{"line":1,"column":15690}},{"start":{"line":1,"column":15691},"end":{"line":1,"column":15720}}],"line":1},"36":{"loc":{"start":{"line":1,"column":16585},"end":{"line":1,"column":16735}},"type":"if","locations":[{"start":{"line":1,"column":16585},"end":{"line":1,"column":16735}},{"start":{"line":1,"column":16585},"end":{"line":1,"column":16735}}],"line":1},"37":{"loc":{"start":{"line":1,"column":16735},"end":{"line":1,"column":16797}},"type":"if","locations":[{"start":{"line":1,"column":16735},"end":{"line":1,"column":16797}},{"start":{"line":1,"column":16735},"end":{"line":1,"column":16797}}],"line":1},"38":{"loc":{"start":{"line":1,"column":16817},"end":{"line":1,"column":16892}},"type":"cond-expr","locations":[{"start":{"line":1,"column":16819},"end":{"line":1,"column":16862}},{"start":{"line":1,"column":16863},"end":{"line":1,"column":16892}}],"line":1},"39":{"loc":{"start":{"line":1,"column":17021},"end":{"line":1,"column":17124}},"type":"cond-expr","locations":[{"start":{"line":1,"column":17023},"end":{"line":1,"column":17094}},{"start":{"line":1,"column":17095},"end":{"line":1,"column":17124}}],"line":1},"40":{"loc":{"start":{"line":1,"column":17238},"end":{"line":1,"column":17339}},"type":"cond-expr","locations":[{"start":{"line":1,"column":17240},"end":{"line":1,"column":17309}},{"start":{"line":1,"column":17310},"end":{"line":1,"column":17339}}],"line":1},"41":{"loc":{"start":{"line":1,"column":17590},"end":{"line":1,"column":17669}},"type":"if","locations":[{"start":{"line":1,"column":17590},"end":{"line":1,"column":17669}},{"start":{"line":1,"column":17590},"end":{"line":1,"column":17669}}],"line":1},"42":{"loc":{"start":{"line":1,"column":17669},"end":{"line":1,"column":17754}},"type":"if","locations":[{"start":{"line":1,"column":17669},"end":{"line":1,"column":17754}},{"start":{"line":1,"column":17669},"end":{"line":1,"column":17754}}],"line":1},"43":{"loc":{"start":{"line":1,"column":17754},"end":{"line":1,"column":18037}},"type":"if","locations":[{"start":{"line":1,"column":17754},"end":{"line":1,"column":18037}},{"start":{"line":1,"column":17754},"end":{"line":1,"column":18037}}],"line":1},"44":{"loc":{"start":{"line":1,"column":17766},"end":{"line":1,"column":17853}},"type":"if","locations":[{"start":{"line":1,"column":17766},"end":{"line":1,"column":17853}},{"start":{"line":1,"column":17766},"end":{"line":1,"column":17853}}],"line":1},"45":{"loc":{"start":{"line":1,"column":17900},"end":{"line":1,"column":17975}},"type":"cond-expr","locations":[{"start":{"line":1,"column":17902},"end":{"line":1,"column":17945}},{"start":{"line":1,"column":17946},"end":{"line":1,"column":17975}}],"line":1}},"s":{"0":1,"1":1,"2":53,"3":31,"4":22,"5":22,"6":1,"7":0,"8":1,"9":0,"10":0,"11":0,"12":0,"13":0,"14":0,"15":0,"16":0,"17":0,"18":0,"19":0,"20":0,"21":0,"22":0,"23":0,"24":1,"25":1,"26":1,"27":1,"28":1,"29":1,"30":1,"31":1,"32":1,"33":1,"34":1,"35":1,"36":6,"37":6,"38":0,"39":0,"40":0,"41":0,"42":0,"43":0,"44":0,"45":0,"46":0,"47":1,"48":1,"49":1,"50":1,"51":1,"52":1,"53":1,"54":1,"55":1,"56":1,"57":1,"58":1,"59":0,"60":1,"61":2,"62":2,"63":2,"64":2,"65":2,"66":0,"67":2,"68":0,"69":0,"70":0,"71":0,"72":0,"73":0,"74":0,"75":0,"76":0,"77":0,"78":0,"79":0,"80":0,"81":0,"82":0,"83":0,"84":0,"85":0,"86":0,"87":0,"88":0,"89":0,"90":0,"91":0,"92":0,"93":0,"94":0,"95":0,"96":0,"97":0,"98":0,"99":0,"100":0,"101":0,"102":0,"103":0,"104":0,"105":0,"106":0,"107":0,"108":0,"109":0,"110":0,"111":0,"112":0,"113":0,"114":0,"115":0,"116":0,"117":0,"118":0,"119":0,"120":0,"121":0,"122":0,"123":0,"124":0,"125":0,"126":0,"127":0,"128":0,"129":0,"130":0,"131":0,"132":0,"133":1,"134":1,"135":1,"136":1,"137":1,"138":1,"139":1,"140":1,"141":1,"142":1,"143":1,"144":1,"145":1,"146":1,"147":1,"148":1,"149":1,"150":1,"151":1,"152":1,"153":1,"154":1,"155":1,"156":1,"157":1,"158":1,"159":1,"160":1,"161":1,"162":1,"163":1,"164":1,"165":1,"166":0,"167":0,"168":1,"169":1,"170":0,"171":0,"172":1,"173":1,"174":0,"175":0,"176":0,"177":0,"178":0,"179":0,"180":0,"181":0,"182":0,"183":0,"184":0,"185":0,"186":0,"187":0,"188":0,"189":0,"190":0,"191":0,"192":0,"193":0,"194":1,"195":1,"196":0,"197":1,"198":1,"199":1,"200":1,"201":0,"202":1,"203":1,"204":0,"205":1,"206":1,"207":1,"208":1,"209":1,"210":0,"211":1,"212":1,"213":1,"214":1,"215":0,"216":0,"217":0,"218":0,"219":0,"220":0,"221":0,"222":0,"223":0,"224":0,"225":0,"226":0,"227":0,"228":0,"229":0,"230":0,"231":0,"232":0,"233":0,"234":1,"235":1,"236":1,"237":1,"238":1,"239":1,"240":1,"241":1,"242":0,"243":0,"244":0,"245":1,"246":1,"247":1,"248":1,"249":1,"250":1,"251":1,"252":1,"253":1,"254":0,"255":1,"256":1,"257":1,"258":1,"259":1,"260":1,"261":1,"262":1,"263":1,"264":1,"265":1,"266":1,"267":1,"268":1,"269":1,"270":1,"271":0,"272":2,"273":2,"274":2,"275":2,"276":2,"277":2,"278":0,"279":0,"280":0,"281":0,"282":0,"283":0,"284":0,"285":0,"286":0,"287":0,"288":0,"289":0,"290":0,"291":0,"292":0,"293":0,"294":0,"295":0,"296":0,"297":0,"298":0,"299":0,"300":0,"301":0,"302":0,"303":0,"304":0,"305":0,"306":0,"307":0,"308":0,"309":0,"310":0,"311":0,"312":0,"313":0,"314":0,"315":0,"316":0,"317":0,"318":0,"319":0,"320":0,"321":0,"322":0,"323":0,"324":0,"325":0,"326":0,"327":0,"328":0,"329":0,"330":0,"331":1,"332":1,"333":1,"334":1,"335":1,"336":1,"337":1,"338":1,"339":1,"340":1,"341":1,"342":1,"343":0,"344":0,"345":0,"346":0,"347":0,"348":0,"349":0,"350":0,"351":0,"352":0,"353":0,"354":0,"355":0,"356":0,"357":0,"358":0,"359":0,"360":0,"361":0,"362":0,"363":0,"364":0,"365":0,"366":0,"367":0,"368":0,"369":0,"370":0,"371":0,"372":0,"373":0,"374":0,"375":0,"376":0,"377":0,"378":0,"379":0,"380":0,"381":0,"382":0,"383":0,"384":1,"385":1,"386":0,"387":0,"388":0,"389":0,"390":0,"391":0,"392":0,"393":0,"394":0,"395":0,"396":0,"397":0,"398":0,"399":0,"400":0,"401":0,"402":0,"403":0,"404":0,"405":0,"406":0,"407":0,"408":0,"409":0,"410":0,"411":0,"412":0,"413":0,"414":0,"415":0,"416":0,"417":0,"418":0,"419":0,"420":0,"421":0,"422":0,"423":0,"424":0,"425":0,"426":0},"f":{"0":1,"1":53,"2":0,"3":1,"4":0,"5":0,"6":0,"7":0,"8":0,"9":0,"10":1,"11":1,"12":1,"13":1,"14":6,"15":0,"16":1,"17":1,"18":1,"19":1,"20":1,"21":1,"22":1,"23":2,"24":0,"25":0,"26":0,"27":0,"28":0,"29":0,"30":0,"31":0,"32":0,"33":0,"34":1,"35":1,"36":1,"37":1,"38":1,"39":1,"40":1,"41":1,"42":1,"43":1,"44":0,"45":0,"46":0,"47":0,"48":1,"49":1,"50":1,"51":0,"52":0,"53":0,"54":1,"55":1,"56":1,"57":1,"58":1,"59":1,"60":1,"61":2,"62":0,"63":0,"64":0,"65":0,"66":0,"67":0,"68":0,"69":1,"70":1,"71":0,"72":0,"73":0,"74":0,"75":1,"76":0,"77":0,"78":0,"79":0,"80":0,"81":0,"82":0},"b":{"0":[31,22],"1":[0,0],"2":[1,1,1],"3":[0,0],"4":[0,0],"5":[0,0],"6":[0,0,0,0],"7":[0,0],"8":[0,0],"9":[0,0],"10":[0,0],"11":[0,0],"12":[0,0],"13":[0,0],"14":[1,1],"15":[0,1],"16":[0,1],"17":[0,0],"18":[0,0],"19":[1,0],"20":[1,0],"21":[0,0],"22":[0,0],"23":[1,0],"24":[1,0],"25":[0,1],"26":[1,1],"27":[1,0],"28":[2,0],"29":[0,0],"30":[0,0],"31":[0,0],"32":[0,0],"33":[0,0],"34":[0,0],"35":[0,0],"36":[0,0],"37":[0,0],"38":[0,0],"39":[0,0],"40":[0,0],"41":[0,0],"42":[0,0],"43":[0,0],"44":[0,0],"45":[0,0]},"inputSourceMap":{"version":3,"sources":["webpack:///webpack/bootstrap","webpack:///./config/database.js","webpack:///external \"express\"","webpack:///external \"joi\"","webpack:///./middlewares/index.js","webpack:///external \"moment\"","webpack:///external \"bcryptjs\"","webpack:///external \"jsonwebtoken\"","webpack:///external \"dotenv\"","webpack:///external \"colors\"","webpack:///./repository/beds.repo.js","webpack:///./src/index.js","webpack:///external \"cors\"","webpack:///external \"mysql2/promise\"","webpack:///./routes/users.js","webpack:///./controllers/user.controller.js","webpack:///./repository/user.repo.js","webpack:///./routes/beds.js","webpack:///./controllers/beds.controller.js","webpack:///./routes/bedsdealing.js","webpack:///./controllers/bedsdealing.controller.js","webpack:///./repository/bedsdealing.repo.js"],"names":["installedModules","__webpack_require__","moduleId","exports","module","i","l","modules","call","m","c","d","name","getter","o","Object","defineProperty","enumerable","get","r","Symbol","toStringTag","value","t","mode","__esModule","ns","create","key","bind","n","object","property","prototype","hasOwnProperty","p","s","mysql","require","config","DB_HOST","DB_USER","DB_PASSWORD","DB_NAME","process","env","pool","createPool","host","user","password","database","waitForConnections","connectionLimit","queueLimit","request","moment","logger","async","req","res","next","timestamp","Date","format","console","log","yellow","method","originalUrl","inverse","isLoggedIn","authorization","headers","status","send","tokens","query","token","users","user_id","selectBedsReady","conn","getConnection","beginTransaction","beds","commit","message","err","rollback","toString","release","selectBedsSearch","search","deleteBedById","bedsdealing","bed_id","length","updateBedsAddress","address","lat","lng","updateBedsAmount","amount","selectBedsDetail","bed","updateBedsState","state","selectBedsByUser","insertBed","selectBedById","selectBedAmount","reduceBedAmount","express","app","cors","use","static","json","urlencoded","extended","userRouter","bedsRouter","bedsdealingsRouter","router","port","PORT","listen","rainbow","raw","changepassword","updateProfile","logout","getProfile","signin","signup","Router","put","post","Joi","bcrypt","updateUserPass","updateUserProfile","deleteTokens","selectUserByEmail","checkEmail","checkIdcard","addUser","changepasswordSchema","oldpassword","string","required","min","max","c_password","valid","ref","profileSchema","firstname","lastname","phone","pattern","lineid","signinSchema","email","signupSchema","fname","lname","idcard","external","helpers","ValidationError","validateAsync","body","abortEarly","id","response","password_encrypted","hash","jwt","rawPassword","compare","sign","TOKEN_KEY","rows","_","getBedsAvailable","getBedsSearch","deleteBed","changeBedAddress","changeAmountBed","getBedDetail","changeStateBed","getBedsByUser","addBed","delete","bedAddressSchema","bedAmountSchema","number","bedsSchema","params","changeBedsdealingState","getBedsdealingState","getBedsdealingByUser","addBedsdealing","selectBedsdealingById","updateBedsdealing","customerBedsdealing","bedsdealingByUserId","selectBedsdealingBedIdByBedId","insertBedsdealing","bedsdealingSchema","date","greater","bedsdealing_id","availableDate","customers","customer","selectBedsdealingByBedId"],"mappings":"kEACE,IAAIA,EAAmB,GAGvB,SAASC,EAAoBC,GAG5B,GAAGF,EAAiBE,GACnB,OAAOF,EAAiBE,GAAUC,QAGnC,IAAIC,EAASJ,EAAiBE,GAAY,CACzCG,EAAGH,EACHI,GAAG,EACHH,QAAS,IAUV,OANAI,EAAQL,GAAUM,KAAKJ,EAAOD,QAASC,EAAQA,EAAOD,QAASF,GAG/DG,EAAOE,GAAI,EAGJF,EAAOD,QA0Df,OArDAF,EAAoBQ,EAAIF,EAGxBN,EAAoBS,EAAIV,EAGxBC,EAAoBU,EAAI,SAASR,EAASS,EAAMC,GAC3CZ,EAAoBa,EAAEX,EAASS,IAClCG,OAAOC,eAAeb,EAASS,EAAM,CAAEK,YAAY,EAAMC,IAAKL,KAKhEZ,EAAoBkB,EAAI,SAAShB,GACX,oBAAXiB,QAA0BA,OAAOC,aAC1CN,OAAOC,eAAeb,EAASiB,OAAOC,YAAa,CAAEC,MAAO,WAE7DP,OAAOC,eAAeb,EAAS,aAAc,CAAEmB,OAAO,KAQvDrB,EAAoBsB,EAAI,SAASD,EAAOE,GAEvC,GADU,EAAPA,IAAUF,EAAQrB,EAAoBqB,IAC/B,EAAPE,EAAU,OAAOF,EACpB,GAAW,EAAPE,GAA8B,iBAAVF,GAAsBA,GAASA,EAAMG,WAAY,OAAOH,EAChF,IAAII,EAAKX,OAAOY,OAAO,MAGvB,GAFA1B,EAAoBkB,EAAEO,GACtBX,OAAOC,eAAeU,EAAI,UAAW,CAAET,YAAY,EAAMK,MAAOA,IACtD,EAAPE,GAA4B,iBAATF,EAAmB,IAAI,IAAIM,KAAON,EAAOrB,EAAoBU,EAAEe,EAAIE,EAAK,SAASA,GAAO,OAAON,EAAMM,IAAQC,KAAK,KAAMD,IAC9I,OAAOF,GAIRzB,EAAoB6B,EAAI,SAAS1B,GAChC,IAAIS,EAAST,GAAUA,EAAOqB,WAC7B,WAAwB,OAAOrB,EAAgB,SAC/C,WAA8B,OAAOA,GAEtC,OADAH,EAAoBU,EAAEE,EAAQ,IAAKA,GAC5BA,GAIRZ,EAAoBa,EAAI,SAASiB,EAAQC,GAAY,OAAOjB,OAAOkB,UAAUC,eAAe1B,KAAKuB,EAAQC,IAGzG/B,EAAoBkC,EAAI,IAIjBlC,EAAoBA,EAAoBmC,EAAI,I,kBClFrD,MAAMC,EAAQC,EAAQ,IACtBA,EAAQ,GAAUC,SAClB,MAAM,QAAEC,EAAF,QAAWC,EAAX,YAAoBC,EAApB,QAAiCC,GAAYC,QAAQC,IAErDC,EAAOT,EAAMU,WAAW,CAC5BC,KAAMR,EACNS,KAAMR,EACNS,SAAUR,EACVS,SAAUR,EACVS,oBAAoB,EACpBC,gBAAiB,GACjBC,WAAY,IAGdlD,EAAOD,QAAU2C,G,cCdjB1C,EAAOD,QAAUmC,QAAQ,Y,cCAzBlC,EAAOD,QAAUmC,QAAQ,Q,gBCAzB,MAAM,QAAEiB,GAAYjB,EAAQ,GACtBQ,EAAOR,EAAQ,GACfkB,EAASlB,EAAQ,GACRA,EAAQ,GAkCvBlC,EAAOD,QAAU,CACfsD,OAjCFC,eAAsBC,EAAKC,EAAKC,GAC9B,MAAMC,EAAYN,EAAO,IAAIO,MAAQC,OAAO,qBAC5CC,QAAQC,KACL,GAAEJ,GAAYK,OAAU,MAAQ,GAAER,EAAIS,WAAWT,EAAIU,cAAcC,SAEtET,KA6BAU,WA1BFb,eAA0BC,EAAKC,EAAKC,GAClC,IAAIW,EAAgBb,EAAIc,QAAQD,cAEhC,IAAKA,EACH,OAAOZ,EAAIc,OAAO,KAAKC,KAAK,gCAG9B,MAAOC,SAAgB9B,EAAK+B,MAAM,uCAAwC,CACxEL,IAEIM,EAAQF,EAAO,GACrB,IAAKE,EACH,OAAOlB,EAAIc,OAAO,KAAKC,KAAK,gCAG9B,OAAQI,UAAgBjC,EAAK+B,MAC3B,6FACA,CAACC,EAAME,UAETrB,EAAIV,KAAO8B,EAEXlB,O,cClCFzD,EAAOD,QAAUmC,QAAQ,W,cCAzBlC,EAAOD,QAAUmC,QAAQ,a,cCAzBlC,EAAOD,QAAUmC,QAAQ,iB,cCAzBlC,EAAOD,QAAUmC,QAAQ,W,cCAzBlC,EAAOD,QAAUmC,QAAQ,W,gBCAzB,MAAMQ,EAAOR,EAAQ,GA2SrBlC,EAAOD,QAAU,CACf8E,gBA1SsBvB,UACtB,MAAMwB,QAAapC,EAAKqC,sBAClBD,EAAKE,mBACX,IACE,MAAOC,SAAcH,EAAKL,MACxB,qDAGF,OADAK,EAAKI,SACE,CACLZ,QAAQ,EACRa,QAAS,oBACTF,KAAMA,GAER,MAAOG,GAEP,OADAN,EAAKO,WACE,CACLf,QAAQ,EACRa,QAASC,EAAIE,YAdjB,QAiBER,EAAKS,YAuRPC,iBAnRuBlC,UACvB,MAAMwB,QAAapC,EAAKqC,sBAClBD,EAAKE,mBAEX,IACE,MAAOC,SAAcH,EAAKL,MACxB,uEACA,CAACgB,IAGH,OADAX,EAAKI,SACE,CACLZ,QAAQ,EACRa,QAAS,oBACTF,KAAMA,GAER,MAAOG,GAEP,OADAN,EAAKO,WACE,CACLf,QAAQ,EACRa,QAASC,EAAIE,YAfjB,QAkBER,EAAKS,YA8PPG,cA1PoBpC,UACpB,MAAMwB,QAAapC,EAAKqC,sBAClBD,EAAKE,mBAEX,IACE,MAAOW,SAAqBb,EAAKL,MAC9B,6CACD,CAACmB,IAGH,OAAID,EAAYE,OAAS,EAChB,CACLvB,QAAQ,EACRa,QAAS,kDAGPL,EAAKL,MAAM,gCAAiC,CAACmB,IACnDd,EAAKI,SACE,CACLZ,QAAQ,EACRa,QAAS,iBAEX,MAAOC,GAEP,OADAN,EAAKO,WACE,CACLf,QAAQ,EACRa,QAASC,EAAIE,YAtBjB,QAyBER,EAAKS,YA8NPO,kBA1NwBxC,MAAOyC,EAASC,EAAKC,EAAKL,KAClD,MAAMd,QAAapC,EAAKqC,sBAClBD,EAAKE,mBAEX,IAQE,aAPMF,EAAKL,MAAM,uDAAwD,CACvEsB,EACAC,EACAC,EACAL,IAEFd,EAAKI,SACE,CACLZ,QAAQ,EACRa,QAAS,+BAEX,MAAOC,GAEP,OADAN,EAAKO,WACE,CACLf,QAAQ,EACRa,QAASC,EAAIE,YAhBjB,QAmBER,EAAKS,YAoMPW,iBAhMuB5C,MAAO6C,EAAQP,KACtC,MAAMd,QAAapC,EAAKqC,sBAClBD,EAAKE,mBAEX,IAGE,aAFMF,EAAKL,MAAM,wCAAyC,CAAC0B,EAAQP,IACnEd,EAAKI,SACE,CACLZ,QAAQ,EACRa,QAAS,2BAEX,MAAOC,GAEP,OADAN,EAAKO,WACE,CACLf,QAAQ,EACRa,QAASC,EAAIE,YAXjB,QAcER,EAAKS,YA+KPa,iBA3KuB9C,UACvB,MAAMwB,QAAapC,EAAKqC,sBAClBD,EAAKE,mBAEX,IACE,OAAQqB,UAAcvB,EAAKL,MACxB,0RAID,CAACmB,IAGH,OADAd,EAAKI,SACE,CACLZ,QAAQ,EACRa,QAAS,oBACTkB,IAAKA,GAEP,MAAOjB,GAEP,OADAN,EAAKO,WACE,CACLf,QAAQ,EACRa,QAASC,EAAIE,YAlBjB,QAqBER,EAAKS,YAmJPe,gBA/IsBhD,MAAOiD,EAAOX,KACpC,MAAMd,QAAapC,EAAKqC,sBAClBD,EAAKE,mBAEX,IAIE,aAHMF,EAAKL,MAAM,uCAAwC,CAAC8B,EAAOX,IAEjEd,EAAKI,SACE,CACLZ,QAAQ,EACRa,QAAS,2BAEX,MAAOC,GAEP,OADAN,EAAKO,WACE,CACLf,QAAQ,EACRa,QAASC,EAAIE,YAZjB,QAeER,EAAKS,YA6HPiB,iBAzHuBlD,UACvB,MAAMwB,QAAapC,EAAKqC,sBAClBD,EAAKE,mBAEX,IACE,MAAOC,SAAcH,EAAKL,MACvB,6UAaD,CAACG,IAGH,OADAE,EAAKI,SACE,CACLZ,QAAQ,EACRa,QAAS,oBACTF,KAAMA,GAER,MAAOG,GAEP,OADAN,EAAKO,WACE,CACLf,QAAQ,EACRa,QAASC,EAAIE,YA3BjB,QA8BER,EAAKS,YAwFPkB,UApFgBnD,MAAO6C,EAAQJ,EAASC,EAAKC,EAAKrB,KAClD,MAAME,QAAapC,EAAKqC,sBAClBD,EAAKE,mBAEX,IAME,aALMF,EAAKL,MACT,8EACA,CAAC0B,EAAQJ,EAASC,EAAKC,EAAKrB,IAE9BE,EAAKI,SACE,CACLZ,QAAQ,EACRa,QAAS,sBAEX,MAAOC,GAEP,OADAN,EAAKO,WACE,CACLf,QAAQ,EACRa,QAASC,EAAIE,YAdjB,QAiBER,EAAKS,YAgEPmB,cA5DoBpD,UACpB,MAAMwB,QAAapC,EAAKqC,sBAClBD,EAAKE,mBACX,IACE,OAAQqB,UAAcvB,EAAKL,MAAO,kCAAkC,CAClEmB,IAGF,OADAd,EAAKI,SACEmB,EACP,MAAOjB,GAEP,YADAN,EAAKO,WAPP,QAUEP,EAAKS,YAgDPoB,gBA5CsBrD,UACtB,MAAMwB,QAAapC,EAAKqC,sBAClBD,EAAKE,mBACX,IACE,OAAQqB,UAAcvB,EAAKL,MACzB,kDACA,CAACmB,IAGH,OADAd,EAAKI,SACEmB,EACP,MAAOjB,GACPN,EAAKO,WARP,QAUEP,EAAKS,YAgCPqB,gBA5BsBtD,MAAO6C,EAAQP,KACrC,MAAMd,QAAapC,EAAKqC,sBAClBD,EAAKE,mBACX,UACQF,EAAKL,MAAM,wCAAyC,CACxD0B,EAAS,EACTP,IAEFd,EAAKI,SACL,MAAOE,GACPN,EAAKO,WAPP,QASEP,EAAKS,c,8DCvSTrD,SAAQ,GAAUC,SACHD,EAAQ,GAAvB,MACM2E,EAAU3E,EAAQ,GAClB4E,EAAMD,IACNE,EAAO7E,EAAQ,KACf,OAAEmB,GAAWnB,EAAQ,GAE3B4E,EAAIE,IAAID,KACRD,EAAIE,IAAI3D,GAERyD,EAAIE,IAAIH,EAAQI,OAAO,WACvBH,EAAIE,IAAIH,EAAQK,QAChBJ,EAAIE,IAAIH,EAAQM,WAAW,CAAEC,UAAU,KAGvC,MAAMC,EAAanF,EAAQ,IACrBoF,EAAapF,EAAQ,IACrBqF,EAAqBrF,EAAQ,IAGnC4E,EAAIE,IAAIK,EAAWG,QACnBV,EAAIE,IAAIM,EAAWE,QACnBV,EAAIE,IAAIO,EAAmBC,QAE3B,MAAMC,EAAOjF,QAAQC,IAAIiF,MAAQ,KAEjCZ,EAAIa,OAAOF,EAAM,KACf5D,QAAQC,KAAK,2CAA0C2D,GAAOG,WAGjDd,a,cC9Bf9G,EAAOD,QAAUmC,QAAQ,S,cCAzBlC,EAAOD,QAAUmC,QAAQ,mB,gBCAVM,QAAQC,IAAvB,MACMoE,EAAU3E,EAAQ,IAKlB,WAAEiC,IAJKjC,EAAQ,GACTA,EAAQ,GACLA,EAAQ,GACXA,EAAQ,GACGA,EAAQ,KACzB,IAAE2F,GAAQ3F,EAAQ,IAElB,eACJ4F,EADI,cAEJC,EAFI,OAGJC,EAHI,WAIJC,EAJI,OAKJC,EALI,OAMJC,GACEjG,EAAQ,IAEZsF,OAASX,EAAQuB,SAEjBZ,OAAO1G,IAAI,IAAKwC,MAAOC,EAAKC,EAAKC,KAC/BD,EAAIc,OAAO,KAAKC,KAAK,gCAGvBiD,OAAOa,IAAI,wBAAyBlE,EAAY2D,GAEhDN,OAAOa,IAAI,iBAAkBlE,EAAY4D,GAEzCP,OAAOc,KAAK,gBAAiBnE,EAAY6D,GAEzCR,OAAO1G,IAAI,YAAaqD,EAAY8D,GAEpCT,OAAOc,KAAK,gBAAiBJ,GAE7BV,OAAOc,KAAK,gBAAiBH,GAE7BpI,EAAQyH,OAASA,Q,gBCpCFhF,QAAQC,IACVP,EAAQ,GADrB,MAEMqG,EAAMrG,EAAQ,GACdsG,EAAStG,EAAQ,IAGjB,eACJuG,EADI,kBAEJC,EAFI,aAGJC,EAHI,kBAIJC,EAJI,WAKJC,EALI,YAMJC,EANI,QAOJC,IATU7G,EAAQ,GAUhBA,EAAQ,KAEN8G,EAAuBT,EAAI5G,OAAO,CACtCsH,YAAaV,EAAIW,SAASC,WAAWC,IAAI,GAAGC,IAAI,IAChDvG,SAAUyF,EAAIW,SAASC,WAAWC,IAAI,GAAGC,IAAI,IAC7CC,WAAYf,EAAIW,SAASC,WAAWI,MAAMhB,EAAIiB,IAAI,eA6B9CC,EAAgBlB,EAAI5G,OAAO,CAC/B+H,UAAWnB,EAAIW,SAASC,WAAWE,IAAI,KACvCM,SAAUpB,EAAIW,SAASC,WAAWE,IAAI,KACtCO,MAAOrB,EAAIW,SACRC,WACAC,IAAI,IACJC,IAAI,IACJQ,QAAQ,YACXC,OAAQvB,EAAIW,SAASG,IAAI,OA2CrBU,EAAexB,EAAI5G,OAAO,CAC9BqI,MAAOzB,EAAIW,SAASC,WAAWE,IAAI,KAAKW,QACxClH,SAAUyF,EAAIW,SAASC,WAAWC,IAAI,GAAGC,IAAI,MA+CzCY,EAAe1B,EAAI5G,OAAO,CAC9BuI,MAAO3B,EAAIW,SAASC,WAAWE,IAAI,KACnCc,MAAO5B,EAAIW,SAASC,WAAWE,IAAI,KACnCe,OAAQ7B,EAAIW,SACTC,WACAC,IAAI,IACJC,IAAI,IACJQ,QAAQ,YACRQ,SAjBmB/G,MAAOpC,EAAOoJ,KAEpC,UADuBxB,EAAY5H,IACtB2E,OAAS,EAAG,CACvB,MAAMV,EAAU,+BAChB,MAAM,IAAIoD,EAAIgC,gBAAgBpF,EAAS,CAAEA,YAE3C,OAAOjE,IAYP0I,MAAOrB,EAAIW,SACRC,WACAC,IAAI,IACJC,IAAI,IACJQ,QAAQ,YACXG,MAAOzB,EAAIW,SAASC,WAAWE,IAAI,KAAKW,QAAQK,SAjC3B/G,MAAOpC,EAAOoJ,KAGnC,UAFuBzB,EAAW3H,IAErB2E,OAAS,EAAG,CACvB,MAAMV,EAAU,wBAChB,MAAM,IAAIoD,EAAIgC,gBAAgBpF,EAAS,CAAEA,YAE3C,OAAOjE,IA2BP4I,OAAQvB,EAAIW,SAASG,IAAI,KACzBvG,SAAUyF,EAAIW,SAASC,WAAWC,IAAI,GAAGC,IAAI,IAC7CC,WAAYf,EAAIW,SAASC,WAAWI,MAAMhB,EAAIiB,IAAI,eAgCpDxJ,EAAOD,QAAU,CACf+H,eAhLqBxE,MAAOC,EAAKC,KACjC,UACQwF,EAAqBwB,cAAcjH,EAAIkH,KAAM,CAAEC,YAAY,IACjE,MAAOtF,GACP,OAAO5B,EAAI0D,KAAK,CAAE5C,QAAQ,EAAOa,QAASC,EAAID,UAGhD,MAAM,YAAE8D,EAAF,SAAenG,GAAaS,EAAIkH,KAChC7F,EAAUrB,EAAIV,KAAK8H,GAEzB,IACE,MAAMC,QAAiBnC,EAAeQ,EAAanG,EAAU8B,GAEzDgG,EACFpH,EAAI0D,KAAK,CACP5C,OAAQsG,EAAStG,OACjBa,QAASyF,EAASzF,UAGpB3B,EAAIc,OAAO,KAAK4C,KAAK0D,EAASzF,SAEhC,MAAOC,GACP5B,EAAIc,OAAO,KAAK4C,KAAK9B,EAAIE,cA2J3ByC,cA5IoBzE,MAAOC,EAAKC,KAChC,UACQiG,EAAce,cAAcjH,EAAIkH,KAAM,CAAEC,YAAY,IAC1D,MAAOtF,GACP,OAAO5B,EAAI0D,KAAK,CAAE5C,QAAQ,EAAOa,QAASC,EAAID,UAGhD,IACE,MAAM,UAAEuE,EAAF,SAAaC,EAAb,MAAuBC,EAAvB,OAA8BE,GAAWvG,EAAIkH,KAC7C7F,EAAUrB,EAAIV,KAAK8H,GACnBC,QAAiBlC,EACrBgB,EACAC,EACAC,EACAE,EACAlF,GAGEgG,EACFpH,EAAI0D,KAAK,CACP5C,OAAQsG,EAAStG,OACjBa,QAASyF,EAASzF,UAGpB3B,EAAIc,OAAO,KAAK4C,KAAK0D,EAASzF,SAEhC,MAAOC,GACP5B,EAAIc,OAAO,KAAK4C,KAAK9B,EAAIE,cAkH3B0C,OA9Ga1E,MAAOC,EAAKC,WACnBmF,EAAapF,EAAIV,KAAK8H,IAC5BnH,EAAI0D,KAAK,CAAE5C,QAAQ,EAAMa,QAAS,qBA6GlC8C,WA1GiB3E,MAAOC,EAAKC,KAC7BA,EAAI0D,KAAK3D,EAAIV,OA0GbqF,OAlGa5E,MAAOC,EAAKC,KACzB,UACQuG,EAAaS,cAAcjH,EAAIkH,KAAM,CAAEC,YAAY,IACzD,MAAOtF,GACP,OAAO5B,EAAI0D,KAAK,CAAE5C,QAAQ,EAAOa,QAASC,EAAID,UAGhD,IACE,MAAM,MAAE6E,EAAF,SAASlH,GAAaS,EAAIkH,KAC1BG,QAAiBhC,EAAkBoB,EAAOlH,GAE5C8H,EACFpH,EAAI0D,KAAK,CACP5C,OAAQsG,EAAStG,OACjBa,QAASyF,EAASzF,QAClBT,MAAOkG,EAASlG,QAGlBlB,EAAIc,OAAO,KAAK4C,KAAK0D,EAASzF,SAEhC,MAAOC,GACP5B,EAAIc,OAAO,KAAK4C,KAAK9B,EAAIE,cA8E3B6C,OAnCa7E,MAAOC,EAAKC,KACzB,UACQyG,EAAaO,cAAcjH,EAAIkH,KAAM,CAAEC,YAAY,IACzD,MAAOtF,GACP,OAAO5B,EAAI0D,KAAK,CAAE5C,QAAQ,EAAOa,QAASC,EAAID,UAGhD,IACE,MAAM,MAAE+E,EAAF,MAASC,EAAT,OAAgBC,EAAhB,MAAwBR,EAAxB,MAA+BI,EAA/B,OAAsCF,EAAtC,SAA8ChH,GAAaS,EAAIkH,KAC/DI,QAA2BrC,EAAOsC,KAAKhI,EAAU,GACjD8H,QAAiB7B,EACrBmB,EACAC,EACAC,EACAR,EACAI,EACAF,EACAe,GAEED,EACFpH,EAAI0D,KAAK,CAAE5C,OAAQsG,EAAStG,OAAQa,QAASyF,EAASzF,UAEtD3B,EAAIc,OAAO,KAAK4C,KAAK0D,EAASzF,SAEhC,MAAOC,GACP5B,EAAIc,OAAO,KAAK4C,KAAK9B,EAAIE,gB,gBCjM7B,MAAM5C,EAAOR,EAAQ,GACfsG,EAAStG,EAAQ,GACjB6I,EAAM7I,EAAQ,GA0KpBlC,EAAOD,QAAU,CACf0I,eAzKqBnF,MAAO2F,EAAanG,EAAU8B,KACnD,MAAME,QAAapC,EAAKqC,sBAClBD,EAAKE,mBAEX,IACE,OAAQgG,UAAsBlG,EAAKL,MACjC,0CACA,CAACG,IAGH,IAAKoG,EACH,MAAO,CAAE1G,QAAQ,EAAOa,QAAS,qBAC5B,UAAYqD,EAAOyC,QAAQhC,EAAa+B,EAAYlI,UACzD,MAAO,CAAEwB,QAAQ,EAAOa,QAAS,mBAEnC,MAAM0F,QAA2BrC,EAAOsC,KAAKhI,EAAU,GAOvD,aANMgC,EAAKL,MAAM,2CAA4C,CAC3DoG,EACAjG,IAGFE,EAAKI,SACE,CAAEZ,QAAQ,EAAMa,QAAS,yBAChC,MAAOC,GAEP,OADAN,EAAKO,WACE,CACLf,QAAQ,EACRa,QAASC,EAAIE,YAvBjB,QA0BER,EAAKS,YA4IPmD,kBAxIwBpF,MACxBoG,EACAC,EACAC,EACAE,EACAlF,KAEA,MAAME,QAAapC,EAAKqC,sBAClBD,EAAKE,mBACX,IAME,aALMF,EAAKL,MACT,2EACA,CAACiF,EAAWC,EAAUC,EAAOE,EAAQlF,IAEvCE,EAAKI,SACE,CAAEZ,QAAQ,EAAMa,QAAS,qBAChC,MAAOC,GAEP,OADAN,EAAKO,WACE,CACLf,QAAQ,EACRa,QAASC,EAAIE,YAXjB,QAcER,EAAKS,YAkHPoD,aA9GmBrF,gBACbZ,EAAK+B,MAAM,wCAAyC,CAACG,KA8G3DgE,kBA3GwBtF,MAAO0G,EAAOlH,KACtC,MAAMgC,QAAapC,EAAKqC,sBAClBD,EAAKE,mBAEX,IACE,OAAQnC,UAAeiC,EAAKL,MAC1B,wDACA,CAACuF,IAGH,GAAKnH,EAEE,UAAY2F,EAAOyC,QAAQnI,EAAUD,EAAKC,UAE1C,CACL,OAAQ0B,UAAiBM,EAAKL,MAC5B,6CACA,CAAC5B,EAAK8H,KAER,IAAIjG,EAeJ,OAbEA,EADEF,EACMA,EAAOE,MAEP,KAELA,IACHA,EAAQqG,EAAIG,KAAKrI,EAAKmH,MAAOxH,QAAQC,IAAI0I,iBACnCrG,EAAKL,MAAM,mDAAoD,CACnEC,EACA7B,EAAK8H,MAIT7F,EAAKI,SACE,CACLZ,QAAQ,EACRa,QAAS,yBACTT,MAAOA,GAxBT,MAAO,CAAEJ,QAAQ,EAAOa,QAAS,eAFjC,MAAO,CAAEb,QAAQ,EAAOa,QAAS,uBA6BnC,MAAOC,GAGP,OAFAN,EAAKO,WAEE,CACLf,QAAQ,EACRa,QAASC,EAAIE,YAzCjB,QA4CER,EAAKS,YA4DPsD,WAxDiBvF,UACjB,MAAO8H,EAAMC,SAAW3I,EAAK+B,MAC3B,0CACA,CAACuF,IAEH,OAAOoB,GAoDPtC,YAjDkBxF,UAClB,MAAO8H,EAAMC,SAAW3I,EAAK+B,MAC3B,4CACA,CAAC2F,IAEH,OAAOgB,GA6CPrC,QA1CczF,MACd4G,EACAC,EACAC,EACAR,EACAI,EACAF,EACAe,KAEA,MAAM/F,QAAapC,EAAKqC,sBAClBD,EAAKE,mBAEX,IAOE,aANMF,EAAKL,MACT,8GACA,CAACyF,EAAOC,EAAOC,EAAQR,EAAOI,EAAOF,EAAQe,IAE/C/F,EAAKI,SAEE,CACLZ,QAAQ,EACRa,QAAS,mBAEX,MAAOC,GAGP,OAFAN,EAAKO,WAEE,CACLf,QAAQ,EACRa,QAASC,EAAIE,YAhBjB,QAmBER,EAAKS,c,gBCxKM/C,QAAQC,IAAvB,MACMoE,EAAU3E,EAAQ,IAGlB,WAAEiC,IAFKjC,EAAQ,GACTA,EAAQ,GACGA,EAAQ,KAEzB,iBACJoJ,EADI,cAEJC,EAFI,UAGJC,EAHI,iBAIJC,EAJI,gBAKJC,EALI,aAMJC,EANI,eAOJC,EAPI,cAQJC,EARI,OASJC,GACE5J,EAAQ,IAEZsF,OAASX,EAAQuB,SAEjBZ,OAAO1G,IAAI,kBAAmBwK,GAE9B9D,OAAO1G,IAAI,eAAgByK,GAE3B/D,OAAOuE,OAAO,WAAY5H,EAAYqH,GAEtChE,OAAOa,IAAI,mBAAoBlE,EAAYsH,GAE3CjE,OAAOa,IAAI,kBAAmBlE,EAAYuH,GAE1ClE,OAAO1G,IAAI,WAAYqD,EAAYwH,GAEnCnE,OAAOa,IAAI,iBAAkBlE,EAAYyH,GAEzCpE,OAAO1G,IAAI,cAAeqD,EAAY0H,GAEtCrE,OAAOc,KAAK,QAASnE,EAAY2H,GAEjC/L,EAAQyH,OAASA,Q,gBCtCjB,MAAM9E,EAAOR,EAAQ,GACfqG,EAAMrG,EAAQ,IAEd,gBACJ2C,EADI,iBAEJW,EAFI,cAGJE,EAHI,kBAIJI,EAJI,iBAKJI,EALI,iBAMJE,EANI,gBAOJE,EAPI,iBAQJE,EARI,UASJC,GACEvE,EAAQ,GA6DN8J,EAAmBzD,EAAI5G,OAAO,CAClCoE,QAASwC,EAAIW,SAASC,WACtBnD,IAAKuC,EAAIY,WACTlD,IAAKsC,EAAIY,aA4BL8C,EAAkB1D,EAAI5G,OAAO,CACjCwE,OAAQoC,EAAI2D,SAAS/C,WAAWC,IAAI,GAAGC,IAAI,QAyFvC8C,EAAa5D,EAAI5G,OAAO,CAC5BwE,OAAQoC,EAAI2D,SAAS/C,WAAWC,IAAI,GAAGC,IAAI,MAC3CtD,QAASwC,EAAIW,SAASC,WACtBnD,IAAKuC,EAAIY,WACTlD,IAAKsC,EAAIY,aA4BXnJ,EAAOD,QAAU,CACfuL,iBArNuBhI,MAAOC,EAAKC,KACnC,IACE,MAAMoH,QAAiB/F,IACnB+F,EACFpH,EAAI0D,KAAK,CACP5C,OAAQsG,EAAStG,OACjBa,QAASyF,EAASzF,QAClBF,KAAM2F,EAAS3F,OAGjBzB,EAAIc,OAAO,KAAK4C,KAAK0D,EAASzF,SAEhC,MAAOC,GACP5B,EAAIc,OAAO,KAAK4C,KAAK9B,EAAIE,cAyM3BiG,cArMoBjI,MAAOC,EAAKC,KAChC,MAAMsB,QAAapC,EAAKqC,sBAClBD,EAAKE,mBAEX,IACE,MAAMS,EAAU,IAAGlC,EAAIkB,MAAMgB,UACvBmF,QAAiBpF,EAAiBC,GACpCmF,EACFpH,EAAI0D,KAAK,CACP5C,OAAQsG,EAAStG,OACjBa,QAASyF,EAASzF,QAClBF,KAAM2F,EAAS3F,OAGjBzB,EAAIc,OAAO,KAAK4C,KAAK0D,EAASzF,SAEhC,MAAOC,GACP5B,EAAIc,OAAO,KAAK4C,KAAK9B,EAAIE,cAqL3BkG,UAjLgBlI,MAAOC,EAAKC,KAC5B,MAAMsB,QAAapC,EAAKqC,sBAClBD,EAAKE,mBAEX,IACE,MAAMY,EAASrC,EAAI6I,OAAOzB,GACpBC,QAAiBlF,EAAcE,GAEjCgF,EACFpH,EAAI0D,KAAK,CACP5C,OAAQsG,EAAStG,OACjBa,QAASyF,EAASzF,UAGpB3B,EAAIc,OAAO,KAAK4C,KAAK0D,EAASzF,SAEhC,MAAOC,GACP5B,EAAIc,OAAO,KAAK4C,KAAK9B,EAAIE,cAiK3BmG,iBAvJuBnI,MAAOC,EAAKC,KACnC,UACQwI,EAAiBxB,cAAcjH,EAAIkH,KAAM,CAAEC,YAAY,IAC7D,MAAOtF,GACP,OAAO5B,EAAI0D,KAAK,CAAE5C,QAAQ,EAAOa,QAASC,EAAID,UAGhD,IACE,MAAM,QAAEY,EAAF,IAAWC,EAAX,IAAgBC,GAAQ1C,EAAIkH,KAC5B7E,EAASrC,EAAI6I,OAAOzB,GACpBC,QAAiB9E,EAAkBC,EAASC,EAAKC,EAAKL,GAExDgF,EACFpH,EAAI0D,KAAK,CACP5C,OAAQsG,EAAStG,OACjBa,QAASyF,EAASzF,UAGpB3B,EAAIc,OAAO,KAAK4C,KAAK0D,EAASzF,SAEhC,MAAOC,GACP5B,EAAIc,OAAO,KAAK4C,KAAK9B,EAAIE,cAmI3BoG,gBA3HsBpI,MAAOC,EAAKC,KAClC,UACQyI,EAAgBzB,cAAcjH,EAAIkH,KAAM,CAAEC,YAAY,IAC5D,MAAOtF,GACP,OAAO5B,EAAI0
[...]
, rawPassword.password))) {\n      return { status: false, message: \"รหัสผ่านเดิมผิด\" }\n    }\n    const password_encrypted = await bcrypt.hash(password, 5)\n    await conn.query(\"UPDATE users SET password=? WHERE id = ?\", [\n      password_encrypted,\n      user_id,\n    ])\n\n    conn.commit()\n    return { status: true, message: \"เปลี่ยนรหัสผ่านสำเร็จ\" }\n  } catch (err) {\n    conn.rollback()\n    return {\n      status: false,\n      message: err.toString(),\n    }\n  } finally {\n    conn.release()\n  }\n}\n\nconst updateUserProfile = async (\n  firstname,\n  lastname,\n  phone,\n  lineid,\n  user_id\n) => {\n  const conn = await pool.getConnection()\n  await conn.beginTransaction()\n  try {\n    await conn.query(\n      \"UPDATE users SET firstname=?, lastname=?, phone=?, lineid=? WHERE id = ?\",\n      [firstname, lastname, phone, lineid, user_id]\n    )\n    conn.commit()\n    return { status: true, message: \"อัปเดตบัญชีสำเร็จ\" }\n  } catch (err) {\n    conn.rollback()\n    return {\n      status: false,\n      message: err.toString(),\n    }\n  } finally {\n    conn.release()\n  }\n}\n\nconst deleteTokens = async (user_id) => {\n  await pool.query(\"DELETE FROM tokens WHERE user_id = ? \", [user_id])\n}\n\nconst selectUserByEmail = async (email, password) => {\n  const conn = await pool.getConnection()\n  await conn.beginTransaction()\n\n  try {\n    const [[user]] = await conn.query(\n      \"SELECT id, email, password FROM users WHERE email = ?\",\n      [email]\n    )\n\n    if (!user) {\n      return { status: false, message: \"ไม่มีอีเมลนี้ในระบบ\" }\n    } else if (!(await bcrypt.compare(password, user.password))) {\n      return { status: false, message: \"รหัสผ่านผิด\" }\n    } else {\n      const [[tokens]] = await conn.query(\n        \"SELECT token FROM tokens WHERE user_id = ?\",\n        [user.id]\n      )\n      let token\n      if (tokens) {\n        token = tokens.token\n      } else {\n        token = null\n      }\n      if (!token) {\n        token = jwt.sign(user.email, process.env.TOKEN_KEY)\n        await conn.query(\"INSERT INTO tokens(token, user_id) VALUES (?, ?)\", [\n          token,\n          user.id,\n        ])\n      }\n\n      conn.commit()\n      return {\n        status: true,\n        message: \"ลงชื่อเข้าใช้งานสำเร็จ\",\n        token: token,\n      }\n    }\n  } catch (err) {\n    conn.rollback()\n    // res.status(400).json(err.toString())\n    return {\n      status: false,\n      message: err.toString(),\n    }\n  } finally {\n    conn.release()\n  }\n}\n\nconst checkEmail = async (email) => {\n  const [rows, _] = await pool.query(\n    \"SELECT email FROM users WHERE email = ?\",\n    [email]\n  )\n  return rows\n}\n\nconst checkIdcard = async (idcard) => {\n  const [rows, _] = await pool.query(\n    \"SELECT idcard FROM users WHERE idcard = ?\",\n    [idcard]\n  )\n  return rows\n}\n\nconst addUser = async (\n  fname,\n  lname,\n  idcard,\n  phone,\n  email,\n  lineid,\n  password_encrypted\n) => {\n  const conn = await pool.getConnection()\n  await conn.beginTransaction()\n\n  try {\n    await conn.query(\n      \"INSERT INTO users(firstname, lastname, idcard, phone, email, lineid, password) VALUES (?, ?, ?, ?, ?, ?, ?)\",\n      [fname, lname, idcard, phone, email, lineid, password_encrypted]\n    )\n    conn.commit()\n    // res.json({ status: true, message: \"ลงทะเบียนสำเร็จ\" })\n    return {\n      status: true,\n      message: \"ลงทะเบียนสำเร็จ\",\n    }\n  } catch (err) {\n    conn.rollback()\n    // res.status(400).json(err.toString())\n    return {\n      status: false,\n      message: err.toString(),\n    }\n  } finally {\n    conn.release()\n  }\n}\n\nmodule.exports = {\n  updateUserPass,\n  updateUserProfile,\n  deleteTokens,\n  selectUserByEmail,\n  checkEmail,\n  checkIdcard,\n  addUser,\n}\n","const config = process.env\nconst express = require(\"express\")\nconst pool = require(\"../config/database\")\nconst Joi = require(\"joi\")\nconst { isLoggedIn } = require(\"../middlewares\")\n\nconst {\n  getBedsAvailable,\n  getBedsSearch,\n  deleteBed,\n  changeBedAddress,\n  changeAmountBed,\n  getBedDetail,\n  changeStateBed,\n  getBedsByUser,\n  addBed,\n} = require(\"../controllers/beds.controller\")\n\nrouter = express.Router()\n\nrouter.get(\"/beds/available\", getBedsAvailable)\n\nrouter.get(\"/beds/search\", getBedsSearch)\n\nrouter.delete(\"/bed/:id\", isLoggedIn, deleteBed)\n\nrouter.put(\"/bed/address/:id\", isLoggedIn, changeBedAddress)\n\nrouter.put(\"/bed/amount/:id\", isLoggedIn, changeAmountBed)\n\nrouter.get(\"/bed/:id\", isLoggedIn, getBedDetail)\n\nrouter.put(\"/bed/state/:id\", isLoggedIn, changeStateBed)\n\nrouter.get(\"/bedsByUser\", isLoggedIn, getBedsByUser)\n\nrouter.post(\"/beds\", isLoggedIn, addBed)\n\nexports.router = router\n","const pool = require(\"../config/database\")\nconst Joi = require(\"joi\")\n\nconst {\n  selectBedsReady,\n  selectBedsSearch,\n  deleteBedById,\n  updateBedsAddress,\n  updateBedsAmount,\n  selectBedsDetail,\n  updateBedsState,\n  selectBedsByUser,\n  insertBed,\n} = require(\"../repository/beds.repo\")\n\nconst getBedsAvailable = async (req, res) => {\n  try {\n    const response = await selectBedsReady()\n    if (response) {\n      res.json({\n        status: response.status,\n        message: response.message,\n        beds: response.beds,\n      })\n    } else {\n      res.status(400).json(response.message)\n    }\n  } catch (err) {\n    res.status(400).json(err.toString())\n  }\n}\n\nconst getBedsSearch = async (req, res) => {\n  const conn = await pool.getConnection()\n  await conn.beginTransaction()\n\n  try {\n    const search = `%${req.query.search}%`\n    const response = await selectBedsSearch(search)\n    if (response) {\n      res.json({\n        status: response.status,\n        message: response.message,\n        beds: response.beds,\n      })\n    } else {\n      res.status(400).json(response.message)\n    }\n  } catch (err) {\n    res.status(400).json(err.toString())\n  }\n}\n\nconst deleteBed = async (req, res) => {\n  const conn = await pool.getConnection()\n  await conn.beginTransaction()\n\n  try {\n    const bed_id = req.params.id\n    const response = await deleteBedById(bed_id)\n\n    if (response) {\n      res.json({\n        status: response.status,\n        message: response.message,\n      })\n    } else {\n      res.status(400).json(response.message)\n    }\n  } catch (err) {\n    res.status(400).json(err.toString())\n  }\n}\n\nconst bedAddressSchema = Joi.object({\n  address: Joi.string().required(),\n  lat: Joi.required(),\n  lng: Joi.required(),\n})\n\nconst changeBedAddress = async (req, res) => {\n  try {\n    await bedAddressSchema.validateAsync(req.body, { abortEarly: false })\n  } catch (err) {\n    return res.json({ status: false, message: err.message })\n  }\n\n  try {\n    const { address, lat, lng } = req.body\n    const bed_id = req.params.id\n    const response = await updateBedsAddress(address, lat, lng, bed_id)\n\n    if (response) {\n      res.json({\n        status: response.status,\n        message: response.message,\n      })\n    } else {\n      res.status(400).json(response.message)\n    }\n  } catch (err) {\n    res.status(400).json(err.toString())\n  }\n}\n\nconst bedAmountSchema = Joi.object({\n  amount: Joi.number().required().min(0).max(9999),\n})\n\nconst changeAmountBed = async (req, res) => {\n  try {\n    await bedAmountSchema.validateAsync(req.body, { abortEarly: false })\n  } catch (err) {\n    return res.json({ status: false, message: err.message })\n  }\n\n  const conn = await pool.getConnection()\n  await conn.beginTransaction()\n\n  try {\n    const { amount } = req.body\n    const bed_id = req.params.id\n    const response = await updateBedsAmount(amount, bed_id)\n\n    if (response) {\n      res.json({\n        status: response.status,\n        message: response.message,\n        bed: response.bed,\n      })\n    } else {\n      res.status(400).json(response.message)\n    }\n  } catch (err) {\n    res.status(400).json(err.toString())\n  }\n}\n\nconst getBedDetail = async (req, res) => {\n  try {\n    const bed_id = req.params.id\n    const response = await selectBedsDetail(bed_id)\n\n    if (response) {\n      res.json({\n        status: response.status,\n        message: response.message,\n        bed: response.bed,\n      })\n    } else {\n      res.status(400).json(response.message)\n    }\n  } catch (err) {\n    res.status(400).json(err.toString())\n  }\n}\n\nconst changeStateBed = async (req, res) => {\n  try {\n    let { state } = req.body\n    const bed_id = req.params.id\n    const response = await updateBedsState(state, bed_id)\n\n    if (response) {\n      res.json({\n        status: response.status,\n        message: response.message,\n      })\n    } else {\n      res.status(400).json(response.message)\n    }\n  } catch (err) {\n    res.status(400).json(err.toString())\n  }\n}\n\nconst getBedsByUser = async (req, res) => {\n  try {\n    const user_id = req.user.id\n    const response = await selectBedsByUser(user_id)\n\n    if (response) {\n      res.json({\n        status: response.status,\n        message: response.message,\n        beds: response.beds,\n      })\n    } else {\n      res.status(400).json(response.message)\n    }\n  } catch (err) {\n    res.status(400).json(err.toString())\n  }\n}\n\nconst bedsSchema = Joi.object({\n  amount: Joi.number().required().min(1).max(9999),\n  address: Joi.string().required(),\n  lat: Joi.required(),\n  lng: Joi.required(),\n})\n\nconst addBed = async (req, res) => {\n  try {\n    await bedsSchema.validateAsync(req.body, { abortEarly: false })\n  } catch (err) {\n    return res.json({ status: false, message: err.message })\n  }\n\n  try {\n    const { amount, address, lat, lng } = req.body\n    const user_id = req.user.id\n    const response = await insertBed(amount, address, lat, lng, user_id)\n\n    if (response) {\n      res.json({\n        status: response.status,\n        message: response.message,\n      })\n    } else {\n      res.status(400).json(response.message)\n    }\n  } catch (err) {\n    res.status(400).json(err.toString())\n  }\n}\n\nmodule.exports = {\n  getBedsAvailable,\n  getBedsSearch,\n  deleteBed,\n  changeBedAddress,\n  changeAmountBed,\n  getBedDetail,\n  changeStateBed,\n  getBedsByUser,\n  addBed,\n}\n","const config = process.env\nconst express = require(\"express\")\nconst pool = require(\"../config/database\")\nconst Joi = require(\"joi\")\nconst { isLoggedIn } = require(\"../middlewares\")\nconst moment = require(\"moment\")\n\nconst {\n  changeBedsdealingState,\n  getBedsdealingState,\n  getBedsdealingByUser,\n  addBedsdealing,\n} = require(\"../controllers/bedsdealing.controller\")\n\nrouter = express.Router()\n\nrouter.put(\"/bedsdealing/customer/:id\", isLoggedIn, changeBedsdealingState)\n\nrouter.get(\"/bedsdealing/customer/:id\", isLoggedIn, getBedsdealingState)\n\nrouter.get(\"/bedsdealingByUser\", isLoggedIn, getBedsdealingByUser)\n\nrouter.post(\"/bedsdealing\", isLoggedIn, addBedsdealing)\n\nexports.router = router\n","const pool = require(\"../config/database\")\nconst Joi = require(\"joi\")\nconst moment = require(\"moment\")\n\nconst {\n  selectBedsdealingById,\n  updateBedsdealing,\n  customerBedsdealing,\n  bedsdealingByUserId,\n  selectBedsdealingBedIdByBedId,\n  insertBedsdealing,\n} = require(\"../repository/bedsdealing.repo\")\n\nconst {\n  selectBedById,\n  selectBedAmount,\n  reduceBedAmount,\n} = require(\"../repository/beds.repo\")\n\nconst changeBedsdealingState = async (req, res) => {\n  try {\n    const bedsdealing_id = req.params.id\n    const bedsdealing = await selectBedsdealingById(bedsdealing_id)\n    let availableDate\n    if (\n      moment(new Date()).format(\"YYYY-MM-DD\") >=\n      moment(bedsdealing.date).format(\"YYYY-MM-DD\")\n    ) {\n      availableDate = false\n    } else {\n      availableDate = true\n    }\n    if (!bedsdealing) {\n      return res.json({\n        status: false,\n        message: \"ไม่พบข้อมูล โปรดลองอีกครั้งในภายหลัง\",\n      })\n    } else if (availableDate) {\n      return res.json({\n        status: false,\n        message: \"ยังไม่ถึงวันเข้าพัก\",\n      })\n    } else {\n      const response = await updateBedsdealing(bedsdealing_id)\n\n      if (response) {\n        res.json({\n          status: response.status,\n          message: response.message,\n        })\n      } else {\n        res.status(400).json(response.message)\n      }\n    }\n  } catch (err) {\n    res.status(400).json(err.toString())\n  }\n}\n\nconst getBedsdealingState = async (req, res) => {\n  try {\n    const bed_id = req.params.id\n    const bed = await selectBedById(bed_id)\n\n    const response = await customerBedsdealing(bed_id)\n\n    if (response) {\n      res.json({\n        status: response.status,\n        message: response.message,\n        bed: bed,\n        customers: response.customers,\n      })\n    } else {\n      res.status(400).json(response.message)\n    }\n  } catch (err) {\n    res.status(400).json(err.toString())\n  }\n}\n\nconst getBedsdealingByUser = async (req, res) => {\n  try {\n    const user_id = req.user.id\n    const response = await bedsdealingByUserId(user_id)\n\n    if (response) {\n      res.json({\n        status: response.status,\n        message: response.message,\n        bedsdealing: response.bedsdealing,\n      })\n    } else {\n      res.status(400).json(response.message)\n    }\n  } catch (err) {\n    res.status(400).json(err.toString())\n  }\n}\n\nconst bedsdealingSchema = Joi.object({\n  date: Joi.date().required().greater(\"now\"),\n  bed_id: Joi.number().required(),\n  user_id: Joi.number().required(),\n})\n\nconst addBedsdealing = async (req, res) => {\n  try {\n    await bedsdealingSchema.validateAsync(req.body, { abortEarly: false })\n  } catch (err) {\n    return res.json({ status: false, message: err.message })\n  }\n\n  try {\n    const { date, bed_id } = req.body\n    const user_id = req.user.id\n    const bed = await selectBedAmount(bed_id)\n\n    const bedsdealing = await selectBedsdealingBedIdByBedId(bed_id, user_id)\n\n    if (!bed) {\n      return res.json({\n        status: false,\n        message: \"ไม่พบเตียง โปรดลองอีกครั้งในภายหลัง\",\n      })\n    } else if (!bed.amount > 0) {\n      return res.json({\n        status: false,\n        message: \"ขออภัย ขณะนี้ไม่เหลือเตียงให้จอง\",\n      })\n    } else if (!bed.state) {\n      res.json({ status: false, message: \"ขณะนี้ เตียงปิดการจองแล้ว\" })\n    } else if (bedsdealing.length > 0) {\n      return res.json({\n        status: false,\n        message: \"ไม่ให้จองซ้ำ คุณจองสถานที่นี้ไปแล้ว\",\n      })\n    } else {\n      await reduceBedAmount(bed.amount, bed.id)\n\n      const response = await insertBedsdealing(date, bed_id, user_id)\n\n      if (response) {\n        res.json({\n          status: response.status,\n          message: response.message,\n        })\n      } else {\n        res.status(400).json(response.message)\n      }\n    }\n  } catch (err) {\n    res.status(400).json(err.toString())\n  }\n}\n\nmodule.exports = {\n  changeBedsdealingState,\n  getBedsdealingState,\n  getBedsdealingByUser,\n  addBedsdealing,\n}\n","const pool = require(\"../config/database\")\n\nconst selectBedsdealingById = async (bedsdealing_id) => {\n  const conn = await pool.getConnection()\n  await conn.beginTransaction()\n  try {\n    const [[bedsdealing]] = await conn.query(\n      `SELECT * FROM bedsdealing WHERE id = ?`,\n      [bedsdealing_id]\n    )\n    conn.commit()\n    return bedsdealing\n  } catch (err) {\n    conn.rollback()\n    return\n  } finally {\n    conn.release()\n  }\n}\n\nconst updateBedsdealing = async (bedsdealing_id) => {\n  const conn = await pool.getConnection()\n  await conn.beginTransaction()\n  try {\n    await conn.query(`UPDATE bedsdealing SET state=1 WHERE id = ?`, [\n      bedsdealing_id,\n    ])\n    conn.commit()\n    return {\n      status: true,\n      message: \"ยืนยันผู้ใช้เข้าพักสำเร็จ\",\n    }\n  } catch (err) {\n    conn.rollback()\n    return {\n      status: false,\n      message: err.toString(),\n    }\n  } finally {\n    conn.release()\n  }\n}\n\nconst customerBedsdealing = async (bed_id) => {\n  const conn = await pool.getConnection()\n  await conn.beginTransaction()\n  try {\n    const [customer] = await conn.query(\n      `SELECT \n                bedsdealing.id AS 'bedsdealing_id',\n                bedsdealing.state,\n                bedsdealing.date,\n                bedsdealing.timestamp,\n                users.firstname,\n                users.lastname,\n                users.phone,\n                users.email,\n                users.lineid\n                FROM bedsdealing\n                INNER JOIN users ON bedsdealing.user_id = users.id\n                WHERE bedsdealing.bed_id = ?`,\n      [bed_id]\n    )\n    conn.commit()\n    return {\n      status: true,\n      message: \"เรียกข้อมูลสำเร็จ\",\n      customers: customer,\n    }\n  } catch (err) {\n    conn.rollback()\n    return {\n      status: false,\n      message: err.toString(),\n    }\n  } finally {\n    conn.release()\n  }\n}\n\nconst bedsdealingByUserId = async (user_id) => {\n  const conn = await pool.getConnection()\n  await conn.beginTransaction()\n  try {\n    const [bedsdealing] = await conn.query(\n      `SELECT \n                bedsdealing.id AS 'beddealings_id',\n                bedsdealing.date,\n                bedsdealing.state,\n                bedsdealing.timestamp,\n                beds.id AS 'beds_id',\n                beds.amount,\n                beds.address,\n                beds.state AS 'beds_state',\n                users.id AS 'users_id',\n                users.firstname,\n                users.lastname,\n                users.phone,\n                users.email,\n                users.lineid\n                FROM bedsdealing\n                INNER JOIN beds ON bedsdealing.bed_id = beds.id\n                INNER JOIN users ON beds.user_id = users.id\n                WHERE bedsdealing.user_id = ?`,\n      [user_id]\n    )\n    conn.commit()\n    return {\n      status: true,\n      message: \"เรียกข้อมูลสำเร็จ\",\n      bedsdealing: bedsdealing,\n    }\n  } catch (err) {\n    conn.rollback()\n    return {\n      status: false,\n      message: err.toString(),\n    }\n  } finally {\n    conn.release()\n  }\n}\n\nconst selectBedsdealingBedIdByBedId = async (bed_id, user_id) => {\n  const conn = await pool.getConnection()\n  await conn.beginTransaction()\n  try {\n    const [bedsdealing] = await conn.query(\n      \"SELECT bed_id FROM bedsdealing WHERE bed_id = ? AND user_id = ?\",\n      [bed_id, user_id]\n    )\n    conn.commit()\n    return bedsdealing\n  } catch (err) {\n    conn.rollback()\n  } finally {\n    conn.release()\n  }\n}\n\nconst insertBedsdealing = async (date, bed_id, user_id) => {\n  const conn = await pool.getConnection()\n  await conn.beginTransaction()\n  try {\n    await conn.query(\n      \"INSERT INTO bedsdealing(date, bed_id, user_id) VALUES (?, ?, ?)\",\n      [date, bed_id, user_id]\n    )\n    conn.commit()\n    return {\n      status: true,\n      message: \"ดำเนินการจองสำเร็จ\",\n    }\n  } catch (err) {\n    conn.rollback()\n    return {\n      status: false,\n      message: err.toString(),\n    }\n  } finally {\n    conn.release()\n  }\n}\n\nconst selectBedsdealingByBedId = async (bed_id) => {\n  const conn = await pool.getConnection()\n  return conn.query(\"SELECT * FROM bedsdealing WHERE bed_id = ?\", [bed_id])\n}\n\nmodule.exports = {\n  selectBedsdealingById,\n  updateBedsdealing,\n  customerBedsdealing,\n  bedsdealingByUserId,\n  selectBedsdealingBedIdByBedId,\n  insertBedsdealing,\n  selectBedsdealingByBedId,\n}\n"],"sourceRoot":""},"_coverageSchema":"1a1c01bbd47fc00a2c39e90264f33305004495a9","hash":"0b245b6398c7891a6133b86a093829b9cc026ed6","contentHash":"0d7d1e8b06dff9bd9701437b3226fa0535c6c943fa0080dcdc0c5525838d06c3"}}