{"C:\\Users\\phala\\Desktop\\virusbooking\\fake_server\\build\\main.js":{"path":"C:\\Users\\phala\\Desktop\\virusbooking\\fake_server\\build\\main.js","statementMap":{"0":{"start":{"line":1,"column":0},"end":{"line":1,"column":11252}},"1":{"start":{"line":1,"column":72},"end":{"line":1,"column":74}},"2":{"start":{"line":1,"column":89},"end":{"line":1,"column":117}},"3":{"start":{"line":1,"column":97},"end":{"line":1,"column":117}},"4":{"start":{"line":1,"column":123},"end":{"line":1,"column":149}},"5":{"start":{"line":1,"column":150},"end":{"line":1,"column":208}},"6":{"start":{"line":1,"column":209},"end":{"line":1,"column":970}},"7":{"start":{"line":1,"column":248},"end":{"line":1,"column":306}},"8":{"start":{"line":1,"column":324},"end":{"line":1,"column":481}},"9":{"start":{"line":1,"column":501},"end":{"line":1,"column":531}},"10":{"start":{"line":1,"column":522},"end":{"line":1,"column":531}},"11":{"start":{"line":1,"column":531},"end":{"line":1,"column":584}},"12":{"start":{"line":1,"column":575},"end":{"line":1,"column":584}},"13":{"start":{"line":1,"column":590},"end":{"line":1,"column":609}},"14":{"start":{"line":1,"column":610},"end":{"line":1,"column":765}},"15":{"start":{"line":1,"column":703},"end":{"line":1,"column":765}},"16":{"start":{"line":1,"column":718},"end":{"line":1,"column":765}},"17":{"start":{"line":1,"column":738},"end":{"line":1,"column":749}},"18":{"start":{"line":1,"column":765},"end":{"line":1,"column":773}},"19":{"start":{"line":1,"column":797},"end":{"line":1,"column":862}},"20":{"start":{"line":1,"column":824},"end":{"line":1,"column":840}},"21":{"start":{"line":1,"column":853},"end":{"line":1,"column":861}},"22":{"start":{"line":1,"column":863},"end":{"line":1,"column":884}},"23":{"start":{"line":1,"column":904},"end":{"line":1,"column":952}},"24":{"start":{"line":1,"column":987},"end":{"line":1,"column":1015}},"25":{"start":{"line":1,"column":1031},"end":{"line":1,"column":1060}},"26":{"start":{"line":1,"column":1086},"end":{"line":1,"column":1090}},"27":{"start":{"line":1,"column":1093},"end":{"line":1,"column":1397}},"28":{"start":{"line":1,"column":1398},"end":{"line":1,"column":1425}},"29":{"start":{"line":1,"column":1441},"end":{"line":1,"column":1468}},"30":{"start":{"line":1,"column":1484},"end":{"line":1,"column":1514}},"31":{"start":{"line":1,"column":1540},"end":{"line":1,"column":1544}},"32":{"start":{"line":1,"column":1547},"end":{"line":1,"column":1933}},"33":{"start":{"line":1,"column":1934},"end":{"line":1,"column":1961}},"34":{"start":{"line":1,"column":1987},"end":{"line":1,"column":1991}},"35":{"start":{"line":1,"column":1994},"end":{"line":1,"column":2121}},"36":{"start":{"line":1,"column":2122},"end":{"line":1,"column":2156}},"37":{"start":{"line":1,"column":2174},"end":{"line":1,"column":2188}},"38":{"start":{"line":1,"column":2219},"end":{"line":1,"column":2226}},"39":{"start":{"line":1,"column":2234},"end":{"line":1,"column":2238}},"40":{"start":{"line":1,"column":2241},"end":{"line":1,"column":2244}},"41":{"start":{"line":1,"column":2247},"end":{"line":1,"column":2251}},"42":{"start":{"line":1,"column":2254},"end":{"line":1,"column":2258}},"43":{"start":{"line":1,"column":2261},"end":{"line":1,"column":2265}},"44":{"start":{"line":1,"column":2268},"end":{"line":1,"column":2273}},"45":{"start":{"line":1,"column":2276},"end":{"line":1,"column":2281}},"46":{"start":{"line":1,"column":2284},"end":{"line":1,"column":2289}},"47":{"start":{"line":1,"column":2296},"end":{"line":1,"column":2301}},"48":{"start":{"line":1,"column":2302},"end":{"line":1,"column":2574}},"49":{"start":{"line":1,"column":2366},"end":{"line":1,"column":2379}},"50":{"start":{"line":1,"column":2391},"end":{"line":1,"column":2405}},"51":{"start":{"line":1,"column":2506},"end":{"line":1,"column":2560}},"52":{"start":{"line":1,"column":2610},"end":{"line":1,"column":2614}},"53":{"start":{"line":1,"column":2617},"end":{"line":1,"column":2621}},"54":{"start":{"line":1,"column":2624},"end":{"line":1,"column":2628}},"55":{"start":{"line":1,"column":2629},"end":{"line":1,"column":2643}},"56":{"start":{"line":1,"column":2651},"end":{"line":1,"column":2664}},"57":{"start":{"line":1,"column":2665},"end":{"line":1,"column":3696}},"58":{"start":{"line":1,"column":2691},"end":{"line":1,"column":2915}},"59":{"start":{"line":1,"column":2703},"end":{"line":1,"column":2732}},"60":{"start":{"line":1,"column":2733},"end":{"line":1,"column":2868}},"61":{"start":{"line":1,"column":2878},"end":{"line":1,"column":2914}},"62":{"start":{"line":1,"column":2944},"end":{"line":1,"column":3169}},"63":{"start":{"line":1,"column":2956},"end":{"line":1,"column":3017}},"64":{"start":{"line":1,"column":3018},"end":{"line":1,"column":3085}},"65":{"start":{"line":1,"column":3095},"end":{"line":1,"column":3168}},"66":{"start":{"line":1,"column":3209},"end":{"line":1,"column":3682}},"67":{"start":{"line":1,"column":3221},"end":{"line":1,"column":3250}},"68":{"start":{"line":1,"column":3253},"end":{"line":1,"column":3301}},"69":{"start":{"line":1,"column":3302},"end":{"line":1,"column":3598}},"70":{"start":{"line":1,"column":3359},"end":{"line":1,"column":3423}},"71":{"start":{"line":1,"column":3424},"end":{"line":1,"column":3472}},"72":{"start":{"line":1,"column":3472},"end":{"line":1,"column":3523}},"73":{"start":{"line":1,"column":3529},"end":{"line":1,"column":3598}},"74":{"start":{"line":1,"column":3608},"end":{"line":1,"column":3681}},"75":{"start":{"line":1,"column":3722},"end":{"line":1,"column":3730}},"76":{"start":{"line":1,"column":3753},"end":{"line":1,"column":3767}},"77":{"start":{"line":1,"column":3768},"end":{"line":1,"column":3944}},"78":{"start":{"line":1,"column":3807},"end":{"line":1,"column":3838}},"79":{"start":{"line":1,"column":3839},"end":{"line":1,"column":3943}},"80":{"start":{"line":1,"column":3867},"end":{"line":1,"column":3921}},"81":{"start":{"line":1,"column":3944},"end":{"line":1,"column":3952}},"82":{"start":{"line":1,"column":3967},"end":{"line":1,"column":4297}},"83":{"start":{"line":1,"column":3977},"end":{"line":1,"column":3978}},"84":{"start":{"line":1,"column":4009},"end":{"line":1,"column":4043}},"85":{"start":{"line":1,"column":4044},"end":{"line":1,"column":4296}},"86":{"start":{"line":1,"column":4085},"end":{"line":1,"column":4096}},"87":{"start":{"line":1,"column":4230},"end":{"line":1,"column":4293}},"88":{"start":{"line":1,"column":4297},"end":{"line":1,"column":4305}},"89":{"start":{"line":1,"column":4324},"end":{"line":1,"column":4425}},"90":{"start":{"line":1,"column":4442},"end":{"line":1,"column":4462}},"91":{"start":{"line":1,"column":4453},"end":{"line":1,"column":4462}},"92":{"start":{"line":1,"column":4472},"end":{"line":1,"column":4609}},"93":{"start":{"line":1,"column":4486},"end":{"line":1,"column":4506}},"94":{"start":{"line":1,"column":4497},"end":{"line":1,"column":4506}},"95":{"start":{"line":1,"column":4516},"end":{"line":1,"column":4518}},"96":{"start":{"line":1,"column":4521},"end":{"line":1,"column":4535}},"97":{"start":{"line":1,"column":4536},"end":{"line":1,"column":4595}},"98":{"start":{"line":1,"column":4559},"end":{"line":1,"column":4595}},"99":{"start":{"line":1,"column":4595},"end":{"line":1,"column":4603}},"100":{"start":{"line":1,"column":4610},"end":{"line":1,"column":4789}},"101":{"start":{"line":1,"column":4649},"end":{"line":1,"column":4680}},"102":{"start":{"line":1,"column":4681},"end":{"line":1,"column":4788}},"103":{"start":{"line":1,"column":4704},"end":{"line":1,"column":4788}},"104":{"start":{"line":1,"column":4789},"end":{"line":1,"column":4797}},"105":{"start":{"line":1,"column":4806},"end":{"line":1,"column":4819}},"106":{"start":{"line":1,"column":4822},"end":{"line":1,"column":4826}},"107":{"start":{"line":1,"column":4829},"end":{"line":1,"column":4833}},"108":{"start":{"line":1,"column":4834},"end":{"line":1,"column":6059}},"109":{"start":{"line":1,"column":4866},"end":{"line":1,"column":5486}},"110":{"start":{"line":1,"column":4878},"end":{"line":1,"column":4915}},"111":{"start":{"line":1,"column":4918},"end":{"line":1,"column":4957}},"112":{"start":{"line":1,"column":4960},"end":{"line":1,"column":5156}},"113":{"start":{"line":1,"column":5157},"end":{"line":1,"column":5390}},"114":{"start":{"line":1,"column":5162},"end":{"line":1,"column":5229}},"115":{"start":{"line":1,"column":5234},"end":{"line":1,"column":5390}},"116":{"start":{"line":1,"column":5239},"end":{"line":1,"column":5311}},"117":{"start":{"line":1,"column":5316},"end":{"line":1,"column":5331}},"118":{"start":{"line":1,"column":5331},"end":{"line":1,"column":5389}},"119":{"start":{"line":1,"column":5400},"end":{"line":1,"column":5485}},"120":{"start":{"line":1,"column":5518},"end":{"line":1,"column":6045}},"121":{"start":{"line":1,"column":5530},"end":{"line":1,"column":5567}},"122":{"start":{"line":1,"column":5568},"end":{"line":1,"column":5949}},"123":{"start":{"line":1,"column":5582},"end":{"line":1,"column":5624}},"124":{"start":{"line":1,"column":5625},"end":{"line":1,"column":5860}},"125":{"start":{"line":1,"column":5665},"end":{"line":1,"column":5747}},"126":{"start":{"line":1,"column":5760},"end":{"line":1,"column":5766}},"127":{"start":{"line":1,"column":5776},"end":{"line":1,"column":5777}},"128":{"start":{"line":1,"column":5780},"end":{"line":1,"column":5786}},"129":{"start":{"line":1,"column":5787},"end":{"line":1,"column":5859}},"130":{"start":{"line":1,"column":5866},"end":{"line":1,"column":5949}},"131":{"start":{"line":1,"column":5959},"end":{"line":1,"column":6044}},"132":{"start":{"line":1,"column":6085},"end":{"line":1,"column":6089}},"133":{"start":{"line":1,"column":6092},"end":{"line":1,"column":6096}},"134":{"start":{"line":1,"column":6099},"end":{"line":1,"column":6103}},"135":{"start":{"line":1,"column":6106},"end":{"line":1,"column":6119}},"136":{"start":{"line":1,"column":6120},"end":{"line":1,"column":8640}},"137":{"start":{"line":1,"column":6148},"end":{"line":1,"column":6528}},"138":{"start":{"line":1,"column":6160},"end":{"line":1,"column":6353}},"139":{"start":{"line":1,"column":6354},"end":{"line":1,"column":6369}},"140":{"start":{"line":1,"column":6369},"end":{"line":1,"column":6432}},"141":{"start":{"line":1,"column":6442},"end":{"line":1,"column":6527}},"142":{"start":{"line":1,"column":6569},"end":{"line":1,"column":7314}},"143":{"start":{"line":1,"column":6581},"end":{"line":1,"column":6616}},"144":{"start":{"line":1,"column":6619},"end":{"line":1,"column":6633}},"145":{"start":{"line":1,"column":6636},"end":{"line":1,"column":6650}},"146":{"start":{"line":1,"column":6657},"end":{"line":1,"column":6659}},"147":{"start":{"line":1,"column":6660},"end":{"line":1,"column":7080}},"148":{"start":{"line":1,"column":6670},"end":{"line":1,"column":6671}},"149":{"start":{"line":1,"column":6696},"end":{"line":1,"column":6698}},"150":{"start":{"line":1,"column":6699},"end":{"line":1,"column":6762}},"151":{"start":{"line":1,"column":6709},"end":{"line":1,"column":6710}},"152":{"start":{"line":1,"column":6726},"end":{"line":1,"column":6762}},"153":{"start":{"line":1,"column":6762},"end":{"line":1,"column":6825}},"154":{"start":{"line":1,"column":6772},"end":{"line":1,"column":6773}},"155":{"start":{"line":1,"column":6789},"end":{"line":1,"column":6825}},"156":{"start":{"line":1,"column":6825},"end":{"line":1,"column":7079}},"157":{"start":{"line":1,"column":7080},"end":{"line":1,"column":7218}},"158":{"start":{"line":1,"column":7228},"end":{"line":1,"column":7313}},"159":{"start":{"line":1,"column":7348},"end":{"line":1,"column":7929}},"160":{"start":{"line":1,"column":7360},"end":{"line":1,"column":7389}},"161":{"start":{"line":1,"column":7392},"end":{"line":1,"column":7406}},"162":{"start":{"line":1,"column":7413},"end":{"line":1,"column":7415}},"163":{"start":{"line":1,"column":7422},"end":{"line":1,"column":7482}},"164":{"start":{"line":1,"column":7432},"end":{"line":1,"column":7433}},"165":{"start":{"line":1,"column":7449},"end":{"line":1,"column":7482}},"166":{"start":{"line":1,"column":7482},"end":{"line":1,"column":7818}},"167":{"start":{"line":1,"column":7828},"end":{"line":1,"column":7928}},"168":{"start":{"line":1,"column":7964},"end":{"line":1,"column":8626}},"169":{"start":{"line":1,"column":7976},"end":{"line":1,"column":8006}},"170":{"start":{"line":1,"column":8009},"end":{"line":1,"column":8023}},"171":{"start":{"line":1,"column":8026},"end":{"line":1,"column":8028}},"172":{"start":{"line":1,"column":8029},"end":{"line":1,"column":8367}},"173":{"start":{"line":1,"column":8039},"end":{"line":1,"column":8040}},"174":{"start":{"line":1,"column":8063},"end":{"line":1,"column":8126}},"175":{"start":{"line":1,"column":8073},"end":{"line":1,"column":8074}},"176":{"start":{"line":1,"column":8090},"end":{"line":1,"column":8126}},"177":{"start":{"line":1,"column":8126},"end":{"line":1,"column":8366}},"178":{"start":{"line":1,"column":8367},"end":{"line":1,"column":8515}},"179":{"start":{"line":1,"column":8525},"end":{"line":1,"column":8625}},"180":{"start":{"line":1,"column":8666},"end":{"line":1,"column":8670}},"181":{"start":{"line":1,"column":8673},"end":{"line":1,"column":8677}},"182":{"start":{"line":1,"column":8680},"end":{"line":1,"column":8684}},"183":{"start":{"line":1,"column":8687},"end":{"line":1,"column":8700}},"184":{"start":{"line":1,"column":8701},"end":{"line":1,"column":8706}},"185":{"start":{"line":1,"column":8706},"end":{"line":1,"column":11207}},"186":{"start":{"line":1,"column":8758},"end":{"line":1,"column":9208}},"187":{"start":{"line":1,"column":8770},"end":{"line":1,"column":8801}},"188":{"start":{"line":1,"column":8804},"end":{"line":1,"column":8818}},"189":{"start":{"line":1,"column":8821},"end":{"line":1,"column":8835}},"190":{"start":{"line":1,"column":8846},"end":{"line":1,"column":8848}},"191":{"start":{"line":1,"column":8849},"end":{"line":1,"column":8912}},"192":{"start":{"line":1,"column":8859},"end":{"line":1,"column":8860}},"193":{"start":{"line":1,"column":8876},"end":{"line":1,"column":8912}},"194":{"start":{"line":1,"column":8912},"end":{"line":1,"column":8974}},"195":{"start":{"line":1,"column":8922},"end":{"line":1,"column":8923}},"196":{"start":{"line":1,"column":8939},"end":{"line":1,"column":8974}},"197":{"start":{"line":1,"column":8974},"end":{"line":1,"column":9197}},"198":{"start":{"line":1,"column":9245},"end":{"line":1,"column":9623}},"199":{"start":{"line":1,"column":9257},"end":{"line":1,"column":9271}},"200":{"start":{"line":1,"column":9274},"end":{"line":1,"column":9288}},"201":{"start":{"line":1,"column":9295},"end":{"line":1,"column":9297}},"202":{"start":{"line":1,"column":9298},"end":{"line":1,"column":9480}},"203":{"start":{"line":1,"column":9308},"end":{"line":1,"column":9309}},"204":{"start":{"line":1,"column":9332},"end":{"line":1,"column":9395}},"205":{"start":{"line":1,"column":9342},"end":{"line":1,"column":9343}},"206":{"start":{"line":1,"column":9359},"end":{"line":1,"column":9395}},"207":{"start":{"line":1,"column":9395},"end":{"line":1,"column":9479}},"208":{"start":{"line":1,"column":9480},"end":{"line":1,"column":9612}},"209":{"start":{"line":1,"column":9661},"end":{"line":1,"column":10131}},"210":{"start":{"line":1,"column":9673},"end":{"line":1,"column":9758}},"211":{"start":{"line":1,"column":9761},"end":{"line":1,"column":9792}},"212":{"start":{"line":1,"column":9793},"end":{"line":1,"column":10035}},"213":{"start":{"line":1,"column":9809},"end":{"line":1,"column":9886}},"214":{"start":{"line":1,"column":9891},"end":{"line":1,"column":9983}},"215":{"start":{"line":1,"column":9983},"end":{"line":1,"column":10034}},"216":{"start":{"line":1,"column":10045},"end":{"line":1,"column":10130}},"217":{"start":{"line":1,"column":10178},"end":{"line":1,"column":10661}},"218":{"start":{"line":1,"column":10190},"end":{"line":1,"column":10224}},"219":{"start":{"line":1,"column":10227},"end":{"line":1,"column":10241}},"220":{"start":{"line":1,"column":10248},"end":{"line":1,"column":10250}},"221":{"start":{"line":1,"column":10251},"end":{"line":1,"column":10433}},"222":{"start":{"line":1,"column":10261},"end":{"line":1,"column":10262}},"223":{"start":{"line":1,"column":10285},"end":{"line":1,"column":10348}},"224":{"start":{"line":1,"column":10295},"end":{"line":1,"column":10296}},"225":{"start":{"line":1,"column":10312},"end":{"line":1,"column":10348}},"226":{"start":{"line":1,"column":10348},"end":{"line":1,"column":10432}},"227":{"start":{"line":1,"column":10433},"end":{"line":1,"column":10565}},"228":{"start":{"line":1,"column":10575},"end":{"line":1,"column":10660}},"229":{"start":{"line":1,"column":10709},"end":{"line":1,"column":11193}},"230":{"start":{"line":1,"column":10721},"end":{"line":1,"column":10756}},"231":{"start":{"line":1,"column":10759},"end":{"line":1,"column":10773}},"232":{"start":{"line":1,"column":10780},"end":{"line":1,"column":10782}},"233":{"start":{"line":1,"column":10783},"end":{"line":1,"column":10965}},"234":{"start":{"line":1,"column":10793},"end":{"line":1,"column":10794}},"235":{"start":{"line":1,"column":10817},"end":{"line":1,"column":10880}},"236":{"start":{"line":1,"column":10827},"end":{"line":1,"column":10828}},"237":{"start":{"line":1,"column":10844},"end":{"line":1,"column":10880}},"238":{"start":{"line":1,"column":10880},"end":{"line":1,"column":10964}},"239":{"start":{"line":1,"column":10965},"end":{"line":1,"column":11097}},"240":{"start":{"line":1,"column":11107},"end":{"line":1,"column":11192}},"241":{"start":{"line":1,"column":11223},"end":{"line":1,"column":11248}}},"fnMap":{"0":{"name":"(anonymous_0)","decl":{"start":{"line":1,"column":54},"end":{"line":1,"column":55}},"loc":{"start":{"line":1,"column":65},"end":{"line":1,"column":971}},"line":1},"1":{"name":"s","decl":{"start":{"line":1,"column":84},"end":{"line":1,"column":85}},"loc":{"start":{"line":1,"column":88},"end":{"line":1,"column":209}},"line":1},"2":{"name":"(anonymous_2)","decl":{"start":{"line":1,"column":232},"end":{"line":1,"column":233}},"loc":{"start":{"line":1,"column":247},"end":{"line":1,"column":307}},"line":1},"3":{"name":"(anonymous_3)","decl":{"start":{"line":1,"column":312},"end":{"line":1,"column":313}},"loc":{"start":{"line":1,"column":323},"end":{"line":1,"column":482}},"line":1},"4":{"name":"(anonymous_4)","decl":{"start":{"line":1,"column":487},"end":{"line":1,"column":488}},"loc":{"start":{"line":1,"column":500},"end":{"line":1,"column":774}},"line":1},"5":{"name":"(anonymous_5)","decl":{"start":{"line":1,"column":726},"end":{"line":1,"column":727}},"loc":{"start":{"line":1,"column":737},"end":{"line":1,"column":750}},"line":1},"6":{"name":"(anonymous_6)","decl":{"start":{"line":1,"column":779},"end":{"line":1,"column":780}},"loc":{"start":{"line":1,"column":790},"end":{"line":1,"column":885}},"line":1},"7":{"name":"(anonymous_7)","decl":{"start":{"line":1,"column":813},"end":{"line":1,"column":814}},"loc":{"start":{"line":1,"column":823},"end":{"line":1,"column":841}},"line":1},"8":{"name":"(anonymous_8)","decl":{"start":{"line":1,"column":842},"end":{"line":1,"column":843}},"loc":{"start":{"line":1,"column":852},"end":{"line":1,"column":862}},"line":1},"9":{"name":"(anonymous_9)","decl":{"start":{"line":1,"column":890},"end":{"line":1,"column":891}},"loc":{"start":{"line":1,"column":903},"end":{"line":1,"column":953}},"line":1},"10":{"name":"(anonymous_10)","decl":{"start":{"line":1,"column":973},"end":{"line":1,"column":974}},"loc":{"start":{"line":1,"column":986},"end":{"line":1,"column":1016}},"line":1},"11":{"name":"(anonymous_11)","decl":{"start":{"line":1,"column":1017},"end":{"line":1,"column":1018}},"loc":{"start":{"line":1,"column":1030},"end":{"line":1,"column":1061}},"line":1},"12":{"name":"(anonymous_12)","decl":{"start":{"line":1,"column":1062},"end":{"line":1,"column":1063}},"loc":{"start":{"line":1,"column":1077},"end":{"line":1,"column":1426}},"line":1},"13":{"name":"(anonymous_13)","decl":{"start":{"line":1,"column":1427},"end":{"line":1,"column":1428}},"loc":{"start":{"line":1,"column":1440},"end":{"line":1,"column":1469}},"line":1},"14":{"name":"(anonymous_14)","decl":{"start":{"line":1,"column":1470},"end":{"line":1,"column":1471}},"loc":{"start":{"line":1,"column":1483},"end":{"line":1,"column":1515}},"line":1},"15":{"name":"(anonymous_15)","decl":{"start":{"line":1,"column":1516},"end":{"line":1,"column":1517}},"loc":{"start":{"line":1,"column":1531},"end":{"line":1,"column":1962}},"line":1},"16":{"name":"(anonymous_16)","decl":{"start":{"line":1,"column":1963},"end":{"line":1,"column":1964}},"loc":{"start":{"line":1,"column":1978},"end":{"line":1,"column":2157}},"line":1},"17":{"name":"(anonymous_17)","decl":{"start":{"line":1,"column":2158},"end":{"line":1,"column":2159}},"loc":{"start":{"line":1,"column":2173},"end":{"line":1,"column":2189}},"line":1},"18":{"name":"(anonymous_18)","decl":{"start":{"line":1,"column":2190},"end":{"line":1,"column":2191}},"loc":{"start":{"line":1,"column":2205},"end":{"line":1,"column":2575}},"line":1},"19":{"name":"(anonymous_19)","decl":{"start":{"line":1,"column":2362},"end":{"line":1,"column":2363}},"loc":{"start":{"line":1,"column":2366},"end":{"line":1,"column":2379}},"line":1},"20":{"name":"(anonymous_20)","decl":{"start":{"line":1,"column":2387},"end":{"line":1,"column":2388}},"loc":{"start":{"line":1,"column":2390},"end":{"line":1,"column":2406}},"line":1},"21":{"name":"(anonymous_21)","decl":{"start":{"line":1,"column":2501},"end":{"line":1,"column":2502}},"loc":{"start":{"line":1,"column":2505},"end":{"line":1,"column":2561}},"line":1},"22":{"name":"(anonymous_22)","decl":{"start":{"line":1,"column":2576},"end":{"line":1,"column":2577}},"loc":{"start":{"line":1,"column":2591},"end":{"line":1,"column":3697}},"line":1},"23":{"name":"(anonymous_23)","decl":{"start":{"line":1,"column":2678},"end":{"line":1,"column":2679}},"loc":{"start":{"line":1,"column":2690},"end":{"line":1,"column":2916}},"line":1},"24":{"name":"(anonymous_24)","decl":{"start":{"line":1,"column":2931},"end":{"line":1,"column":2932}},"loc":{"start":{"line":1,"column":2943},"end":{"line":1,"column":3170}},"line":1},"25":{"name":"(anonymous_25)","decl":{"start":{"line":1,"column":3196},"end":{"line":1,"column":3197}},"loc":{"start":{"line":1,"column":3208},"end":{"line":1,"column":3683}},"line":1},"26":{"name":"(anonymous_26)","decl":{"start":{"line":1,"column":3698},"end":{"line":1,"column":3699}},"loc":{"start":{"line":1,"column":3713},"end":{"line":1,"column":6060}},"line":1},"27":{"name":"a","decl":{"start":{"line":1,"column":3740},"end":{"line":1,"column":3741}},"loc":{"start":{"line":1,"column":3746},"end":{"line":1,"column":3953}},"line":1},"28":{"name":"(anonymous_28)","decl":{"start":{"line":1,"column":3855},"end":{"line":1,"column":3856}},"loc":{"start":{"line":1,"column":3866},"end":{"line":1,"column":3922}},"line":1},"29":{"name":"i","decl":{"start":{"line":1,"column":3962},"end":{"line":1,"column":3963}},"loc":{"start":{"line":1,"column":3966},"end":{"line":1,"column":4306}},"line":1},"30":{"name":"(anonymous_30)","decl":{"start":{"line":1,"column":4073},"end":{"line":1,"column":4074}},"loc":{"start":{"line":1,"column":4084},"end":{"line":1,"column":4097}},"line":1},"31":{"name":"(anonymous_31)","decl":{"start":{"line":1,"column":4218},"end":{"line":1,"column":4219}},"loc":{"start":{"line":1,"column":4229},"end":{"line":1,"column":4294}},"line":1},"32":{"name":"r","decl":{"start":{"line":1,"column":4315},"end":{"line":1,"column":4316}},"loc":{"start":{"line":1,"column":4323},"end":{"line":1,"column":4426}},"line":1},"33":{"name":"o","decl":{"start":{"line":1,"column":4435},"end":{"line":1,"column":4436}},"loc":{"start":{"line":1,"column":4441},"end":{"line":1,"column":4798}},"line":1},"34":{"name":"(anonymous_34)","decl":{"start":{"line":1,"column":4472},"end":{"line":1,"column":4473}},"loc":{"start":{"line":1,"column":4485},"end":{"line":1,"column":4604}},"line":1},"35":{"name":"(anonymous_35)","decl":{"start":{"line":1,"column":4853},"end":{"line":1,"column":4854}},"loc":{"start":{"line":1,"column":4865},"end":{"line":1,"column":5487}},"line":1},"36":{"name":"(anonymous_36)","decl":{"start":{"line":1,"column":5505},"end":{"line":1,"column":5506}},"loc":{"start":{"line":1,"column":5517},"end":{"line":1,"column":6046}},"line":1},"37":{"name":"(anonymous_37)","decl":{"start":{"line":1,"column":6061},"end":{"line":1,"column":6062}},"loc":{"start":{"line":1,"column":6076},"end":{"line":1,"column":8641}},"line":1},"38":{"name":"(anonymous_38)","decl":{"start":{"line":1,"column":6135},"end":{"line":1,"column":6136}},"loc":{"start":{"line":1,"column":6147},"end":{"line":1,"column":6529}},"line":1},"39":{"name":"(anonymous_39)","decl":{"start":{"line":1,"column":6556},"end":{"line":1,"column":6557}},"loc":{"start":{"line":1,"column":6568},"end":{"line":1,"column":7315}},"line":1},"40":{"name":"(anonymous_40)","decl":{"start":{"line":1,"column":7335},"end":{"line":1,"column":7336}},"loc":{"start":{"line":1,"column":7347},"end":{"line":1,"column":7930}},"line":1},"41":{"name":"(anonymous_41)","decl":{"start":{"line":1,"column":7951},"end":{"line":1,"column":7952}},"loc":{"start":{"line":1,"column":7963},"end":{"line":1,"column":8627}},"line":1},"42":{"name":"(anonymous_42)","decl":{"start":{"line":1,"column":8642},"end":{"line":1,"column":8643}},"loc":{"start":{"line":1,"column":8657},"end":{"line":1,"column":11208}},"line":1},"43":{"name":"(anonymous_43)","decl":{"start":{"line":1,"column":8745},"end":{"line":1,"column":8746}},"loc":{"start":{"line":1,"column":8757},"end":{"line":1,"column":9209}},"line":1},"44":{"name":"(anonymous_44)","decl":{"start":{"line":1,"column":9232},"end":{"line":1,"column":9233}},"loc":{"start":{"line":1,"column":9244},"end":{"line":1,"column":9624}},"line":1},"45":{"name":"(anonymous_45)","decl":{"start":{"line":1,"column":9648},"end":{"line":1,"column":9649}},"loc":{"start":{"line":1,"column":9660},"end":{"line":1,"column":10132}},"line":1},"46":{"name":"(anonymous_46)","decl":{"start":{"line":1,"column":10165},"end":{"line":1,"column":10166}},"loc":{"start":{"line":1,"column":10177},"end":{"line":1,"column":10662}},"line":1},"47":{"name":"(anonymous_47)","decl":{"start":{"line":1,"column":10696},"end":{"line":1,"column":10697}},"loc":{"start":{"line":1,"column":10708},"end":{"line":1,"column":11194}},"line":1},"48":{"name":"(anonymous_48)","decl":{"start":{"line":1,"column":11209},"end":{"line":1,"column":11210}},"loc":{"start":{"line":1,"column":11222},"end":{"line":1,"column":11249}},"line":1}},"branchMap":{"0":{"loc":{"start":{"line":1,"column":89},"end":{"line":1,"column":117}},"type":"if","locations":[{"start":{"line":1,"column":89},"end":{"line":1,"column":117}},{"start":{"line":1,"column":89},"end":{"line":1,"column":117}}],"line":1},"1":{"loc":{"start":{"line":1,"column":248},"end":{"line":1,"column":306}},"type":"binary-expr","locations":[{"start":{"line":1,"column":248},"end":{"line":1,"column":256}},{"start":{"line":1,"column":258},"end":{"line":1,"column":306}}],"line":1},"2":{"loc":{"start":{"line":1,"column":324},"end":{"line":1,"column":432}},"type":"binary-expr","locations":[{"start":{"line":1,"column":324},"end":{"line":1,"column":350}},{"start":{"line":1,"column":352},"end":{"line":1,"column":370}},{"start":{"line":1,"column":372},"end":{"line":1,"column":432}}],"line":1},"3":{"loc":{"start":{"line":1,"column":501},"end":{"line":1,"column":531}},"type":"if","locations":[{"start":{"line":1,"column":501},"end":{"line":1,"column":531}},{"start":{"line":1,"column":501},"end":{"line":1,"column":531}}],"line":1},"4":{"loc":{"start":{"line":1,"column":504},"end":{"line":1,"column":517}},"type":"binary-expr","locations":[{"start":{"line":1,"column":504},"end":{"line":1,"column":507}},{"start":{"line":1,"column":510},"end":{"line":1,"column":516}}],"line":1},"5":{"loc":{"start":{"line":1,"column":531},"end":{"line":1,"column":584}},"type":"if","locations":[{"start":{"line":1,"column":531},"end":{"line":1,"column":584}},{"start":{"line":1,"column":531},"end":{"line":1,"column":584}}],"line":1},"6":{"loc":{"start":{"line":1,"column":534},"end":{"line":1,"column":574}},"type":"binary-expr","locations":[{"start":{"line":1,"column":534},"end":{"line":1,"column":537}},{"start":{"line":1,"column":539},"end":{"line":1,"column":557}},{"start":{"line":1,"column":559},"end":{"line":1,"column":560}},{"start":{"line":1,"column":562},"end":{"line":1,"column":574}}],"line":1},"7":{"loc":{"start":{"line":1,"column":610},"end":{"line":1,"column":765}},"type":"if","locations":[{"start":{"line":1,"column":610},"end":{"line":1,"column":765}},{"start":{"line":1,"column":610},"end":{"line":1,"column":765}}],"line":1},"8":{"loc":{"start":{"line":1,"column":679},"end":{"line":1,"column":702}},"type":"binary-expr","locations":[{"start":{"line":1,"column":679},"end":{"line":1,"column":682}},{"start":{"line":1,"column":684},"end":{"line":1,"column":702}}],"line":1},"9":{"loc":{"start":{"line":1,"column":797},"end":{"line":1,"column":862}},"type":"cond-expr","locations":[{"start":{"line":1,"column":813},"end":{"line":1,"column":841}},{"start":{"line":1,"column":842},"end":{"line":1,"column":862}}],"line":1},"10":{"loc":{"start":{"line":1,"column":797},"end":{"line":1,"column":812}},"type":"binary-expr","locations":[{"start":{"line":1,"column":797},"end":{"line":1,"column":798}},{"start":{"line":1,"column":800},"end":{"line":1,"column":812}}],"line":1},"11":{"loc":{"start":{"line":1,"column":2478},"end":{"line":1,"column":2500}},"type":"binary-expr","locations":[{"start":{"line":1,"column":2478},"end":{"line":1,"column":2494}},{"start":{"line":1,"column":2496},"end":{"line":1,"column":2500}}],"line":1},"12":{"loc":{"start":{"line":1,"column":2733},"end":{"line":1,"column":2868}},"type":"cond-expr","locations":[{"start":{"line":1,"column":2735},"end":{"line":1,"column":2803}},{"start":{"line":1,"column":2804},"end":{"line":1,"column":2868}}],"line":1},"13":{"loc":{"start":{"line":1,"column":3302},"end":{"line":1,"column":3598}},"type":"if","locations":[{"start":{"line":1,"column":3302},"end":{"line":1,"column":3598}},{"start":{"line":1,"column":3302},"end":{"line":1,"column":3598}}],"line":1},"14":{"loc":{"start":{"line":1,"column":3768},"end":{"line":1,"column":3944}},"type":"if","locations":[{"start":{"line":1,"column":3768},"end":{"line":1,"column":3944}},{"start":{"line":1,"column":3768},"end":{"line":1,"column":3944}}],"line":1},"15":{"loc":{"start":{"line":1,"column":3839},"end":{"line":1,"column":3925}},"type":"binary-expr","locations":[{"start":{"line":1,"column":3839},"end":{"line":1,"column":3840}},{"start":{"line":1,"column":3843},"end":{"line":1,"column":3924}}],"line":1},"16":{"loc":{"start":{"line":1,"column":4009},"end":{"line":1,"column":4043}},"type":"cond-expr","locations":[{"start":{"line":1,"column":4028},"end":{"line":1,"column":4040}},{"start":{"line":1,"column":4041},"end":{"line":1,"column":4043}}],"line":1},"17":{"loc":{"start":{"line":1,"column":4044},"end":{"line":1,"column":4296}},"type":"cond-expr","locations":[{"start":{"line":1,"column":4048},"end":{"line":1,"column":4099}},{"start":{"line":1,"column":4100},"end":{"line":1,"column":4296}}],"line":1},"18":{"loc":{"start":{"line":1,"column":4100},"end":{"line":1,"column":4296}},"type":"cond-expr","locations":[{"start":{"line":1,"column":4133},"end":{"line":1,"column":4195}},{"start":{"line":1,"column":4196},"end":{"line":1,"column":4296}}],"line":1},"19":{"loc":{"start":{"line":1,"column":4331},"end":{"line":1,"column":4423}},"type":"cond-expr","locations":[{"start":{"line":1,"column":4338},"end":{"line":1,"column":4416}},{"start":{"line":1,"column":4417},"end":{"line":1,"column":4423}}],"line":1},"20":{"loc":{"start":{"line":1,"column":4442},"end":{"line":1,"column":4462}},"type":"if","locations":[{"start":{"line":1,"column":4442},"end":{"line":1,"column":4462}},{"start":{"line":1,"column":4442},"end":{"line":1,"column":4462}}],"line":1},"21":{"loc":{"start":{"line":1,"column":4486},"end":{"line":1,"column":4506}},"type":"if","locations":[{"start":{"line":1,"column":4486},"end":{"line":1,"column":4506}},{"start":{"line":1,"column":4486},"end":{"line":1,"column":4506}}],"line":1},"22":{"loc":{"start":{"line":1,"column":4566},"end":{"line":1,"column":4594}},"type":"binary-expr","locations":[{"start":{"line":1,"column":4566},"end":{"line":1,"column":4581}},{"start":{"line":1,"column":4584},"end":{"line":1,"column":4593}}],"line":1},"23":{"loc":{"start":{"line":1,"column":4610},"end":{"line":1,"column":4789}},"type":"if","locations":[{"start":{"line":1,"column":4610},"end":{"line":1,"column":4789}},{"start":{"line":1,"column":4610},"end":{"line":1,"column":4789}}],"line":1},"24":{"loc":{"start":{"line":1,"column":4711},"end":{"line":1,"column":4788}},"type":"binary-expr","locations":[{"start":{"line":1,"column":4711},"end":{"line":1,"column":4726}},{"start":{"line":1,"column":4728},"end":{"line":1,"column":4775}},{"start":{"line":1,"column":4778},"end":{"line":1,"column":4787}}],"line":1},"25":{"loc":{"start":{"line":1,"column":5157},"end":{"line":1,"column":5390}},"type":"if","locations":[{"start":{"line":1,"column":5157},"end":{"line":1,"column":5390}},{"start":{"line":1,"column":5157},"end":{"line":1,"column":5390}}],"line":1},"26":{"loc":{"start":{"line":1,"column":5234},"end":{"line":1,"column":5390}},"type":"if","locations":[{"start":{"line":1,"column":5234},"end":{"line":1,"column":5390}},{"start":{"line":1,"column":5234},"end":{"line":1,"column":5390}}],"line":1},"27":{"loc":{"start":{"line":1,"column":5568},"end":{"line":1,"column":5949}},"type":"if","locations":[{"start":{"line":1,"column":5568},"end":{"line":1,"column":5949}},{"start":{"line":1,"column":5568},"end":{"line":1,"column":5949}}],"line":1},"28":{"loc":{"start":{"line":1,"column":5625},"end":{"line":1,"column":5860}},"type":"if","locations":[{"start":{"line":1,"column":5625},"end":{"line":1,"column":5860}},{"start":{"line":1,"column":5625},"end":{"line":1,"column":5860}}],"line":1},"29":{"loc":{"start":{"line":1,"column":6726},"end":{"line":1,"column":6761}},"type":"binary-expr","locations":[{"start":{"line":1,"column":6726},"end":{"line":1,"column":6751}},{"start":{"line":1,"column":6754},"end":{"line":1,"column":6760}}],"line":1},"30":{"loc":{"start":{"line":1,"column":6789},"end":{"line":1,"column":6824}},"type":"binary-expr","locations":[{"start":{"line":1,"column":6789},"end":{"line":1,"column":6810}},{"start":{"line":1,"column":6812},"end":{"line":1,"column":6824}}],"line":1},"31":{"loc":{"start":{"line":1,"column":7080},"end":{"line":1,"column":7218}},"type":"cond-expr","locations":[{"start":{"line":1,"column":7093},"end":{"line":1,"column":7147}},{"start":{"line":1,"column":7148},"end":{"line":1,"column":7218}}],"line":1},"32":{"loc":{"start":{"line":1,"column":7449},"end":{"line":1,"column":7481}},"type":"binary-expr","locations":[{"start":{"line":1,"column":7449},"end":{"line":1,"column":7471}},{"start":{"line":1,"column":7474},"end":{"line":1,"column":7480}}],"line":1},"33":{"loc":{"start":{"line":1,"column":7687},"end":{"line":1,"column":7818}},"type":"cond-expr","locations":[{"start":{"line":1,"column":7699},"end":{"line":1,"column":7753}},{"start":{"line":1,"column":7754},"end":{"line":1,"column":7818}}],"line":1},"34":{"loc":{"start":{"line":1,"column":8090},"end":{"line":1,"column":8125}},"type":"binary-expr","locations":[{"start":{"line":1,"column":8090},"end":{"line":1,"column":8115}},{"start":{"line":1,"column":8118},"end":{"line":1,"column":8124}}],"line":1},"35":{"loc":{"start":{"line":1,"column":8367},"end":{"line":1,"column":8515}},"type":"cond-expr","locations":[{"start":{"line":1,"column":8380},"end":{"line":1,"column":8450}},{"start":{"line":1,"column":8451},"end":{"line":1,"column":8515}}],"line":1},"36":{"loc":{"start":{"line":1,"column":8876},"end":{"line":1,"column":8911}},"type":"binary-expr","locations":[{"start":{"line":1,"column":8876},"end":{"line":1,"column":8901}},{"start":{"line":1,"column":8904},"end":{"line":1,"column":8910}}],"line":1},"37":{"loc":{"start":{"line":1,"column":8939},"end":{"line":1,"column":8973}},"type":"binary-expr","locations":[{"start":{"line":1,"column":8939},"end":{"line":1,"column":8963}},{"start":{"line":1,"column":8966},"end":{"line":1,"column":8972}}],"line":1},"38":{"loc":{"start":{"line":1,"column":9065},"end":{"line":1,"column":9197}},"type":"cond-expr","locations":[{"start":{"line":1,"column":9078},"end":{"line":1,"column":9132}},{"start":{"line":1,"column":9133},"end":{"line":1,"column":9197}}],"line":1},"39":{"loc":{"start":{"line":1,"column":9359},"end":{"line":1,"column":9394}},"type":"binary-expr","locations":[{"start":{"line":1,"column":9359},"end":{"line":1,"column":9384}},{"start":{"line":1,"column":9387},"end":{"line":1,"column":9393}}],"line":1},"40":{"loc":{"start":{"line":1,"column":9480},"end":{"line":1,"column":9612}},"type":"cond-expr","locations":[{"start":{"line":1,"column":9493},"end":{"line":1,"column":9547}},{"start":{"line":1,"column":9548},"end":{"line":1,"column":9612}}],"line":1},"41":{"loc":{"start":{"line":1,"column":9793},"end":{"line":1,"column":10035}},"type":"if","locations":[{"start":{"line":1,"column":9793},"end":{"line":1,"column":10035}},{"start":{"line":1,"column":9793},"end":{"line":1,"column":10035}}],"line":1},"42":{"loc":{"start":{"line":1,"column":10312},"end":{"line":1,"column":10347}},"type":"binary-expr","locations":[{"start":{"line":1,"column":10312},"end":{"line":1,"column":10337}},{"start":{"line":1,"column":10340},"end":{"line":1,"column":10346}}],"line":1},"43":{"loc":{"start":{"line":1,"column":10433},"end":{"line":1,"column":10565}},"type":"cond-expr","locations":[{"start":{"line":1,"column":10446},"end":{"line":1,"column":10500}},{"start":{"line":1,"column":10501},"end":{"line":1,"column":10565}}],"line":1},"44":{"loc":{"start":{"line":1,"column":10844},"end":{"line":1,"column":10879}},"type":"binary-expr","locations":[{"start":{"line":1,"column":10844},"end":{"line":1,"column":10869}},{"start":{"line":1,"column":10872},"end":{"line":1,"column":10878}}],"line":1},"45":{"loc":{"start":{"line":1,"column":10965},"end":{"line":1,"column":11097}},"type":"cond-expr","locations":[{"start":{"line":1,"column":10978},"end":{"line":1,"column":11032}},{"start":{"line":1,"column":11033},"end":{"line":1,"column":11097}}],"line":1}},"s":{"0":1,"1":1,"2":31,"3":17,"4":14,"5":14,"6":1,"7":0,"8":1,"9":0,"10":0,"11":0,"12":0,"13":0,"14":0,"15":0,"16":0,"17":0,"18":0,"19":0,"20":0,"21":0,"22":0,"23":0,"24":1,"25":1,"26":1,"27":1,"28":1,"29":1,"30":1,"31":1,"32":1,"33":1,"34":1,"35":1,"36":1,"37":1,"38":1,"39":1,"40":1,"41":1,"42":1,"43":1,"44":1,"45":1,"46":1,"47":1,"48":1,"49":1,"50":0,"51":1,"52":1,"53":1,"54":1,"55":1,"56":1,"57":1,"58":0,"59":0,"60":0,"61":0,"62":0,"63":0,"64":0,"65":0,"66":0,"67":0,"68":0,"69":0,"70":0,"71":0,"72":0,"73":0,"74":0,"75":1,"76":1,"77":1,"78":1,"79":1,"80":0,"81":1,"82":1,"83":1,"84":1,"85":1,"86":10,"87":0,"88":1,"89":10,"90":1,"91":0,"92":1,"93":1,"94":0,"95":1,"96":1,"97":1,"98":11,"99":1,"100":1,"101":1,"102":1,"103":0,"104":1,"105":1,"106":1,"107":1,"108":1,"109":2,"110":2,"111":2,"112":2,"113":2,"114":1,"115":1,"116":0,"117":1,"118":1,"119":0,"120":3,"121":3,"122":3,"123":2,"124":2,"125":1,"126":1,"127":1,"128":1,"129":1,"130":1,"131":0,"132":1,"133":1,"134":1,"135":1,"136":1,"137":0,"138":0,"139":0,"140":0,"141":0,"142":0,"143":0,"144":0,"145":0,"146":0,"147":0,"148":0,"149":0,"150":0,"151":0,"152":0,"153":0,"154":0,"155":0,"156":0,"157":0,"158":0,"159":0,"160":0,"161":0,"162":0,"163":0,"164":0,"165":0,"166":0,"167":0,"168":1,"169":1,"170":1,"171":1,"172":1,"173":1,"174":4,"175":4,"176":80,"177":4,"178":1,"179":0,"180":1,"181":1,"182":1,"183":1,"184":1,"185":1,"186":0,"187":0,"188":0,"189":0,"190":0,"191":0,"192":0,"193":0,"194":0,"195":0,"196":0,"197":0,"198":1,"199":1,"200":1,"201":1,"202":1,"203":1,"204":48,"205":48,"206":960,"207":48,"208":1,"209":2,"210":2,"211":2,"212":2,"213":1,"214":1,"215":1,"216":0,"217":0,"218":0,"219":0,"220":0,"221":0,"222":0,"223":0,"224":0,"225":0,"226":0,"227":0,"228":0,"229":0,"230":0,"231":0,"232":0,"233":0,"234":0,"235":0,"236":0,"237":0,"238":0,"239":0,"240":0,"241":1},"f":{"0":1,"1":31,"2":0,"3":1,"4":0,"5":0,"6":0,"7":0,"8":0,"9":0,"10":1,"11":1,"12":1,"13":1,"14":1,"15":1,"16":1,"17":1,"18":1,"19":1,"20":0,"21":1,"22":1,"23":0,"24":0,"25":0,"26":1,"27":1,"28":0,"29":1,"30":10,"31":0,"32":10,"33":1,"34":1,"35":2,"36":3,"37":1,"38":0,"39":0,"40":0,"41":1,"42":1,"43":0,"44":1,"45":2,"46":0,"47":0,"48":1},"b":{"0":[17,14],"1":[0,0],"2":[1,1,1],"3":[0,0],"4":[0,0],"5":[0,0],"6":[0,0,0,0],"7":[0,0],"8":[0,0],"9":[0,0],"10":[0,0],"11":[1,1],"12":[0,0],"13":[0,0],"14":[1,0],"15":[1,1],"16":[1,0],"17":[1,0],"18":[0,0],"19":[0,10],"20":[0,1],"21":[0,1],"22":[11,10],"23":[1,0],"24":[0,0,0],"25":[1,1],"26":[0,1],"27":[2,1],"28":[1,1],"29":[0,0],"30":[0,0],"31":[0,0],"32":[0,0],"33":[0,0],"34":[80,4],"35":[0,1],"36":[0,0],"37":[0,0],"38":[0,0],"39":[960,48],"40":[0,1],"41":[1,1],"42":[0,0],"43":[0,0],"44":[0,0],"45":[0,0]},"inputSourceMap":{"version":3,"sources":["webpack:///webpack/bootstrap","webpack:///external \"express\"","webpack:///external \"mongoose\"","webpack:///./models/User.js","webpack:///external \"dotenv\"","webpack:///external \"crypto-js\"","webpack:///./models/Beds.js","webpack:///./models/Bedsdealing.js","webpack:///./src/index.js","webpack:///./routes/user.js","webpack:///./routes/auth.js","webpack:///./routes/beds.js","webpack:///./routes/bedsdealing.js","webpack:///external \"cors\""],"names":["installedModules","__webpack_require__","moduleId","exports","module","i","l","modules","call","m","c","d","name","getter","o","Object","defineProperty","enumerable","get","r","Symbol","toStringTag","value","t","mode","__esModule","ns","create","key","bind","n","object","property","prototype","hasOwnProperty","p","s","require","mongoose","UserSchama","Schema","email","type","String","required","max","unique","pass","min","fname","lname","idcard","lineid","phone","timestamps","model","BedsSchema","amount","Number","hno","no","lane","district","area","province","zipcode","user_id","BedsdealingSchema","date","Date","bed_id","express","app","dotenv","userRoute","authRoute","bedsRoute","bedsdealingRoute","cors","config","use","connect","process","env","MONGO_URL","then","console","log","catch","err","json","listen","PORT","findById","User","CryptoJS","router","Router","async","req","res","user","params","id","status","message","info","put","updatedUser","findByIdAndUpdate","$set","body","new","hashedPass","AES","decrypt","PASS_SEC","toString","enc","Utf8","oldpass","new_pass","encrypt","post","findOne","idCard","newUser","save","_doc","others","Beds","Bedsdealing","newBed","beds","find","userby","dealing","list","length","datadeal","y","_id","z","push","createdAt","updatedAt","bedsdealing","bed","bedsid","userid","bedsready","$gt","dealingall4","namell4","bedsinfo","dealingall3","newdealing","oldBeds","dealingbybed","userbybed","dealingbyuser","userbyuser"],"mappings":"kEACE,IAAIA,EAAmB,GAGvB,SAASC,EAAoBC,GAG5B,GAAGF,EAAiBE,GACnB,OAAOF,EAAiBE,GAAUC,QAGnC,IAAIC,EAASJ,EAAiBE,GAAY,CACzCG,EAAGH,EACHI,GAAG,EACHH,QAAS,IAUV,OANAI,EAAQL,GAAUM,KAAKJ,EAAOD,QAASC,EAAQA,EAAOD,QAASF,GAG/DG,EAAOE,GAAI,EAGJF,EAAOD,QA0Df,OArDAF,EAAoBQ,EAAIF,EAGxBN,EAAoBS,EAAIV,EAGxBC,EAAoBU,EAAI,SAASR,EAASS,EAAMC,GAC3CZ,EAAoBa,EAAEX,EAASS,IAClCG,OAAOC,eAAeb,EAASS,EAAM,CAAEK,YAAY,EAAMC,IAAKL,KAKhEZ,EAAoBkB,EAAI,SAAShB,GACX,oBAAXiB,QAA0BA,OAAOC,aAC1CN,OAAOC,eAAeb,EAASiB,OAAOC,YAAa,CAAEC,MAAO,WAE7DP,OAAOC,eAAeb,EAAS,aAAc,CAAEmB,OAAO,KAQvDrB,EAAoBsB,EAAI,SAASD,EAAOE,GAEvC,GADU,EAAPA,IAAUF,EAAQrB,EAAoBqB,IAC/B,EAAPE,EAAU,OAAOF,EACpB,GAAW,EAAPE,GAA8B,iBAAVF,GAAsBA,GAASA,EAAMG,WAAY,OAAOH,EAChF,IAAII,EAAKX,OAAOY,OAAO,MAGvB,GAFA1B,EAAoBkB,EAAEO,GACtBX,OAAOC,eAAeU,EAAI,UAAW,CAAET,YAAY,EAAMK,MAAOA,IACtD,EAAPE,GAA4B,iBAATF,EAAmB,IAAI,IAAIM,KAAON,EAAOrB,EAAoBU,EAAEe,EAAIE,EAAK,SAASA,GAAO,OAAON,EAAMM,IAAQC,KAAK,KAAMD,IAC9I,OAAOF,GAIRzB,EAAoB6B,EAAI,SAAS1B,GAChC,IAAIS,EAAST,GAAUA,EAAOqB,WAC7B,WAAwB,OAAOrB,EAAgB,SAC/C,WAA8B,OAAOA,GAEtC,OADAH,EAAoBU,EAAEE,EAAQ,IAAKA,GAC5BA,GAIRZ,EAAoBa,EAAI,SAASiB,EAAQC,GAAY,OAAOjB,OAAOkB,UAAUC,eAAe1B,KAAKuB,EAAQC,IAGzG/B,EAAoBkC,EAAI,IAIjBlC,EAAoBA,EAAoBmC,EAAI,G,gBClFrDhC,EAAOD,QAAUkC,QAAQ,Y,cCAzBjC,EAAOD,QAAUkC,QAAQ,a,gBCAzB,MAAMC,EAAWD,EAAQ,GAEnBE,EAAa,IAAID,EAASE,OAC9B,CACEC,MAAO,CACLC,KAAMC,OACNC,UAAU,EACVC,IAAK,GACLC,QAAQ,GAEVC,KAAM,CACJL,KAAMC,OACNC,UAAU,EACVI,IAAK,GAEPC,MAAO,CACLP,KAAMC,OACNC,UAAU,EACVC,IAAK,IAEPK,MAAO,CACLR,KAAMC,OACNC,UAAU,EACVC,IAAK,IAEPM,OAAQ,CACNT,KAAMC,OACNK,IAAK,GACLH,IAAK,IAEPO,OAAQ,CACNV,KAAMC,OACNE,IAAK,IAEPQ,MAAO,CACLX,KAAMC,OACNC,UAAU,EACVI,IAAK,GACLH,IAAK,KAGT,CACES,YAAY,IAIhBlD,EAAOD,QAAUmC,EAASiB,MAAM,OAAQhB,I,cC9CxCnC,EAAOD,QAAUkC,QAAQ,W,cCAzBjC,EAAOD,QAAUkC,QAAQ,c,gBCAzB,MAAMC,EAAWD,EAAQ,GAEnBmB,EAAa,IAAIlB,EAASE,OAC9B,CACEiB,OAAQ,CACNf,KAAMgB,OACNV,IAAK,EACLH,IAAK,KACLD,UAAU,GAEZe,IAAK,CACHjB,KAAMC,OACNE,IAAK,GACLD,UAAU,GAEZgB,GAAI,CACFlB,KAAMC,OACNE,IAAK,GACLD,UAAU,GAEZiB,KAAM,CACJnB,KAAMC,OACNE,IAAK,GACLD,UAAU,GAEZkB,SAAU,CACRpB,KAAMC,OACNE,IAAK,GACLD,UAAU,GAEZmB,KAAM,CACJrB,KAAMC,OACNE,IAAK,GACLD,UAAU,GAEZoB,SAAU,CACRtB,KAAMC,OACNE,IAAK,GACLD,UAAU,GAEZqB,QAAS,CACPvB,KAAMC,OACNE,IAAK,EACLD,UAAU,GAEZsB,QAAS,CACPxB,KAAMC,OACNC,UAAU,IAGd,CAAEU,YAAY,IAGhBlD,EAAOD,QAAUmC,EAASiB,MAAM,OAAQC,I,gBCrDxC,MAAMlB,EAAWD,EAAQ,GAEnB8B,EAAoB,IAAI7B,EAASE,OACrC,CACE4B,KAAM,CACJ1B,KAAM2B,KACNzB,UAAU,GAEZ0B,OAAQ,CACN5B,KAAMC,OACNC,UAAU,GAEZsB,QAAS,CACPxB,KAAMC,OACNC,UAAU,IAGd,CACEU,YAAY,IAIhBlD,EAAOD,QAAUmC,EAASiB,MAAM,cAAeY,I,6DCtB/C,aAAMI,EAAUlC,EAAQ,GAClBmC,EAAMD,IACNjC,EAAWD,EAAQ,GACnBoC,EAASpC,EAAQ,GACjBqC,EAAYrC,EAAQ,GACpBsC,EAAYtC,EAAQ,IACpBuC,EAAYvC,EAAQ,IACpBwC,EAAmBxC,EAAQ,IACjC,IAAIyC,EAAOzC,EAAQ,IAEnBoC,EAAOM,SACPP,EAAIQ,IAAIF,KAERxC,EACK2C,QAAQC,QAAQC,IAAIC,WACpBC,KAAK,IAAMC,QAAQC,OACnBC,MAAOC,IACJH,QAAQC,IAAIE,KAGpBjB,EAAIQ,IAAIT,EAAQmB,QAChBlB,EAAIQ,IAAI,SAAUN,GAClBF,EAAIQ,IAAIL,GACRH,EAAIQ,IAAIJ,GACRJ,EAAIQ,IAAIH,GAERL,EAAImB,OAAOT,QAAQC,IAAIS,MAAQ,KAAM,KACjCN,QAAQC,IAAI,6CAGDf,a,gBC9Bf,MAAM,SAAEqB,GAAaxD,EAAQ,GACvByD,EAAOzD,EAAQ,GACf0D,EAAW1D,EAAQ,GACVA,EAAQ,GAChB0C,SAEP,MAAMiB,EAAS3D,EAAQ,GAAW4D,SAGlCD,EAAO9E,IAAI,OAAQgF,MAAOC,EAAKC,KAC7B,IACE,MAAMC,QAAaP,EAAKD,SAASM,EAAIG,OAAOC,IAEvCF,EAKHD,EACGI,OAAO,KACPd,KAAK,CAAEc,QAAQ,EAAMC,QAAS,sBAAuBC,KAAML,IAN9DD,EACGI,OAAO,KACPd,KAAK,CAAEc,QAAQ,EAAOC,QAAS,2BAOpC,MAAOhB,GACPH,QAAQC,IAAIE,GACZW,EAAII,OAAO,KAAKd,KAAKD,MAKzBO,EAAOW,IAAI,OAAQT,MAAOC,EAAKC,KAC7B,IACE,MAAMQ,QAAoBd,EAAKe,kBAC7BV,EAAIG,OAAOC,GACX,CACEO,KAAMX,EAAIY,MAEZ,CAAEC,KAAK,IAGTZ,EACGI,OAAO,KACPd,KAAK,CAAEc,QAAQ,EAAMC,QAAS,qBAAsBC,KAAME,IAC7D,MAAOnB,GACPW,EACGI,OAAO,KACPd,KAAK,CAAEe,QAAS,iDAKvBT,EAAOW,IAAI,kBAAmBT,MAAOC,EAAKC,KACxC,IACI,MAAMC,QAAaP,EAAKD,SAASM,EAAIG,OAAOC,IACtCU,QAAmBlB,EAASmB,IAAIC,QAClCd,EAAKtD,KACLmC,QAAQC,IAAIiC,UAGhB,SADmBH,EAAWI,SAAStB,EAASuB,IAAIC,OACzCpB,EAAIY,KAAKS,QAAQ,CACxB,MAAMC,QAAiB1B,EAASmB,IAAIQ,QAAQvB,EAAIY,KAAKhE,KAAMmC,QAAQC,IAAIiC,UAAUC,iBAC1DvB,EAAKe,kBAAkBV,EAAIG,OAAOC,GAAK,CAACxD,KAAM0E,IAErErB,EAAIV,KAAK,CAAC,QAAS,EAAM,QAAW,+BAEtCU,EAAIV,KAAK,CAAC,QAAU,EAAO,QAAW,4CAE3C,MAAOD,GACJW,EAAII,OAAO,KAAKd,KAAK,CAAC,QAAW,iDAIvCtF,EAAOD,QAAU6F,G,4kCCxEjB,MAAMA,EAAS3D,EAAQ,GAAW4D,SAC5BH,EAAOzD,EAAQ,GACf0D,EAAW1D,EAAQ,GAIzB2D,EAAO2B,KAAK,YAAazB,MAAOC,EAAKC,KACnC,IACE,MAAMC,QAAaP,EAAK8B,QAAQ,CAAEnF,MAAO0D,EAAIY,KAAKtE,QAC5CoF,QAAe/B,EAAK8B,QAAQ,CAAEzE,OAAQgD,EAAIY,KAAK5D,SAE/C2E,QAAgB,IAAIhC,EAAK,CAC7BrD,MAAO0D,EAAIY,KAAKtE,MAChBM,KAAMgD,EAASmB,IAAIQ,QACjBvB,EAAIY,KAAKhE,KACTmC,QAAQC,IAAIiC,UACZC,WACFpE,MAAOkD,EAAIY,KAAK9D,MAChBC,MAAOiD,EAAIY,KAAK7D,MAChBC,OAAQgD,EAAIY,KAAK5D,OACjBC,OAAQ+C,EAAIY,KAAK3D,OACjBC,MAAO8C,EAAIY,KAAK1D,QAGlB,GAAIgD,EACFD,EACGI,OAAO,KACPd,KAAK,CAAEc,QAAQ,EAAOC,QAAS,kCAC7B,GAAIoB,EACTzB,EACGI,OAAO,KACPd,KAAK,CAAEc,QAAQ,EAAOC,QAAS,sCAC7B,OAEkBqB,EAAQC,OAC/B3B,EAAII,OAAO,KAAKd,KAAK,CAAEc,QAAQ,EAAMC,QAAS,sBAEhD,MAAOhB,GACPW,EAAII,OAAO,KAAKd,KAAK,CACnBc,QAAQ,EACRC,QAAS,mDAKfT,EAAO2B,KAAK,SAAUzB,MAAOC,EAAKC,KAChC,IACE,MAAMC,QAAaP,EAAK8B,QAAQ,CAAEnF,MAAO0D,EAAIY,KAAKtE,QAClD,GAAK4D,EAOE,CACL,MAAMY,EAAalB,EAASmB,IAAIC,QAAQd,EAAKtD,KAAMmC,QAAQC,IAAIiC,UAG/D,GAFaH,EAAWI,SAAStB,EAASuB,IAAIC,QAEjCpB,EAAIY,KAAKhE,KACpBqD,EACGI,OAAO,KACPd,KAAK,CACJc,QAAQ,EACRC,QAAS,gDAER,CAEL,QAA4BJ,EAAK2B,MAA3B,KAAEjF,GAAR,EAAiBkF,EAAjB,OACA7B,EACGI,OAAO,KACPd,KAAK,CACJc,QAAQ,EACRC,QAAS,oBACTC,KAAM,EAAF,GAAOuB,WAzBjB7B,EACGI,OAAO,KACPd,KAAK,CACJc,QAAQ,EACRC,QAAS,8CAyBf,MAAOhB,GACPW,EAAII,OAAO,KAAKd,KAAK,CACnBc,QAAQ,EACRC,QAAS,mDAKfrG,EAAOD,QAAU6F,G,gBCtFjB,MAAMkC,EAAO7F,EAAQ,GACfyD,EAAOzD,EAAQ,GACf8F,EAAc9F,EAAQ,GACtB2D,EAAS3D,EAAQ,GAAW4D,SAGlCD,EAAO2B,KAAK,QAASzB,MAAOC,EAAKC,KAC/B,IACE,MAAMgC,QAAe,IAAIF,EAAK,CAC5BzE,OAAQ0C,EAAIY,KAAKtD,OACjBE,IAAKwC,EAAIY,KAAKpD,IACdC,GAAIuC,EAAIY,KAAKnD,GACbC,KAAMsC,EAAIY,KAAKlD,KACfC,SAAUqC,EAAIY,KAAKjD,SACnBC,KAAMoC,EAAIY,KAAKhD,KACfC,SAAUmC,EAAIY,KAAK/C,SACnBC,QAASkC,EAAIY,KAAK9C,QAClBC,QAASiC,EAAIY,KAAK7C,gBAGGkE,EAAOL,OAC9B3B,EAAII,OAAO,KAAKd,KAAK,CAAEc,QAAQ,EAAMC,QAAS,0BAC9C,MAAOhB,GACPW,EAAII,OAAO,KAAKd,KAAK,CACnBc,QAAQ,EACRC,QAAS,mDAMfT,EAAO9E,IAAI,mBAAoBgF,MAAOC,EAAKC,KACzC,IACE,MAAMiC,QAAaH,EAAKI,KAAK,CAAEpE,QAASiC,EAAIG,OAAOC,KAC7CgC,QAAezC,EAAKwC,OACpBE,QAAgBL,EAAYG,OAClC,IAAIG,EAAO,GACX,IAAK,IAAIpI,EAAI,EAAGA,EAAIgI,EAAKK,OAAQrI,IAAK,CACpC,IAAIO,EACA+H,EAAW,GACf,IAAK,IAAIC,EAAI,EAAGA,EAAIL,EAAOG,OAAQE,IAC7BP,EAAKhI,GAAG6D,SAAWqE,EAAOK,GAAGC,IAAM,KACrCjI,EAAO2H,EAAOK,IAGlB,IAAK,IAAIE,EAAI,EAAGA,EAAIN,EAAQE,OAAQI,IAC9BT,EAAKhI,GAAGwI,KAAOL,EAAQM,GAAGxE,QAC5BqE,EAASI,KAAKP,EAAQM,IAG1BL,EAAKM,KAAK,CACRF,IAAKR,EAAKhI,GAAGwI,IACbpF,OAAQ4E,EAAKhI,GAAGoD,OAChBE,IAAK0E,EAAKhI,GAAGsD,IACbC,GAAIyE,EAAKhI,GAAGuD,GACZC,KAAMwE,EAAKhI,GAAGwD,KACdC,SAAUuE,EAAKhI,GAAGyD,SAClBC,KAAMsE,EAAKhI,GAAG0D,KACdC,SAAUqE,EAAKhI,GAAG2D,SAClBC,QAASoE,EAAKhI,GAAG4D,QACjBC,QAASmE,EAAKhI,GAAG6D,QACjB8E,UAAWX,EAAKhI,GAAG2I,UACnBC,UAAWZ,EAAKhI,GAAG4I,UACnB5C,KAAMzF,EACNsI,YAAaP,IAIG,IAAhBF,EAAKC,OACPtC,EAAII,OAAO,KAAKd,KAAK,CAAEc,QAAQ,EAAOC,QAAS,iBAE/CL,EACGI,OAAO,KACPd,KAAK,CAAEc,QAAQ,EAAMC,QAAS,kBAAmBC,KAAM,CAACyC,IAAKV,KAElE,MAAOhD,GACPW,EAAII,OAAO,KAAKd,KAAK,CACnBc,QAAQ,EACRC,QAAS,mDAMfT,EAAO9E,IAAI,YAAagF,MAAOC,EAAKC,KAClC,IACE,MAAMgD,QAAelB,EAAKrC,SAASM,EAAIG,OAAOC,IACxC8C,QAAevD,EAAKwC,OAC1B,IAAIG,EAAO,GAEX,IAAI7H,EAEJ,IAAK,IAAIP,EAAI,EAAGA,EAAIgJ,EAAOX,OAAQrI,IAC7B+I,EAAOlF,SAAWmF,EAAOhJ,GAAGwI,IAAM,KACpCjI,EAAOyI,EAAOhJ,IAGlBoI,EAAKM,KAAK,CACRF,IAAKO,EAAOP,IACZpF,OAAQ2F,EAAO3F,OACfE,IAAKyF,EAAOzF,IACZC,GAAIwF,EAAOxF,GACXC,KAAMuF,EAAOvF,KACbC,SAAUsF,EAAOtF,SACjBC,KAAMqF,EAAOrF,KACbC,SAAUoF,EAAOpF,SACjBC,QAASmF,EAAOnF,QAChBC,QAASkF,EAAOlF,QAChB8E,UAAWI,EAAOJ,UAClBC,UAAWG,EAAOH,UAClB5C,KAAMzF,IAGW,GAAf6H,EAAKC,OACPtC,EAAII,OAAO,KAAKd,KAAK,CAAEc,QAAQ,EAAOC,QAAS,iBAE/CL,EACGI,OAAO,KACPd,KAAK,CAAEc,QAAQ,EAAMC,QAAS,kBAAmBC,KAAM+B,IAE5D,MAAOhD,GACPW,EAAII,OAAO,KAAKd,KAAK,CACnBc,QAAQ,EACRC,QAAS,kEAMfT,EAAO9E,IAAI,aAAcgF,MAAOC,EAAKC,KACnC,IACE,MAAMkD,QAAkBpB,EAAKI,KAAK,CAAE7E,OAAQ,CAAE8F,IAAK,KAC7ClD,QAAaP,EAAKwC,OAClBG,EAAO,GAEb,IAAK,IAAIpI,EAAI,EAAGA,EAAIiJ,EAAUZ,OAAQrI,IAAK,CACzC,IAAIO,EACJ,IAAK,IAAIgI,EAAI,EAAGA,EAAIvC,EAAKqC,OAAQE,IAC3BU,EAAUjJ,GAAG6D,SAAWmC,EAAKuC,GAAGC,IAAM,KACxCjI,EAAOyF,EAAKuC,IAGhBH,EAAKM,KAAK,CACRF,IAAKS,EAAUjJ,GAAGwI,IAClBpF,OAAQ6F,EAAUjJ,GAAGoD,OACrBE,IAAK2F,EAAUjJ,GAAGsD,IAClBC,GAAI0F,EAAUjJ,GAAGuD,GACjBC,KAAMyF,EAAUjJ,GAAGwD,KACnBC,SAAUwF,EAAUjJ,GAAGyD,SACvBC,KAAMuF,EAAUjJ,GAAG0D,KACnBC,SAAUsF,EAAUjJ,GAAG2D,SACvBC,QAASqF,EAAUjJ,GAAG4D,QACtBC,QAASoF,EAAUjJ,GAAG6D,QACtB8E,UAAWM,EAAUjJ,GAAG2I,UACxBC,UAAWK,EAAUjJ,GAAG4I,UACxB5C,KAAMzF,IAIU,IAAhB6H,EAAKC,OACPtC,EACGI,OAAO,KACPd,KAAK,CAAEc,QAAQ,EAAOC,QAAS,iCAElCL,EACGI,OAAO,KACPd,KAAK,CAAEc,QAAQ,EAAMC,QAAS,kBAAmBC,KAAM+B,IAE5D,MAAOhD,GACPW,EAAII,OAAO,KAAKd,KAAK,CACnBc,QAAQ,EACRC,QAAS,kEAKfrG,EAAOD,QAAU6F,G,gBChLjB,MAAMmC,EAAc9F,EAAQ,GACtByD,EAAOzD,EAAQ,GACf6F,EAAO7F,EAAQ,GACf2D,EAAS3D,EAAQ,GAAW4D,SACnB5D,EAAQ,GACRA,EAAQ,GAChB0C,SAGPiB,EAAO9E,IAAI,mBAAoBgF,MAAOC,EAAKC,KACzC,IACE,MAAMoD,QAAoBrB,EAAYG,KAAK,CAAEO,IAAK1C,EAAIG,OAAOC,KACvD6C,QAAelB,EAAKI,OACpBe,QAAevD,EAAKwC,OAE1B,IACImB,EACAC,EAFAjB,EAAO,GAGX,IAAK,IAAIG,EAAI,EAAGA,EAAIS,EAAOX,OAAQE,IAC7BY,EAAY,GAAGtF,SAAWmF,EAAOT,GAAGC,IAAM,KAC5CY,EAAUJ,EAAOT,IAGrB,IAAK,IAAIE,EAAI,EAAGA,EAAIM,EAAOV,OAAQI,IAC7BU,EAAY,GAAGlF,QAAU8E,EAAON,GAAGD,IAAM,KAC3Ca,EAAWN,EAAON,IAItBL,EAAKM,KAAK,CACRF,IAAKW,EAAY,GAAGX,IACpBvE,OAAQkF,EAAY,GAAGlF,OACvBJ,QAASsF,EAAY,GAAGtF,QACxBE,KAAOoF,EAAY,GAAGpF,KACtBiC,KAAMoD,EACNN,IAAKO,IAGa,IAAhBjB,EAAKC,OACPtC,EAAII,OAAO,KAAKd,KAAK,CAAEc,QAAQ,EAAOC,QAAS,iBAE/CL,EACGI,OAAO,KACPd,KAAK,CAAEc,QAAQ,EAAMC,QAAS,kBAAmBC,KAAM+B,IAE5D,MAAOhD,OAIXO,EAAO9E,IAAI,eAAgBgF,MAAOC,EAAKC,KACrC,IACE,MAAMuD,QAAoBxB,EAAYG,OAChCjC,QAAaP,EAAKwC,OACxB,IAAIG,EAAO,GAEX,IAAK,IAAIpI,EAAI,EAAGA,EAAIsJ,EAAYjB,OAAQrI,IAAK,CAC3C,IAAIO,EACJ,IAAK,IAAIgI,EAAI,EAAGA,EAAIvC,EAAKqC,OAAQE,IAC3Be,EAAYtJ,GAAG6D,SAAWmC,EAAKuC,GAAGC,IAAM,KAC1CjI,EAAOyF,EAAKuC,IAGhBH,EAAKM,KAAK,CACRF,IAAKc,EAAYtJ,GAAGwI,IACpBvE,OAAQqF,EAAYtJ,GAAGiE,OACvBJ,QAASyF,EAAYtJ,GAAG6D,QACxBE,KAAMuF,EAAYtJ,GAAG+D,KACrBiC,KAAMzF,IAIS,IAAhB6H,EAAKC,OACNtC,EAAII,OAAO,KAAKd,KAAK,CAAEc,QAAQ,EAAOC,QAAS,iBAE/CL,EACGI,OAAO,KACPd,KAAK,CAAEc,QAAQ,EAAMC,QAAS,kBAAmBC,KAAM+B,IAG5D,MAAOhD,OAIXO,EAAO2B,KAAK,eAAgBzB,MAAOC,EAAKC,KACtC,IACE,MAAMwD,QAAmB,IAAIzB,EAAY,CACvC/D,KAAM,IAAIC,KAAK8B,EAAIY,KAAK3C,MACxBE,OAAQ6B,EAAIY,KAAKzC,OACjBJ,QAASiC,EAAIY,KAAK7C,UAGd2F,QAAgB3B,EAAKrC,SAASM,EAAIY,KAAKzC,QAE7C,GAAuB,IAAnBuF,EAAQpG,OACV2C,EACGI,OAAO,KACPd,KAAK,CAAEc,QAAQ,EAAOC,QAAS,2CAC7B,OACqByB,EAAKrB,kBAC7BV,EAAIY,KAAKzC,OACT,CACEwC,KAAM,CAAErD,OAAQoG,EAAQpG,OAAS,IAEnC,CAAEuD,KAAK,UAEiB4C,EAAW7B,OACrC3B,EAAII,OAAO,KAAKd,KAAK,CAAEc,QAAQ,EAAMC,QAAS,eAEhD,MAAOhB,GACPW,EAAII,OAAO,KAAKd,KAAK,CACnBc,QAAQ,EACRC,QAAS,mDAMfT,EAAO9E,IAAI,yBAA0BgF,MAAOC,EAAKC,KAC/C,IACE,MAAM0D,QAAqB3B,EAAYG,KAAK,CAAEhE,OAAQ6B,EAAIG,OAAOC,KAC3DwD,QAAkBjE,EAAKwC,OAC7B,IAAIG,EAAO,GAEX,IAAK,IAAIpI,EAAI,EAAGA,EAAIyJ,EAAapB,OAAQrI,IAAK,CAC5C,IAAIO,EACJ,IAAK,IAAIgI,EAAI,EAAGA,EAAImB,EAAUrB,OAAQE,IAChCkB,EAAazJ,GAAG6D,SAAW6F,EAAUnB,GAAGC,IAAM,KAChDjI,EAAOmJ,EAAUnB,IAGrBH,EAAKM,KAAK,CACRF,IAAKiB,EAAazJ,GAAGwI,IACrBvE,OAAQwF,EAAazJ,GAAGiE,OACxBJ,QAAS4F,EAAazJ,GAAG6D,QACzBE,KAAM0F,EAAazJ,GAAG+D,KACtBiC,KAAMzF,IAIU,IAAhB6H,EAAKC,OACPtC,EAAII,OAAO,KAAKd,KAAK,CAAEc,QAAQ,EAAOC,QAAS,iBAE/CL,EAAII,OAAO,KAAKd,KAAK,CACnBc,QAAQ,EACRC,QAAS,kBACTC,KAAM+B,IAGV,MAAOhD,GACPW,EAAII,OAAO,KAAKd,KAAK,CACnBc,QAAQ,EACRC,QAAS,mDAMfT,EAAO9E,IAAI,0BAA2BgF,MAAOC,EAAKC,KAChD,IACE,MAAM4D,QAAsB7B,EAAYG,KAAK,CAAEpE,QAASiC,EAAIG,OAAOC,KAC7D0D,QAAmBnE,EAAKwC,OAC9B,IAAIG,EAAO,GAEX,IAAK,IAAIpI,EAAI,EAAGA,EAAI2J,EAActB,OAAQrI,IAAK,CAC7C,IAAIO,EACJ,IAAK,IAAIgI,EAAI,EAAGA,EAAIqB,EAAWvB,OAAQE,IACjCoB,EAAc3J,GAAG6D,SAAW+F,EAAWrB,GAAGC,IAAM,KAClDjI,EAAOqJ,EAAWrB,IAGtBH,EAAKM,KAAK,CACRF,IAAKmB,EAAc3J,GAAGwI,IACtBvE,OAAQ0F,EAAc3J,GAAGiE,OACzBJ,QAAS8F,EAAc3J,GAAG6D,QAC1BE,KAAM4F,EAAc3J,GAAG+D,KACvBiC,KAAMzF,IAIU,IAAhB6H,EAAKC,OACPtC,EAAII,OAAO,KAAKd,KAAK,CAAEc,QAAQ,EAAOC,QAAS,iBAE/CL,EAAII,OAAO,KAAKd,KAAK,CACnBc,QAAQ,EACRC,QAAS,kBACTC,KAAM+B,IAGV,MAAOhD,GACPW,EAAII,OAAO,KAAKd,KAAK,CACnBc,QAAQ,EACRC,QAAS,mDAKfrG,EAAOD,QAAU6F,G,cCpMjB5F,EAAOD,QAAUkC,QAAQ","file":"main.js","sourcesContent":[" \t// The module cache\n \tvar installedModules = {};\n\n \t// The require function\n \tfunction __webpack_require__(moduleId) {\n\n \t\t// Check if module is in cache\n \t\tif(installedModules[moduleId]) {\n \t\t\treturn installedModules[moduleId].exports;\n \t\t}\n \t\t// Create a new module (and put it into the cache)\n \t\tvar module = installedModules[moduleId] = {\n \t\t\ti: moduleId,\n \t\t\tl: false,\n \t\t\texports: {}\n \t\t};\n\n \t\t// Execute the module function\n \t\tmodules[moduleId].call(module.exports, module, module.exports, __webpack_require__);\n\n \t\t// Flag the module as loaded\n \t\tmodule.l = true;\n\n \t\t// Return the exports of the module\n \t\treturn module.exports;\n \t}\n\n\n \t// expose the modules object (__webpack_modules__)\n \t__webpack_require__.m = modules;\n\n \t// expose the module cache\n \t__webpack_require__.c = installedModules;\n\n \t// define getter function for harmony exports\n \t__webpack_require__.d = function(exports, name, getter) {\n \t\tif(!__webpack_require__.o(exports, name)) {\n \t\t\tObject.defineProperty(exports, name, { enumerable: true, get: getter });\n \t\t}\n \t};\n\n \t// define __esModule on exports\n \t__webpack_require__.r = function(exports) {\n \t\tif(typeof Symbol !== 'undefined' && Symbol.toStringTag) {\n \t\t\tObject.defineProperty(exports, Symbol.toStringTag, { value: 'Module' });\n \t\t}\n \t\tObject.defineProperty(exports, '__esModule', { value: true });\n \t};\n\n \t// create a fake namespace object\n \t// mode & 1: value is a module id, require it\n \t// mode & 2: merge all properties of value into the ns\n \t// mode & 4: return value when already ns object\n \t// mode & 8|1: behave like require\n \t__webpack_require__.t = function(value, mode) {\n \t\tif(mode & 1) value = __webpack_require__(value);\n \t\tif(mode & 8) return value;\n \t\tif((mode & 4) && typeof value === 'object' && value && value.__esModule) return value;\n \t\tvar ns = Object.create(null);\n \t\t__webpack_require__.r(ns);\n \t\tObject.defineProperty(ns, 'default', { enumerable: true, value: value });\n \t\tif(mode & 2 && typeof value != 'string') for(var key in value) __webpack_require__.d(ns, key, function(key) { return value[key]; }.bind(null, key));\n \t\treturn ns;\n \t};\n\n \t// getDefaultExport function for compatibility with non-harmony modules\n \t__webpack_require__.n = function(module) {\n \t\tvar getter = module && module.__esModule ?\n \t\t\tfunction getDefault() { return module['default']; } :\n \t\t\tfunction getModuleExports() { return module; };\n \t\t__webpack_require__.d(getter, 'a', getter);\n \t\treturn getter;\n \t};\n\n \t// Object.prototype.hasOwnProperty.call\n \t__webpack_require__.o = function(object, property) { return Object.prototype.hasOwnProperty.call(object, property); };\n\n \t// __webpack_public_path__\n \t__webpack_require__.p = \"/\";\n\n\n \t// Load entry module and return exports\n \treturn __webpack_require__(__webpack_require__.s = 7);\n","module.exports = require(\"express\");","module.exports = require(\"mongoose\");","const mongoose = require(\"mongoose\");\r\n\r\nconst UserSchama = new mongoose.Schema(\r\n  {\r\n    email: {\r\n      type: String,\r\n      required: true,\r\n      max: 50,\r\n      unique: true,\r\n    },\r\n    pass: {\r\n      type: String,\r\n      required: true,\r\n      min: 6,\r\n    },\r\n    fname: {\r\n      type: String,\r\n      required: true,\r\n      max: 50,\r\n    },\r\n    lname: {\r\n      type: String,\r\n      required: true,\r\n      max: 50,\r\n    },\r\n    idcard: {\r\n      type: String,\r\n      min: 13,\r\n      max: 13,\r\n    },\r\n    lineid: {\r\n      type: String,\r\n      max: 50,\r\n    },\r\n    phone: {\r\n      type: String,\r\n      required: true,\r\n      min: 10,\r\n      max: 10,\r\n    }\r\n  },\r\n  {\r\n    timestamps: true,\r\n  }\r\n);\r\n\r\nmodule.exports = mongoose.model(\"User\", UserSchama);\r\n","module.exports = require(\"dotenv\");","module.exports = require(\"crypto-js\");","const mongoose = require(\"mongoose\");\r\n\r\nconst BedsSchema = new mongoose.Schema(\r\n  {\r\n    amount: {\r\n      type: Number,\r\n      min: 1,\r\n      max: 9999,\r\n      required: true,\r\n    },\r\n    hno: {\r\n      type: String,\r\n      max: 30,\r\n      required: true,\r\n    },\r\n    no: {\r\n      type: String,\r\n      max: 30,\r\n      required: true,\r\n    },\r\n    lane: {\r\n      type: String,\r\n      max: 50,\r\n      required: true,\r\n    },\r\n    district: {\r\n      type: String,\r\n      max: 50,\r\n      required: true,\r\n    },\r\n    area: {\r\n      type: String,\r\n      max: 50,\r\n      required: true,\r\n    },\r\n    province: {\r\n      type: String,\r\n      max: 50,\r\n      required: true,\r\n    },\r\n    zipcode: {\r\n      type: String,\r\n      max: 5,\r\n      required: true,\r\n    },\r\n    user_id: {\r\n      type: String,\r\n      required: true,\r\n    },\r\n  },\r\n  { timestamps: true }\r\n);\r\n\r\nmodule.exports = mongoose.model(\"Beds\", BedsSchema);\r\n","const mongoose = require(\"mongoose\");\r\n\r\nconst BedsdealingSchema = new mongoose.Schema(\r\n  {\r\n    date: {\r\n      type: Date,\r\n      required: true,\r\n    },\r\n    bed_id: {\r\n      type: String,\r\n      required: true,\r\n    },\r\n    user_id: {\r\n      type: String,\r\n      required: true,\r\n    },\r\n  },\r\n  {\r\n    timestamps: true,\r\n  }\r\n);\r\n\r\nmodule.exports = mongoose.model(\"Bedsdealing\", BedsdealingSchema);\r\n","const express = require('express');\r\nconst app = express();\r\nconst mongoose = require('mongoose');\r\nconst dotenv = require('dotenv');\r\nconst userRoute = require('../routes/user');\r\nconst authRoute = require('../routes/auth');\r\nconst bedsRoute = require('../routes/beds');\r\nconst bedsdealingRoute = require('../routes/bedsdealing');\r\nvar cors = require('cors');\r\n\r\ndotenv.config();\r\napp.use(cors())\r\n\r\nmongoose\r\n    .connect(process.env.MONGO_URL)\r\n    .then(() => console.log())\r\n    .catch((err) => {\r\n        console.log(err);\r\n    })\r\n\r\napp.use(express.json());\r\napp.use(\"/users\", userRoute);\r\napp.use(authRoute);\r\napp.use(bedsRoute);\r\napp.use(bedsdealingRoute);\r\n\r\napp.listen(process.env.PORT || 8888, () => {\r\n    console.log(\"Backend server is running! on port 8888\")\r\n});\r\n\r\nexport default app","const { findById } = require(\"../models/User\");\r\nconst User = require(\"../models/User\");\r\nconst CryptoJS = require(\"crypto-js\");\r\nconst dotenv = require('dotenv');\r\ndotenv.config();\r\n\r\nconst router = require(\"express\").Router();\r\n\r\n// added\r\nrouter.get(\"/:id\", async (req, res) => {\r\n  try {\r\n    const user = await User.findById(req.params.id);\r\n\r\n    if (!user) {\r\n      res\r\n        .status(203)\r\n        .json({ status: false, message: \"ไอดีที่เรียกไม่ถูกต้อง\" });\r\n    } else {\r\n      res\r\n        .status(201)\r\n        .json({ status: true, message: \"ไอดีที่เรียกถูกต้อง\", info: user });\r\n    }\r\n    // res.status(200).json(user);\r\n  } catch (err) {\r\n    console.log(err);\r\n    res.status(500).json(err);\r\n  }\r\n});\r\n\r\n//added\r\nrouter.put(\"/:id\", async (req, res) => {\r\n  try {\r\n    const updatedUser = await User.findByIdAndUpdate(\r\n      req.params.id,\r\n      {\r\n        $set: req.body,\r\n      },\r\n      { new: true }\r\n    );\r\n\r\n    res\r\n      .status(200)\r\n      .json({ status: true, message: \"อัพเดทข้อมูลสำเร็จ\", info: updatedUser });\r\n  } catch (err) {\r\n    res\r\n      .status(500)\r\n      .json({ message: \"อัพเดทข้อมูลไม่สำเร็จ กรุณาลองใหม่ภายหลัง\" });\r\n  }\r\n});\r\n\r\n//added\r\nrouter.put(\"/changepass/:id\", async (req, res) => {\r\n  try{\r\n      const user = await User.findById(req.params.id);\r\n      const hashedPass = await CryptoJS.AES.decrypt(\r\n          user.pass,\r\n          process.env.PASS_SEC\r\n      );\r\n      const pass = await hashedPass.toString(CryptoJS.enc.Utf8);\r\n      if(pass == req.body.oldpass){\r\n          const new_pass = await CryptoJS.AES.encrypt(req.body.pass, process.env.PASS_SEC).toString();\r\n          const new_user = await User.findByIdAndUpdate(req.params.id , {pass: new_pass});\r\n\r\n          res.json({\"status\":true, \"message\": \"เปลี่ยนรหัสผ่านสำเร็จ\"})\r\n      }else{\r\n        res.json({\"status\": false, \"message\": \"รหัสผ่านไม่ถูกต้อง กรุณาลองใหม่อีกครั้ง\"})\r\n      }\r\n  }catch (err) {\r\n      res.status(500).json({\"message\": \"อัพเดทข้อมูลไม่สำเร็จ กรุณาลองใหม่ภายหลัง\"})\r\n  }\r\n});\r\n\r\nmodule.exports = router;\r\n","const router = require(\"express\").Router();\r\nconst User = require(\"../models/User\");\r\nconst CryptoJS = require(\"crypto-js\");\r\n\r\n\r\n// REGISTER\r\nrouter.post(\"/register\", async (req, res) => {\r\n  try {\r\n    const user = await User.findOne({ email: req.body.email });\r\n    const idCard = await User.findOne({ idcard: req.body.idcard });\r\n\r\n    const newUser = await new User({\r\n      email: req.body.email,\r\n      pass: CryptoJS.AES.encrypt(\r\n        req.body.pass,\r\n        process.env.PASS_SEC\r\n      ).toString(),\r\n      fname: req.body.fname,\r\n      lname: req.body.lname,\r\n      idcard: req.body.idcard,\r\n      lineid: req.body.lineid,\r\n      phone: req.body.phone,\r\n    });\r\n\r\n    if (user) {\r\n      res\r\n        .status(203)\r\n        .json({ status: false, message: \"อีเมลนี้มีในระบบอยู่แล้ว\" });\r\n    } else if (idCard) {\r\n      res\r\n        .status(203)\r\n        .json({ status: false, message: \"เลขบัตรประจำตัวตัวมีการใช้ซ้ำ\" });\r\n    } else {\r\n      // save user and respond\r\n      const New_User = await newUser.save();\r\n      res.status(200).json({ status: true, message: \"ลงทะเบียนสำเร็จ!\" });\r\n    }\r\n  } catch (err) {\r\n    res.status(500).json({\r\n      status: false,\r\n      message: \"เกิดข้อผิดพลาดกรุณาลงทะเบียนอีกครั้งภายหลัง\",\r\n    });\r\n  }\r\n});\r\n\r\nrouter.post(\"/login\", async (req, res) => {\r\n  try {\r\n    const user = await User.findOne({ email: req.body.email });\r\n    if (!user) {\r\n      res\r\n        .status(203)\r\n        .json({\r\n          status: false,\r\n          message: \"อีเมลไม่มีอยู่ในระบบ กรุณาลองใหม่อีกครั้ง\",\r\n        });\r\n    } else {\r\n      const hashedPass = CryptoJS.AES.decrypt(user.pass, process.env.PASS_SEC);\r\n      const pass = hashedPass.toString(CryptoJS.enc.Utf8);\r\n\r\n      if (pass !== req.body.pass) {\r\n        res\r\n          .status(203)\r\n          .json({\r\n            status: false,\r\n            message: \"รหัสผ่านไม่ถูกต้อง กรุณาลองใหม่อีกครั้ง\",\r\n          });\r\n      } else {\r\n\r\n        const { pass, ...others } = user._doc;\r\n        res\r\n          .status(200)\r\n          .json({\r\n            status: true,\r\n            message: \"เข้าสู่ระบบสำเร็จ\",\r\n            info: { ...others },\r\n          });\r\n      }\r\n    }\r\n  } catch (err) {\r\n    res.status(500).json({\r\n      status: false,\r\n      message: \"เกิดข้อผิดพลาดกรุณาลงทะเบียนอีกครั้งภายหลัง\",\r\n    });\r\n  }\r\n});\r\n\r\nmodule.exports = router;\r\n","const Beds = require(\"../models/Beds\");\r\nconst User = require(\"../models/User\");\r\nconst Bedsdealing = require(\"../models/Bedsdealing\");\r\nconst router = require(\"express\").Router();\r\n\r\n//added\r\nrouter.post(\"/beds\", async (req, res) => {\r\n  try {\r\n    const newBed = await new Beds({\r\n      amount: req.body.amount,\r\n      hno: req.body.hno,\r\n      no: req.body.no,\r\n      lane: req.body.lane,\r\n      district: req.body.district,\r\n      area: req.body.area,\r\n      province: req.body.province,\r\n      zipcode: req.body.zipcode,\r\n      user_id: req.body.user_id,\r\n    });\r\n\r\n    const New_Beds = await newBed.save();\r\n    res.status(203).json({ status: true, message: \"ลงทะเบียนเตียงสำเร็จ!\" });\r\n  } catch (err) {\r\n    res.status(500).json({\r\n      status: false,\r\n      message: \"เกิดข้อผิดพลาดกรุณาลงทะเบียนอีกครั้งภายหลัง\",\r\n    });\r\n  }\r\n});\r\n\r\n//added\r\nrouter.get(\"/bedsbyusers/:id\", async (req, res) => {\r\n  try {\r\n    const beds = await Beds.find({ user_id: req.params.id });\r\n    const userby = await User.find();\r\n    const dealing = await Bedsdealing.find();\r\n    var list = [];\r\n    for (let i = 0; i < beds.length; i++) {\r\n      let name;\r\n      let datadeal = [];\r\n      for (let y = 0; y < userby.length; y++) {\r\n        if (beds[i].user_id == userby[y]._id + \"\") {\r\n          name = userby[y];\r\n        }\r\n      }\r\n      for (let z = 0; z < dealing.length; z++){\r\n        if (beds[i]._id == dealing[z].bed_id){\r\n          datadeal.push(dealing[z]);\r\n        }\r\n      }\r\n      list.push({\r\n        _id: beds[i]._id,\r\n        amount: beds[i].amount,\r\n        hno: beds[i].hno,\r\n        no: beds[i].no,\r\n        lane: beds[i].lane,\r\n        district: beds[i].district,\r\n        area: beds[i].area,\r\n        province: beds[i].province,\r\n        zipcode: beds[i].zipcode,\r\n        user_id: beds[i].user_id,\r\n        createdAt: beds[i].createdAt,\r\n        updatedAt: beds[i].updatedAt,\r\n        user: name,\r\n        bedsdealing: datadeal\r\n      });\r\n    }\r\n\r\n    if (list.length === 0) {\r\n      res.status(203).json({ status: false, message: \"ไม่มีข้อมูล!\" });\r\n    } else {\r\n      res\r\n        .status(203)\r\n        .json({ status: true, message: \"การค้นหาสำเร็จ!\", info: {bed: list} });\r\n    }\r\n  } catch (err) {\r\n    res.status(500).json({\r\n      status: false,\r\n      message: \"เกิดข้อผิดพลาดกรุณาลงทะเบียนอีกครั้งภายหลัง\",\r\n    });\r\n  }\r\n});\r\n\r\n/// added\r\nrouter.get(\"/beds/:id\", async (req, res) => {\r\n  try {\r\n    const bedsid = await Beds.findById(req.params.id);\r\n    const userid = await User.find();\r\n    var list = [];\r\n\r\n    let name;\r\n\r\n    for (let i = 0; i < userid.length; i++) {\r\n      if (bedsid.user_id == userid[i]._id + \"\") {\r\n        name = userid[i];\r\n      }\r\n    }\r\n    list.push({\r\n      _id: bedsid._id,\r\n      amount: bedsid.amount,\r\n      hno: bedsid.hno,\r\n      no: bedsid.no,\r\n      lane: bedsid.lane,\r\n      district: bedsid.district,\r\n      area: bedsid.area,\r\n      province: bedsid.province,\r\n      zipcode: bedsid.zipcode,\r\n      user_id: bedsid.user_id,\r\n      createdAt: bedsid.createdAt,\r\n      updatedAt: bedsid.updatedAt,\r\n      user: name,\r\n    });\r\n\r\n    if (list.length == 0) {\r\n      res.status(203).json({ status: false, message: \"ไม่มีข้อมูล!\" });\r\n    } else {\r\n      res\r\n        .status(200)\r\n        .json({ status: true, message: \"การค้นหาสำเร็จ!\", info: list });\r\n    }\r\n  } catch (err) {\r\n    res.status(404).json({\r\n      status: false,\r\n      message: \"ไม่มีข้อมูลหรือเกิดข้อผิดพลาดกรุณาลงทะเบียนอีกครั้งภายหลัง\",\r\n    });\r\n  }\r\n});\r\n\r\n/// added\r\nrouter.get(\"/bedsready\", async (req, res) => {\r\n  try {\r\n    const bedsready = await Beds.find({ amount: { $gt: 0 } });\r\n    const user = await User.find();\r\n    const list = [];\r\n\r\n    for (let i = 0; i < bedsready.length; i++) {\r\n      let name;\r\n      for (let y = 0; y < user.length; y++) {\r\n        if (bedsready[i].user_id == user[y]._id + \"\") {\r\n          name = user[y];\r\n        }\r\n      }\r\n      list.push({\r\n        _id: bedsready[i]._id,\r\n        amount: bedsready[i].amount,\r\n        hno: bedsready[i].hno,\r\n        no: bedsready[i].no,\r\n        lane: bedsready[i].lane,\r\n        district: bedsready[i].district,\r\n        area: bedsready[i].area,\r\n        province: bedsready[i].province,\r\n        zipcode: bedsready[i].zipcode,\r\n        user_id: bedsready[i].user_id,\r\n        createdAt: bedsready[i].createdAt,\r\n        updatedAt: bedsready[i].updatedAt,\r\n        user: name,\r\n      });\r\n    }\r\n\r\n    if (list.length === 0) {\r\n      res\r\n        .status(203)\r\n        .json({ status: false, message: \"ไม่มีเตียงที่พร้อมให้บริการ!\" });\r\n    } else {\r\n      res\r\n        .status(200)\r\n        .json({ status: true, message: \"การค้นหาสำเร็จ!\", info: list });\r\n    }\r\n  } catch (err) {\r\n    res.status(404).json({\r\n      status: false,\r\n      message: \"ไม่มีข้อมูลหรือเกิดข้อผิดพลาดกรุณาลงทะเบียนอีกครั้งภายหลัง\",\r\n    });\r\n  }\r\n});\r\n\r\nmodule.exports = router;\r\n","const Bedsdealing = require(\"../models/Bedsdealing\");\r\nconst User = require(\"../models/User\");\r\nconst Beds = require(\"../models/Beds\");\r\nconst router = require(\"express\").Router();\r\nvar mongoose = require(\"mongoose\");\r\nconst dotenv = require(\"dotenv\");\r\ndotenv.config();\r\n\r\n// added\r\nrouter.get(\"/bedsdealing/:id\", async (req, res) => {\r\n  try {\r\n    const dealingall4 = await Bedsdealing.find({ _id: req.params.id });\r\n    const bedsid = await Beds.find();\r\n    const userid = await User.find();\r\n\r\n    let list = [];\r\n    let namell4;\r\n    let bedsinfo;\r\n    for (let y = 0; y < userid.length; y++) {\r\n      if (dealingall4[0].user_id == userid[y]._id + \"\") {\r\n        namell4 = userid[y];\r\n      }\r\n    }\r\n    for (let z = 0; z < bedsid.length; z++) {\r\n      if (dealingall4[0].bed_id == bedsid[z]._id + \"\") {\r\n        bedsinfo = bedsid[z];\r\n      }\r\n    }\r\n\r\n    list.push({\r\n      _id: dealingall4[0]._id,\r\n      bed_id: dealingall4[0].bed_id,\r\n      user_id: dealingall4[0].user_id,\r\n      date:  dealingall4[0].date,\r\n      user: namell4,\r\n      bed: bedsinfo,\r\n    });\r\n\r\n    if (list.length === 0) {\r\n      res.status(203).json({ status: false, message: \"ไม่มีข้อมูล!\" });\r\n    } else {\r\n      res\r\n        .status(200)\r\n        .json({ status: true, message: \"การค้นหาสำเร็จ!\", info: list });\r\n    }\r\n  } catch (err) {}\r\n});\r\n\r\n//added\r\nrouter.get(\"/bedsdealing\", async (req, res) => {\r\n  try {\r\n    const dealingall3 = await Bedsdealing.find();\r\n    const user = await User.find();\r\n    let list = [];\r\n\r\n    for (let i = 0; i < dealingall3.length; i++) {\r\n      let name;\r\n      for (let y = 0; y < user.length; y++) {\r\n        if (dealingall3[i].user_id == user[y]._id + \"\") {\r\n          name = user[y];\r\n        }\r\n      }\r\n      list.push({\r\n        _id: dealingall3[i]._id,\r\n        bed_id: dealingall3[i].bed_id,\r\n        user_id: dealingall3[i].user_id,\r\n        date: dealingall3[i].date,\r\n        user: name,\r\n      });\r\n    }\r\n\r\n    if(list.length === 0){\r\n      res.status(203).json({ status: false, message: \"ไม่มีข้อมูล!\" });\r\n    }else {\r\n      res\r\n        .status(200)\r\n        .json({ status: true, message: \"การค้นหาสำเร็จ!\", info: list });\r\n    }\r\n    \r\n  } catch (err) {}\r\n});\r\n\r\n/// added\r\nrouter.post(\"/bedsdealing\", async (req, res) => {\r\n  try {\r\n    const newdealing = await new Bedsdealing({\r\n      date: new Date(req.body.date),\r\n      bed_id: req.body.bed_id,\r\n      user_id: req.body.user_id,\r\n    });\r\n\r\n    const oldBeds = await Beds.findById(req.body.bed_id);\r\n\r\n    if (oldBeds.amount === 0) {\r\n      res\r\n        .status(201)\r\n        .json({ status: false, message: \"ไม่สามารถจองได้ เนื่องจากเตียงเต็ม\" });\r\n    } else {\r\n      const update_Beds = await Beds.findByIdAndUpdate(\r\n        req.body.bed_id,\r\n        {\r\n          $set: { amount: oldBeds.amount - 1 },\r\n        },\r\n        { new: true }\r\n      );\r\n      const New_dealing = await newdealing.save();\r\n      res.status(200).json({ status: true, message: \"จองสำเร็จ\" });\r\n    }\r\n  } catch (err) {\r\n    res.status(500).json({\r\n      status: false,\r\n      message: \"เกิดข้อผิดพลาดกรุณาลงทะเบียนอีกครั้งภายหลัง\",\r\n    });\r\n  }\r\n});\r\n\r\n//added\r\nrouter.get(\"/bedsdealingbybeds/:id\", async (req, res) => {\r\n  try {\r\n    const dealingbybed = await Bedsdealing.find({ bed_id: req.params.id });\r\n    const userbybed = await User.find();\r\n    let list = [];\r\n\r\n    for (let i = 0; i < dealingbybed.length; i++) {\r\n      let name;\r\n      for (let y = 0; y < userbybed.length; y++) {\r\n        if (dealingbybed[i].user_id == userbybed[y]._id + \"\") {\r\n          name = userbybed[y];\r\n        }\r\n      }\r\n      list.push({\r\n        _id: dealingbybed[i]._id,\r\n        bed_id: dealingbybed[i].bed_id,\r\n        user_id: dealingbybed[i].user_id,\r\n        date: dealingbybed[i].date,\r\n        user: name,\r\n      });\r\n    }\r\n\r\n    if (list.length === 0) {\r\n      res.status(203).json({ status: false, message: \"ไม่มีข้อมูล!\" });\r\n    } else {\r\n      res.status(203).json({\r\n        status: true,\r\n        message: \"การค้นหาสำเร็จ!\",\r\n        info: list,\r\n      });\r\n    }\r\n  } catch (err) {\r\n    res.status(500).json({\r\n      status: false,\r\n      message: \"เกิดข้อผิดพลาดกรุณาลงทะเบียนอีกครั้งภายหลัง\",\r\n    });\r\n  }\r\n});\r\n\r\n// added\r\nrouter.get(\"/bedsdealingbyusers/:id\", async (req, res) => {\r\n  try {\r\n    const dealingbyuser = await Bedsdealing.find({ user_id: req.params.id });\r\n    const userbyuser = await User.find();\r\n    let list = [];\r\n\r\n    for (let i = 0; i < dealingbyuser.length; i++) {\r\n      let name;\r\n      for (let y = 0; y < userbyuser.length; y++) {\r\n        if (dealingbyuser[i].user_id == userbyuser[y]._id + \"\") {\r\n          name = userbyuser[y];\r\n        }\r\n      }\r\n      list.push({\r\n        _id: dealingbyuser[i]._id,\r\n        bed_id: dealingbyuser[i].bed_id,\r\n        user_id: dealingbyuser[i].user_id,\r\n        date: dealingbyuser[i].date,\r\n        user: name,\r\n      });\r\n    }\r\n\r\n    if (list.length === 0) {\r\n      res.status(203).json({ status: false, message: \"ไม่มีข้อมูล!\" });\r\n    } else {\r\n      res.status(203).json({\r\n        status: true,\r\n        message: \"การค้นหาสำเร็จ!\",\r\n        info: list,\r\n      });\r\n    }\r\n  } catch (err) {\r\n    res.status(500).json({\r\n      status: false,\r\n      message: \"เกิดข้อผิดพลาดกรุณาลงทะเบียนอีกครั้งภายหลัง\",\r\n    });\r\n  }\r\n});\r\n\r\nmodule.exports = router;\r\n","module.exports = require(\"cors\");"],"sourceRoot":""},"_coverageSchema":"1a1c01bbd47fc00a2c39e90264f33305004495a9","hash":"2c689a12ecf1c45e9fb2917a0c1b7c9137d9afdd","contentHash":"53bcb4e33ae4f2a3886bb55cd00774a50955a27eae2f22ec7c13a99e1e3ec6e5"}}